$ /Users/sakana/code/personal/kancolle/kancolle-item-improvement-spider/.venv/bin/python3 script/project/python_runner.py script/project/test.py before
$ /Users/sakana/code/personal/kancolle/kancolle-item-improvement-spider/.venv/bin/python3 -m unittest tests.test_config_guard tests.test_directory_governance tests.test_external_tooling_boundary tests.test_main_boundary tests.test_main_beta_release tests.test_npm_beta tests.test_path_contract_governance tests.test_public_data_package_docs tests.test_public_candidate_check tests.test_public_content_audit tests.test_release_transaction tests.test_public_automation_bundle tests.test_operator_stop tools/wikiwiki-crawler/tests/test_crawler.py tests.test_generated_state tests.test_project_commands tests.test_flow_command tests.test_python_environment tests.test_text_normalization tests.test_quality_profile_boundaries tests.test_script_convergence tests.test_command_support tests.test_source_phase tests.test_smoke_flow_command tests.test_run_flow_command tests.test_kcwiki_nonblocking tests.test_improvement_assistant_reverse tests.test_wikiwiki_flow_command tests.test_wikiwiki_crawler -v
test_committed_default_configs_are_allowed (tests.test_config_guard.ConfigGovernanceTest.test_committed_default_configs_are_allowed) ... ok
test_configs_readme_is_required_but_not_json_contract (tests.test_config_guard.ConfigGovernanceTest.test_configs_readme_is_required_but_not_json_contract) ... ok
test_non_template_config_rejects_local_absolute_paths (tests.test_config_guard.ConfigGovernanceTest.test_non_template_config_rejects_local_absolute_paths) ... ok
test_non_template_config_rejects_placeholders (tests.test_config_guard.ConfigGovernanceTest.test_non_template_config_rejects_placeholders) ... ok
test_private_config_is_rejected_even_under_configs (tests.test_config_guard.ConfigGovernanceTest.test_private_config_is_rejected_even_under_configs) ... ok
test_tool_config_example_must_move_to_configs_default (tests.test_config_guard.ConfigGovernanceTest.test_tool_config_example_must_move_to_configs_default) ... ok
test_tracked_generated_data_json_is_not_treated_as_config_placeholder (tests.test_config_guard.ConfigGovernanceTest.test_tracked_generated_data_json_is_not_treated_as_config_placeholder) ... ok
test_cleanup_rejects_symlink (tests.test_directory_governance.DirectoryGovernanceTest.test_cleanup_rejects_symlink) ... ok
test_cleanup_removes_only_retired_local_roots (tests.test_directory_governance.DirectoryGovernanceTest.test_cleanup_removes_only_retired_local_roots) ... ok
test_current_project_has_no_retired_roots (tests.test_directory_governance.DirectoryGovernanceTest.test_current_project_has_no_retired_roots) ... ok
test_path_module_import_has_no_directory_side_effects (tests.test_directory_governance.DirectoryGovernanceTest.test_path_module_import_has_no_directory_side_effects) ... ok
test_verify_allows_cache_only_moved_code_directory (tests.test_directory_governance.DirectoryGovernanceTest.test_verify_allows_cache_only_moved_code_directory) ... ok
test_verify_allows_transient_empty_retired_project_directory (tests.test_directory_governance.DirectoryGovernanceTest.test_verify_allows_transient_empty_retired_project_directory) ... ok
test_verify_rejects_retired_roots (tests.test_directory_governance.DirectoryGovernanceTest.test_verify_rejects_retired_roots) ... ok
test_verify_rejects_source_in_moved_code_directory (tests.test_directory_governance.DirectoryGovernanceTest.test_verify_rejects_source_in_moved_code_directory) ... ok
test_dev_flow_command_is_only_a_local_wrapper (tests.test_external_tooling_boundary.ExternalToolingBoundaryTest.test_dev_flow_command_is_only_a_local_wrapper) ... ok
test_local_acquisition_state_is_preserved_and_ignored (tests.test_external_tooling_boundary.ExternalToolingBoundaryTest.test_local_acquisition_state_is_preserved_and_ignored) ... ok
test_public_automation_has_no_dev_tool_dependency (tests.test_external_tooling_boundary.ExternalToolingBoundaryTest.test_public_automation_has_no_dev_tool_dependency) ... ok
test_wikiwiki_crawler_is_public_acquisition_automation (tests.test_external_tooling_boundary.ExternalToolingBoundaryTest.test_wikiwiki_crawler_is_public_acquisition_automation) ... ok
test_beta_snapshot_replaces_entire_remote_tree_with_shared_public_snapshot (tests.test_main_boundary.MainBoundaryTest.test_beta_snapshot_replaces_entire_remote_tree_with_shared_public_snapshot) ... ok
test_declaration_is_categorized_and_public_boundary_closes (tests.test_main_boundary.MainBoundaryTest.test_declaration_is_categorized_and_public_boundary_closes) ... ok
test_review_delta_classifies_only_deletions_of_retired_public_paths (tests.test_main_boundary.MainBoundaryTest.test_review_delta_classifies_only_deletions_of_retired_public_paths) ... ok
test_review_delta_is_categorized_for_ai (tests.test_main_boundary.MainBoundaryTest.test_review_delta_is_categorized_for_ai) ... ok
test_review_delta_rejects_reintroduced_retired_public_path (tests.test_main_boundary.MainBoundaryTest.test_review_delta_rejects_reintroduced_retired_public_path) ... ok
test_workflow_cannot_depend_on_dev_flow (tests.test_main_boundary.MainBoundaryTest.test_workflow_cannot_depend_on_dev_flow) ... ok
test_prepare_beta_pushes_exact_shared_public_snapshot_and_does_not_touch_main (tests.test_main_beta_release.MainBetaReleaseTest.test_prepare_beta_pushes_exact_shared_public_snapshot_and_does_not_touch_main) ... ok
test_prepare_rejects_non_prerelease_version (tests.test_npm_beta.TemporaryNpmBetaTest.test_prepare_rejects_non_prerelease_version) ... ok
test_prepare_uses_isolated_dist_staging_and_preserves_source (tests.test_npm_beta.TemporaryNpmBetaTest.test_prepare_uses_isolated_dist_staging_and_preserves_source) ... 
> @sakura2333/kancolle-data@0.5.2-beta.0 check
> node -e "const p=require('./package.json');const m=require('./manifest.json');if(p.version!==m.packageVersion)process.exit(2)"


> @sakura2333/kancolle-data@0.5.2-beta.0 check:fresh
> node -e "const m=require('./manifest.json');if(m.datasets.improvement.status!=='ok')process.exit(3)"

ok
test_publish_requires_explicit_confirmation_before_preparing (tests.test_npm_beta.TemporaryNpmBetaTest.test_publish_requires_explicit_confirmation_before_preparing) ... ok
test_absolute_path_text_is_not_an_equality_contract (tests.test_path_contract_governance.PathContractGovernanceTest.test_absolute_path_text_is_not_an_equality_contract) ... ok
test_host_temporary_path_spelling_is_not_embedded_in_python_contracts (tests.test_path_contract_governance.PathContractGovernanceTest.test_host_temporary_path_spelling_is_not_embedded_in_python_contracts) ... ok
test_project_relative_identity_ignores_symlinked_host_root (tests.test_path_contract_governance.PathContractGovernanceTest.test_project_relative_identity_ignores_symlinked_host_root) ... ok
test_project_relative_identity_rejects_escape (tests.test_path_contract_governance.PathContractGovernanceTest.test_project_relative_identity_rejects_escape) ... ok
test_architecture_and_release_notes_use_the_same_three_stage_contract (tests.test_public_data_package_docs.PublicDataPackageDocumentationTest.test_architecture_and_release_notes_use_the_same_three_stage_contract) ... ok
test_lifecycle_and_beta_builder_share_unified_npm_output_root (tests.test_public_data_package_docs.PublicDataPackageDocumentationTest.test_lifecycle_and_beta_builder_share_unified_npm_output_root) ... ok
test_root_readme_distinguishes_template_candidate_and_artifact (tests.test_public_data_package_docs.PublicDataPackageDocumentationTest.test_root_readme_distinguishes_template_candidate_and_artifact) ... ok
test_schema_document_uses_generated_package_paths (tests.test_public_data_package_docs.PublicDataPackageDocumentationTest.test_schema_document_uses_generated_package_paths) ... ok
test_accepts_exact_public_managed_set (tests.test_public_candidate_check.PublicCandidateCheckTest.test_accepts_exact_public_managed_set) ... ok
test_boundary_receives_manifest_projection_without_git_metadata (tests.test_public_candidate_check.PublicCandidateCheckTest.test_boundary_receives_manifest_projection_without_git_metadata) ... ok
test_rejects_internal_path_in_manifest (tests.test_public_candidate_check.PublicCandidateCheckTest.test_rejects_internal_path_in_manifest) ... ok
test_rejects_unmanifested_file_but_not_worktree_metadata (tests.test_public_candidate_check.PublicCandidateCheckTest.test_rejects_unmanifested_file_but_not_worktree_metadata) ... ok
test_worktree_git_pointer_is_metadata_not_public_content (tests.test_public_candidate_check.PublicCandidateCheckTest.test_worktree_git_pointer_is_metadata_not_public_content) ... ok
test_current_declared_public_files_do_not_expose_private_entrypoints (tests.test_public_content_audit.PublicContentAuditTest.test_current_declared_public_files_do_not_expose_private_entrypoints) ... ok
test_exception_occurrence_count_is_exact (tests.test_public_content_audit.PublicContentAuditTest.test_exception_occurrence_count_is_exact) ... ok
test_public_gitignore_matches_documented_local_and_private_paths (tests.test_public_content_audit.PublicContentAuditTest.test_public_gitignore_matches_documented_local_and_private_paths) ... ok
test_public_gitignore_orders_controlled_defensive_and_ambient_rules (tests.test_public_content_audit.PublicContentAuditTest.test_public_gitignore_orders_controlled_defensive_and_ambient_rules) ... ok
test_public_paths_exclude_local_config_by_project_registry (tests.test_public_content_audit.PublicContentAuditTest.test_public_paths_exclude_local_config_by_project_registry) ... ok
test_rejects_internal_control_plane_reference (tests.test_public_content_audit.PublicContentAuditTest.test_rejects_internal_control_plane_reference) ... ok
test_rejects_missing_public_markdown_path (tests.test_public_content_audit.PublicContentAuditTest.test_rejects_missing_public_markdown_path) ... ok
test_rejects_missing_python_module_entrypoint (tests.test_public_content_audit.PublicContentAuditTest.test_rejects_missing_python_module_entrypoint) ... ok
test_review_token_requires_exact_registered_exception (tests.test_public_content_audit.PublicContentAuditTest.test_review_token_requires_exact_registered_exception) ... ok
test_unknown_top_level_with_authoritative_file_is_rejected (tests.test_public_content_audit.PublicContentAuditTest.test_unknown_top_level_with_authoritative_file_is_rejected) ... ok
test_unknown_top_level_with_only_machine_state_is_ignored (tests.test_public_content_audit.PublicContentAuditTest.test_unknown_top_level_with_only_machine_state_is_ignored) ... ok
test_beta_and_stable_review_channels_do_not_overwrite_each_other (tests.test_release_transaction.ReleaseTransactionTest.test_beta_and_stable_review_channels_do_not_overwrite_each_other) ... ok
test_candidate_freeze_is_one_way_and_workspace_is_removed (tests.test_release_transaction.ReleaseTransactionTest.test_candidate_freeze_is_one_way_and_workspace_is_removed) ... ok
test_candidate_records_exclude_worktree_git_metadata (tests.test_release_transaction.ReleaseTransactionTest.test_candidate_records_exclude_worktree_git_metadata) ... ok
test_review_bundle_is_fixed_projection_not_sanitized_internal_receipt (tests.test_release_transaction.ReleaseTransactionTest.test_review_bundle_is_fixed_projection_not_sanitized_internal_receipt) ... ok
test_acquire_prefetches_kcquests_as_a_required_build_input (tests.test_public_automation_bundle.PublicAutomationBundleTest.test_acquire_prefetches_kcquests_as_a_required_build_input) ... ok
test_non_publish_candidate_is_bound_to_source_manifest_and_commit (tests.test_public_automation_bundle.PublicAutomationBundleTest.test_non_publish_candidate_is_bound_to_source_manifest_and_commit) ... ok
test_ready_lock_cache_closure_covers_every_fixed_strict_build_input (tests.test_public_automation_bundle.PublicAutomationBundleTest.test_ready_lock_cache_closure_covers_every_fixed_strict_build_input) ... ok
test_ready_lock_cache_closure_rejects_fallback_metadata (tests.test_public_automation_bundle.PublicAutomationBundleTest.test_ready_lock_cache_closure_rejects_fallback_metadata) ... ok
test_source_bundle_manifest_rejects_tampering (tests.test_public_automation_bundle.PublicAutomationBundleTest.test_source_bundle_manifest_rejects_tampering) ... ok
test_source_bundle_ready_lock_binds_manifest_and_rejects_extra_authority (tests.test_public_automation_bundle.PublicAutomationBundleTest.test_source_bundle_ready_lock_binds_manifest_and_rejects_extra_authority) ... ok
test_verified_source_bundle_restores_process_audit_state (tests.test_public_automation_bundle.PublicAutomationBundleTest.test_verified_source_bundle_restores_process_audit_state) ... ok
test_forced_color_and_stop_summaries_are_printed (tests.test_operator_stop.OperatorStopTest.test_forced_color_and_stop_summaries_are_printed) ... ok
test_success_cleanup_removes_stale_stop_files (tests.test_operator_stop.OperatorStopTest.test_success_cleanup_removes_stale_stop_files) ... ok
test_writes_deduplicated_primary_and_all_stop_files (tests.test_operator_stop.OperatorStopTest.test_writes_deduplicated_primary_and_all_stop_files) ... ok
test_catalog_all_writes_three_index_receipt (tools.wikiwiki-crawler.tests.test_crawler.WikiWikiCrawlerToolTest.test_catalog_all_writes_three_index_receipt) ... ok
