$ /Users/sakana/code/personal/kancolle/kancolle-item-improvement-spider/.venv/bin/python3 script/project/python_runner.py script/project/akashi_command.py full --skip-start2
[32m2026-07-15 12:19:30,379 [INFO] [util.http_cache.transport] [CACHE UPDATED] https://akashi-list.me/ -> akashi-list.me/index.html (200)[0m
Traceback (most recent call last):
  File "/Users/sakana/code/personal/kancolle/kancolle-item-improvement-spider/script/project/akashi_command.py", line 188, in <module>
    raise SystemExit(main())
                     ~~~~^^
  File "/Users/sakana/code/personal/kancolle/kancolle-item-improvement-spider/script/project/akashi_command.py", line 166, in main
    vo_list, metadata = _collect_akashi(daily_limit)
                        ~~~~~~~~~~~~~~~^^^^^^^^^^^^^
  File "/Users/sakana/code/personal/kancolle/kancolle-item-improvement-spider/script/project/akashi_command.py", line 87, in _collect_akashi
    detail_page = fetch(url)
  File "/Users/sakana/code/personal/kancolle/kancolle-item-improvement-spider/util/http_cache/client.py", line 28, in fetch
    response = transport.request_with_cache_headers(url, old_meta, settings.TEXT_REQUEST_TIMEOUT_SECONDS)
  File "/Users/sakana/code/personal/kancolle/kancolle-item-improvement-spider/util/http_cache/transport.py", line 53, in request_with_cache_headers
    response = requests.get(url, headers=request_headers, timeout=timeout)
  File "/Users/sakana/code/personal/kancolle/kancolle-item-improvement-spider/.venv/lib/python3.14/site-packages/requests/api.py", line 73, in get
    return request("get", url, params=params, **kwargs)
  File "/Users/sakana/code/personal/kancolle/kancolle-item-improvement-spider/.venv/lib/python3.14/site-packages/requests/api.py", line 59, in request
    return session.request(method=method, url=url, **kwargs)
           ~~~~~~~~~~~~~~~^^^^^^^^^^^^^^^^^^^^^^^^^^^^^^^^^^
  File "/Users/sakana/code/personal/kancolle/kancolle-item-improvement-spider/.venv/lib/python3.14/site-packages/requests/sessions.py", line 589, in request
    resp = self.send(prep, **send_kwargs)
  File "/Users/sakana/code/personal/kancolle/kancolle-item-improvement-spider/.venv/lib/python3.14/site-packages/requests/sessions.py", line 703, in send
    r = adapter.send(request, **kwargs)
  File "/Users/sakana/code/personal/kancolle/kancolle-item-improvement-spider/.venv/lib/python3.14/site-packages/requests/adapters.py", line 644, in send
    resp = conn.urlopen(
        method=request.method,
    ...<9 lines>...
        chunked=chunked,
    )
  File "/Users/sakana/code/personal/kancolle/kancolle-item-improvement-spider/.venv/lib/python3.14/site-packages/urllib3/connectionpool.py", line 788, in urlopen
    response = self._make_request(
        conn,
    ...<10 lines>...
        **response_kw,
    )
  File "/Users/sakana/code/personal/kancolle/kancolle-item-improvement-spider/.venv/lib/python3.14/site-packages/urllib3/connectionpool.py", line 464, in _make_request
    self._validate_conn(conn)
    ~~~~~~~~~~~~~~~~~~~^^^^^^
  File "/Users/sakana/code/personal/kancolle/kancolle-item-improvement-spider/.venv/lib/python3.14/site-packages/urllib3/connectionpool.py", line 1106, in _validate_conn
    conn.connect()
    ~~~~~~~~~~~~^^
  File "/Users/sakana/code/personal/kancolle/kancolle-item-improvement-spider/.venv/lib/python3.14/site-packages/urllib3/connection.py", line 796, in connect
    sock_and_verified = _ssl_wrap_socket_and_match_hostname(
        sock=sock,
    ...<14 lines>...
        assert_fingerprint=self.assert_fingerprint,
    )
  File "/Users/sakana/code/personal/kancolle/kancolle-item-improvement-spider/.venv/lib/python3.14/site-packages/urllib3/connection.py", line 975, in _ssl_wrap_socket_and_match_hostname
    ssl_sock = ssl_wrap_socket(
        sock=sock,
    ...<8 lines>...
        tls_in_tls=tls_in_tls,
    )
  File "/Users/sakana/code/personal/kancolle/kancolle-item-improvement-spider/.venv/lib/python3.14/site-packages/urllib3/util/ssl_.py", line 433, in ssl_wrap_socket
    ssl_sock = _ssl_wrap_socket_impl(sock, context, tls_in_tls, server_hostname)
  File "/Users/sakana/code/personal/kancolle/kancolle-item-improvement-spider/.venv/lib/python3.14/site-packages/urllib3/util/ssl_.py", line 477, in _ssl_wrap_socket_impl
    return ssl_context.wrap_socket(sock, server_hostname=server_hostname)
           ~~~~~~~~~~~~~~~~~~~~~~~^^^^^^^^^^^^^^^^^^^^^^^^^^^^^^^^^^^^^^^
  File "/Users/sakana/.local/share/mise/installs/python/3.14.6/lib/python3.14/ssl.py", line 457, in wrap_socket
    return self.sslsocket_class._create(
           ~~~~~~~~~~~~~~~~~~~~~~~~~~~~^
        sock=sock,
        ^^^^^^^^^^
    ...<5 lines>...
        session=session
        ^^^^^^^^^^^^^^^
    )
    ^
  File "/Users/sakana/.local/share/mise/installs/python/3.14.6/lib/python3.14/ssl.py", line 1088, in _create
    self.do_handshake()
    ~~~~~~~~~~~~~~~~~^^
  File "/Users/sakana/.local/share/mise/installs/python/3.14.6/lib/python3.14/ssl.py", line 1384, in do_handshake
    self._sslobj.do_handshake()
    ~~~~~~~~~~~~~~~~~~~~~~~~~^^
KeyboardInterrupt
