$ /Users/sakana/code/personal/kancolle/kancolle-item-improvement-spider/.venv/bin/python3 script/project/python_runner.py script/project/test.py all
$ /Users/sakana/code/personal/kancolle/kancolle-item-improvement-spider/.venv/bin/python3 -m unittest discover -s tests -p 'test*.py' -v
test_detail_page_primary_equipment_image_is_downloaded (test_akashi_image_downloads.AkashiImageDownloadTest.test_detail_page_primary_equipment_image_is_downloaded) ... ok
test_equipment_260_image_uses_equipment_asset_namespace (test_akashi_image_downloads.AkashiImageDownloadTest.test_equipment_260_image_uses_equipment_asset_namespace) ... ok
test_small_equipment_recipe_icon_is_not_saved (test_akashi_image_downloads.AkashiImageDownloadTest.test_small_equipment_recipe_icon_is_not_saved) ... ok
test_useitem_image_uses_picture_downloader (test_akashi_image_downloads.AkashiImageDownloadTest.test_useitem_image_uses_picture_downloader) ... ok
test_architecture_references_real_boundaries (test_architecture_docs.ArchitectureDocumentationTest.test_architecture_references_real_boundaries) ... ok
test_four_layers_and_dependency_direction_are_explicit (test_architecture_docs.ArchitectureDocumentationTest.test_four_layers_and_dependency_direction_are_explicit) ... ok
test_old_nine_layer_control_plane_docs_are_removed (test_architecture_docs.ArchitectureDocumentationTest.test_old_nine_layer_control_plane_docs_are_removed) ... ok
test_collection_completion_marker_is_process_local_and_resettable (test_cache.CacheFreshnessTest.test_collection_completion_marker_is_process_local_and_resettable) ... ok
test_download_pic_uses_30_day_cache_ttl (test_cache.CacheFreshnessTest.test_download_pic_uses_30_day_cache_ttl) ... ok
test_exhausted_transient_retries_raise_without_cache_fallback (test_cache.CacheFreshnessTest.test_exhausted_transient_retries_raise_without_cache_fallback) ... [33m2026-07-12 22:51:05,013 [WARNING] [util.http_cache.transport] [FETCH RETRY] https://example.test/data.json attempt=1/4 delay=1.00s reason=SSLError: temporary eof[0m
[33m2026-07-12 22:51:05,015 [WARNING] [util.http_cache.transport] [FETCH RETRY] https://example.test/data.json attempt=2/4 delay=2.00s reason=SSLError: temporary eof[0m
[33m2026-07-12 22:51:05,015 [WARNING] [util.http_cache.transport] [FETCH RETRY] https://example.test/data.json attempt=3/4 delay=4.00s reason=SSLError: temporary eof[0m
ok
test_json_url_keeps_json_extension (test_cache.CacheFreshnessTest.test_json_url_keeps_json_extension) ... ok
test_non_strict_fetch_can_fall_back (test_cache.CacheFreshnessTest.test_non_strict_fetch_can_fall_back) ... [31m2026-07-12 22:51:05,020 [ERROR] [util.http_cache.client] [FETCH FAILED][CACHE FALLBACK] https://example.test/data.json: offline[0m
ok
test_retryable_http_status_is_retried (test_cache.CacheFreshnessTest.test_retryable_http_status_is_retried) ... [33m2026-07-12 22:51:05,021 [WARNING] [util.http_cache.transport] [FETCH RETRY] https://example.test/data.json attempt=1/4 delay=2.00s reason=HTTPError: HTTP 503[0m
ok
test_strict_304_revalidates_expired_cached_content (test_cache.CacheFreshnessTest.test_strict_304_revalidates_expired_cached_content) ... [32m2026-07-12 22:51:05,023 [INFO] [util.http_cache.transport] [CACHE META UPDATED] https://example.test/data.json -> example.test/data.json (304)[0m
ok
test_strict_download_pic_reuses_cache_within_30_days_without_network (test_cache.CacheFreshnessTest.test_strict_download_pic_reuses_cache_within_30_days_without_network) ... ok
test_strict_fetch_rejects_cache_fallback_after_ttl_expires (test_cache.CacheFreshnessTest.test_strict_fetch_rejects_cache_fallback_after_ttl_expires) ... ok
test_strict_fetch_reuses_cache_within_48_hours_without_network (test_cache.CacheFreshnessTest.test_strict_fetch_reuses_cache_within_48_hours_without_network) ... ok
test_strict_fetch_revalidates_once_48_hour_ttl_expires (test_cache.CacheFreshnessTest.test_strict_fetch_revalidates_once_48_hour_ttl_expires) ... [32m2026-07-12 22:51:05,028 [INFO] [util.http_cache.transport] [CACHE META UPDATED] https://example.test/data.json -> example.test/data.json (304)[0m
ok
test_text_cache_ttl_is_48_hours (test_cache.CacheFreshnessTest.test_text_cache_ttl_is_48_hours) ... ok
test_transient_ssl_error_is_retried_and_then_succeeds (test_cache.CacheFreshnessTest.test_transient_ssl_error_is_retried_and_then_succeeds) ... [33m2026-07-12 22:51:05,035 [WARNING] [util.http_cache.transport] [FETCH RETRY] https://example.test/data.json attempt=1/4 delay=1.00s reason=SSLError: temporary eof[0m
ok
test_run_logged_does_not_pollute_json_stdout (test_command_support.CommandSupportTest.test_run_logged_does_not_pollute_json_stdout) ... ok
test_run_logged_failure_reports_log_tail (test_command_support.CommandSupportTest.test_run_logged_failure_reports_log_tail) ... ok
test_run_logged_prints_log_path_and_streams_output_to_stderr (test_command_support.CommandSupportTest.test_run_logged_prints_log_path_and_streams_output_to_stderr) ... ok
test_committed_default_configs_are_allowed (test_config_guard.ConfigGovernanceTest.test_committed_default_configs_are_allowed) ... ok
test_configs_readme_is_required_but_not_json_contract (test_config_guard.ConfigGovernanceTest.test_configs_readme_is_required_but_not_json_contract) ... ok
test_non_template_config_rejects_local_absolute_paths (test_config_guard.ConfigGovernanceTest.test_non_template_config_rejects_local_absolute_paths) ... ok
test_non_template_config_rejects_placeholders (test_config_guard.ConfigGovernanceTest.test_non_template_config_rejects_placeholders) ... ok
test_private_config_is_rejected_even_under_configs (test_config_guard.ConfigGovernanceTest.test_private_config_is_rejected_even_under_configs) ... ok
test_tool_config_example_must_move_to_configs_default (test_config_guard.ConfigGovernanceTest.test_tool_config_example_must_move_to_configs_default) ... ok
test_tracked_generated_data_json_is_not_treated_as_config_placeholder (test_config_guard.ConfigGovernanceTest.test_tracked_generated_data_json_is_not_treated_as_config_placeholder) ... ok
test_builder_uses_the_manifest_package_version_reader (test_data_package.DataPackageBuilderContractTest.test_builder_uses_the_manifest_package_version_reader) ... ok
test_refresh_manifest_excludes_internal_compatibility_staging (test_data_package.DataPackageManifestBuilderTest.test_refresh_manifest_excludes_internal_compatibility_staging) ... [fileutils] 写入 JSON 文件: /var/folders/ml/2y6lms5d0gn1m0d0wq4bb36c0000gn/T/tmpwahj2yfo/manifest.json (mode=w)
ok
test_asset_cleanup_removes_legacy_directory_aliases (test_data_package.DataPackageParserTest.test_asset_cleanup_removes_legacy_directory_aliases) ... ok
test_cached_equipment_images_are_promoted_to_stable_assets (test_data_package.DataPackageParserTest.test_cached_equipment_images_are_promoted_to_stable_assets) ... ok
test_cached_icons_are_promoted_to_stable_assets (test_data_package.DataPackageParserTest.test_cached_icons_are_promoted_to_stable_assets) ... ok
test_drop_from_initial_and_remodel (test_data_package.DataPackageParserTest.test_drop_from_initial_and_remodel) ... ok
test_drop_from_resolves_human_accepted_kcwiki_equipment_aliases (test_data_package.DataPackageParserTest.test_drop_from_resolves_human_accepted_kcwiki_equipment_aliases) ... ok
test_kcwiki_projection_reuses_unchanged_input_hashes (test_data_package.DataPackageParserTest.test_kcwiki_projection_reuses_unchanged_input_hashes) ... [32m2026-07-12 22:51:05,353 [INFO] [service.data_package.source_collection] [semantic aliases] validated=6/6 against Start2[0m
[32m2026-07-12 22:51:05,354 [INFO] [service.data_package.source_collection] [data source] kcwiki-data: status=ok, relations=1, issues=0, incremental=reuse-unchanged-inputs, semanticAliases=0[0m
[32m2026-07-12 22:51:05,355 [INFO] [service.data_package.source_collection] [data source] kcwikizh-kcquests: status=ok, quests=1[0m
[fileutils] 写入 JSON 文件: /var/folders/ml/2y6lms5d0gn1m0d0wq4bb36c0000gn/T/tmp93yx40zq/kc3-slotitem-bonus/dataset-metadata.json (mode=w)
ok
test_source_status_requires_current_run_validation (test_data_package.DataPackageParserTest.test_source_status_requires_current_run_validation) ... ok
test_special_bonus_normalizes_range_bonus (test_data_package.DataPackageParserTest.test_special_bonus_normalizes_range_bonus) ... ok
test_special_bonus_preserves_complex_conditions (test_data_package.DataPackageParserTest.test_special_bonus_preserves_complex_conditions) ... ok
test_special_bonus_preserves_equipment_type_targets (test_data_package.DataPackageParserTest.test_special_bonus_preserves_equipment_type_targets) ... ok
test_strict_improvement_source_requires_current_run_validation (test_data_package.DataPackageParserTest.test_strict_improvement_source_requires_current_run_validation) ... ok
test_strict_kcwiki_raw_fetch_failure_is_non_blocking (test_data_package.DataPackageParserTest.test_strict_kcwiki_raw_fetch_failure_is_non_blocking) ... [32m2026-07-12 22:51:05,359 [INFO] [service.data_package.source_collection] [semantic aliases] validated=6/6 against Start2[0m
[32m2026-07-12 22:51:05,360 [INFO] [service.data_package.source_collection] [data source] kcwikizh-kcquests: status=ok, quests=1[0m
[fileutils] 写入 JSON 文件: /var/folders/ml/2y6lms5d0gn1m0d0wq4bb36c0000gn/T/tmpn2xsjs97/kc3-slotitem-bonus/dataset-metadata.json (mode=w)
ok
test_strict_optional_dataset_collection_rejects_unresolved_mappings (test_data_package.DataPackageParserTest.test_strict_optional_dataset_collection_rejects_unresolved_mappings) ... [32m2026-07-12 22:51:05,361 [INFO] [service.data_package.source_collection] [semantic aliases] validated=6/6 against Start2[0m
[fileutils] 写入 JSON 文件: /var/folders/ml/2y6lms5d0gn1m0d0wq4bb36c0000gn/T/tmpej0jueag/kcwiki-data/dataset-metadata.json (mode=w)
[31m2026-07-12 22:51:05,363 [ERROR] [service.data_package.source_collection] [data package] equipment drop-from collection failed: KcWiki 来源存在 1 个无法自动确认的映射问题。[0m
ok
test_non_strict_build_uses_existing_projections (test_data_package_cli.DataPackageCliTest.test_non_strict_build_uses_existing_projections) ... ok
test_strict_build_runs_full_spider_instead_of_repackaging (test_data_package_cli.DataPackageCliTest.test_strict_build_runs_full_spider_instead_of_repackaging) ... ok
test_finalize_release_is_idempotent (test_data_package_release_notes.DataPackageReleaseNotesTest.test_finalize_release_is_idempotent) ... ok
test_rejects_invalid_version (test_data_package_release_notes.DataPackageReleaseNotesTest.test_rejects_invalid_version) ... ok
test_set_version_updates_package_and_manifest (test_data_package_release_notes.DataPackageReleaseNotesTest.test_set_version_updates_package_and_manifest) ... ok
test_manual_bump_uses_highest_known_version (test_data_package_versioning.DataPackageVersioningTest.test_manual_bump_uses_highest_known_version) ... ok
test_manual_none_requires_a_new_repository_version (test_data_package_versioning.DataPackageVersioningTest.test_manual_none_requires_a_new_repository_version) ... ok
test_normalizes_registry_versions_and_ignores_prereleases (test_data_package_versioning.DataPackageVersioningTest.test_normalizes_registry_versions_and_ignores_prereleases) ... ok
test_scheduled_release_bumps_registry_head_when_repository_lags (test_data_package_versioning.DataPackageVersioningTest.test_scheduled_release_bumps_registry_head_when_repository_lags) ... ok
test_scheduled_release_skips_unchanged_published_data (test_data_package_versioning.DataPackageVersioningTest.test_scheduled_release_skips_unchanged_published_data) ... ok
test_scheduled_release_uses_unpublished_repository_version (test_data_package_versioning.DataPackageVersioningTest.test_scheduled_release_uses_unpublished_repository_version) ... ok
test_cache_fallback_fetch_audit_is_rejected (test_data_quality_gate.DataQualityGateTest.test_cache_fallback_fetch_audit_is_rejected) ... ok
test_inspection_detects_consumer_data_changes (test_data_quality_gate.DataQualityGateTest.test_inspection_detects_consumer_data_changes) ... ok
test_missing_referenced_useitem_icon_is_rejected (test_data_quality_gate.DataQualityGateTest.test_missing_referenced_useitem_icon_is_rejected) ... ok
test_relative_drop_is_rejected (test_data_quality_gate.DataQualityGateTest.test_relative_drop_is_rejected) ... ok
test_stale_canonical_improvement_dataset_is_rejected (test_data_quality_gate.DataQualityGateTest.test_stale_canonical_improvement_dataset_is_rejected) ... ok
test_stale_external_dataset_is_rejected (test_data_quality_gate.DataQualityGateTest.test_stale_external_dataset_is_rejected) ... ok
test_unsupported_special_bonus_field_is_rejected (test_data_quality_gate.DataQualityGateTest.test_unsupported_special_bonus_field_is_rejected) ... ok
test_cleanup_rejects_symlink (test_directory_governance.DirectoryGovernanceTest.test_cleanup_rejects_symlink) ... ok
test_cleanup_removes_only_retired_local_roots (test_directory_governance.DirectoryGovernanceTest.test_cleanup_removes_only_retired_local_roots) ... ok
test_current_project_has_no_retired_roots (test_directory_governance.DirectoryGovernanceTest.test_current_project_has_no_retired_roots) ... ok
test_path_module_import_has_no_directory_side_effects (test_directory_governance.DirectoryGovernanceTest.test_path_module_import_has_no_directory_side_effects) ... ok
test_verify_allows_cache_only_moved_code_directory (test_directory_governance.DirectoryGovernanceTest.test_verify_allows_cache_only_moved_code_directory) ... ok
test_verify_allows_transient_empty_retired_project_directory (test_directory_governance.DirectoryGovernanceTest.test_verify_allows_transient_empty_retired_project_directory) ... ok
test_verify_rejects_retired_roots (test_directory_governance.DirectoryGovernanceTest.test_verify_rejects_retired_roots) ... ok
test_verify_rejects_source_in_moved_code_directory (test_directory_governance.DirectoryGovernanceTest.test_verify_rejects_source_in_moved_code_directory) ... ok
test_actual_carrier_page_name_resolves_directly (test_equipment_acquisition.EquipmentAcquisitionTest.test_actual_carrier_page_name_resolves_directly) ... ok
test_ambiguous_ship_explicit_forms_resolve_directly (test_equipment_acquisition.EquipmentAcquisitionTest.test_ambiguous_ship_explicit_forms_resolve_directly) ... ok
test_bare_ambiguous_ship_requires_link_target_cross_validation (test_equipment_acquisition.EquipmentAcquisitionTest.test_bare_ambiguous_ship_requires_link_target_cross_validation) ... ok
test_bare_ambiguous_ship_without_known_link_target_stops (test_equipment_acquisition.EquipmentAcquisitionTest.test_bare_ambiguous_ship_without_known_link_target_stops) ... ok
test_catalog_parser_uses_image_id_and_page_link (test_equipment_acquisition.EquipmentAcquisitionTest.test_catalog_parser_uses_image_id_and_page_link) ... ok
test_classify_method_types_keeps_multi_source_summary (test_equipment_acquisition.EquipmentAcquisitionTest.test_classify_method_types_keeps_multi_source_summary) ... ok
test_custom_acquisition_heading_and_quest_context_are_supported (test_equipment_acquisition.EquipmentAcquisitionTest.test_custom_acquisition_heading_and_quest_context_are_supported) ... ok
test_dated_current_reward_is_not_implicitly_historical (test_equipment_acquisition.EquipmentAcquisitionTest.test_dated_current_reward_is_not_implicitly_historical) ... ok
test_event_reward_table_header_is_dictionary_context (test_equipment_acquisition.EquipmentAcquisitionTest.test_event_reward_table_header_is_dictionary_context) ... ok
test_fallback_discovers_nested_high_signal_list (test_equipment_acquisition.EquipmentAcquisitionTest.test_fallback_discovers_nested_high_signal_list) ... ok
test_full_crawl_exports_all_diagnostic_files (test_equipment_acquisition.EquipmentAcquisitionTest.test_full_crawl_exports_all_diagnostic_files) ... [32m2026-07-12 22:51:05,464 [INFO] [service.data_package.equipment_acquisition_crawl] [equipment acquisition] 1/1 id=3 name=10cm連装高角砲 status=parsed[0m
ok
test_generic_ship_prose_is_not_reported_as_unresolved_reference (test_equipment_acquisition.EquipmentAcquisitionTest.test_generic_ship_prose_is_not_reported_as_unresolved_reference) ... ok
test_generic_update_wording_is_classified_as_improvement (test_equipment_acquisition.EquipmentAcquisitionTest.test_generic_update_wording_is_classified_as_improvement) ... ok
test_id_mismatch_is_reported_and_record_rejected (test_equipment_acquisition.EquipmentAcquisitionTest.test_id_mismatch_is_reported_and_record_rejected) ... ok
test_kcwiki_suffix_disambiguates_duplicate_start2_ship_name (test_equipment_acquisition.EquipmentAcquisitionTest.test_kcwiki_suffix_disambiguates_duplicate_start2_ship_name) ... ok
test_link_target_can_refine_visible_base_ship_name (test_equipment_acquisition.EquipmentAcquisitionTest.test_link_target_can_refine_visible_base_ship_name) ... ok
test_mixed_historical_summary_is_split_from_current_nested_fact (test_equipment_acquisition.EquipmentAcquisitionTest.test_mixed_historical_summary_is_split_from_current_nested_fact) ... ok
test_nested_event_table_inherits_event_context (test_equipment_acquisition.EquipmentAcquisitionTest.test_nested_event_table_inherits_event_context) ... ok
test_nested_quotes_match_full_canonical_quest_name (test_equipment_acquisition.EquipmentAcquisitionTest.test_nested_quotes_match_full_canonical_quest_name) ... ok
test_offline_raw_parse_persists_all_operator_stops (test_equipment_acquisition.EquipmentAcquisitionTest.test_offline_raw_parse_persists_all_operator_stops) ... [32m2026-07-12 22:51:05,528 [INFO] [service.data_package.equipment_acquisition_raw_parse] [equipment acquisition offline] 1/1 id=567 name=Sea Gladiator status=parsed[0m
[32m2026-07-12 22:51:05,528 [INFO] [service.data_package.equipment_acquisition_raw_parse] [equipment acquisition offline] page parsing complete; records=1 issues=1 referenceIssues=1[0m
[32m2026-07-12 22:51:05,528 [INFO] [service.data_package.equipment_acquisition_raw_parse] [equipment acquisition offline] building metadata and output datasets[0m
[32m2026-07-12 22:51:05,529 [INFO] [service.data_package.equipment_acquisition_raw_parse] [equipment acquisition offline] writing acquisition records, diagnostics, and metadata[0m
[32m2026-07-12 22:51:05,532 [INFO] [service.data_package.equipment_acquisition_raw_parse] [equipment acquisition offline] output write complete; operatorStops=1[0m
[31m2026-07-12 22:51:05,532 [ERROR] [service.data_package.equipment_acquisition_raw_parse] [equipment acquisition offline] strict operator-stop gate rejected the dataset; stopReason=ship-reference-ambiguous; operatorStops=1; diagnostics=/var/folders/ml/2y6lms5d0gn1m0d0wq4bb36c0000gn/T/tmpxjb4pnko/output/operator-stops.nedb[0m
ok
test_offline_raw_parse_uses_shared_cache_without_network (test_equipment_acquisition.EquipmentAcquisitionTest.test_offline_raw_parse_uses_shared_cache_without_network) ... [32m2026-07-12 22:51:05,574 [INFO] [service.data_package.equipment_acquisition_raw_parse] [equipment acquisition offline] 1/1 id=3 name=10cm連装高角砲 status=parsed[0m
[32m2026-07-12 22:51:05,574 [INFO] [service.data_package.equipment_acquisition_raw_parse] [equipment acquisition offline] page parsing complete; records=1 issues=0 referenceIssues=0[0m
[32m2026-07-12 22:51:05,574 [INFO] [service.data_package.equipment_acquisition_raw_parse] [equipment acquisition offline] building metadata and output datasets[0m
[32m2026-07-12 22:51:05,575 [INFO] [service.data_package.equipment_acquisition_raw_parse] [equipment acquisition offline] writing acquisition records, diagnostics, and metadata[0m
[32m2026-07-12 22:51:05,577 [INFO] [service.data_package.equipment_acquisition_raw_parse] [equipment acquisition offline] output write complete; operatorStops=0[0m
[32m2026-07-12 22:51:05,577 [INFO] [service.data_package.equipment_acquisition_raw_parse] [equipment acquisition offline] strict reference gate passed[0m
ok
test_page_id_matches_when_japanese_text_is_adjacent (test_equipment_acquisition.EquipmentAcquisitionTest.test_page_id_matches_when_japanese_text_is_adjacent) ... ok
test_page_name_candidates_support_wikiwiki_full_width_plus (test_equipment_acquisition.EquipmentAcquisitionTest.test_page_name_candidates_support_wikiwiki_full_width_plus) ... ok
test_page_without_acquisition_section_uses_low_confidence_fallback (test_equipment_acquisition.EquipmentAcquisitionTest.test_page_without_acquisition_section_uses_low_confidence_fallback) ... ok
test_parse_current_and_historical_sources_separately (test_equipment_acquisition.EquipmentAcquisitionTest.test_parse_current_and_historical_sources_separately) ... ok
test_parse_development_and_ship_table_sources (test_equipment_acquisition.EquipmentAcquisitionTest.test_parse_development_and_ship_table_sources) ... ok
test_quest_reference_requires_complete_exact_name (test_equipment_acquisition.EquipmentAcquisitionTest.test_quest_reference_requires_complete_exact_name) ... ok
test_quest_reward_link_is_high_confidence_context (test_equipment_acquisition.EquipmentAcquisitionTest.test_quest_reward_link_is_high_confidence_context) ... ok
test_reference_diagnostics_report_resolved_and_unresolved_link_conflicts (test_equipment_acquisition.EquipmentAcquisitionTest.test_reference_diagnostics_report_resolved_and_unresolved_link_conflicts) ... ok
test_ship_and_quest_references_resolve_to_stable_ids (test_equipment_acquisition.EquipmentAcquisitionTest.test_ship_and_quest_references_resolve_to_stable_ids) ... ok
test_ship_reference_catalog_excludes_non_player_start2_records (test_equipment_acquisition.EquipmentAcquisitionTest.test_ship_reference_catalog_excludes_non_player_start2_records) ... ok
test_souya_unqualified_link_target_is_special_purpose_form (test_equipment_acquisition.EquipmentAcquisitionTest.test_souya_unqualified_link_target_is_special_purpose_form) ... ok
test_summary_table_exact_improvement_value_is_acquisition (test_equipment_acquisition.EquipmentAcquisitionTest.test_summary_table_exact_improvement_value_is_acquisition) ... ok
test_summary_table_fallback_does_not_capture_unrelated_prose (test_equipment_acquisition.EquipmentAcquisitionTest.test_summary_table_fallback_does_not_capture_unrelated_prose) ... ok
test_unrelated_link_target_conflict_still_stops (test_equipment_acquisition.EquipmentAcquisitionTest.test_unrelated_link_target_conflict_still_stops) ... ok
test_audited_fallback_false_positive_is_ignored_exactly (test_equipment_acquisition_replacements.EquipmentAcquisitionReplacementTest.test_audited_fallback_false_positive_is_ignored_exactly) ... ok
test_classification_literal_is_exact_phrase_replacement (test_equipment_acquisition_replacements.EquipmentAcquisitionReplacementTest.test_classification_literal_is_exact_phrase_replacement) ... ok
test_context_prefix_dictionary_is_explicit (test_equipment_acquisition_replacements.EquipmentAcquisitionReplacementTest.test_context_prefix_dictionary_is_explicit) ... ok
test_event_alias_blacklist_only_changes_classification_view (test_equipment_acquisition_replacements.EquipmentAcquisitionReplacementTest.test_event_alias_blacklist_only_changes_classification_view) ... ok
test_exact_ignore_and_historical_markers (test_equipment_acquisition_replacements.EquipmentAcquisitionReplacementTest.test_exact_ignore_and_historical_markers) ... ok
test_heading_exception_is_equipment_scoped (test_equipment_acquisition_replacements.EquipmentAcquisitionReplacementTest.test_heading_exception_is_equipment_scoped) ... ok
test_literal_classification_does_not_rewrite_raw_evidence (test_equipment_acquisition_replacements.EquipmentAcquisitionReplacementTest.test_literal_classification_does_not_rewrite_raw_evidence) ... ok
test_named_event_alias_blacklist_is_classification_only (test_equipment_acquisition_replacements.EquipmentAcquisitionReplacementTest.test_named_event_alias_blacklist_is_classification_only) ... ok
test_clean_public_checkout_reuses_validated_snapshot_without_raw_cache (test_equipment_acquisition_snapshot.EquipmentAcquisitionSnapshotTest.test_clean_public_checkout_reuses_validated_snapshot_without_raw_cache) ... [32m2026-07-12 22:51:05,621 [INFO] [service.data_package.equipment_acquisition_snapshot] [equipment acquisition] raw cache is not published; reusing validated public acquisition snapshot; records=1 generatedAt=2026-07-06T00:00:00+00:00[0m
ok
test_corrupt_snapshot_is_not_hidden_by_missing_snapshot_fallback (test_equipment_acquisition_snapshot.EquipmentAcquisitionSnapshotTest.test_corrupt_snapshot_is_not_hidden_by_missing_snapshot_fallback) ... ok
test_invalid_snapshot_ndjson_fails (test_equipment_acquisition_snapshot.EquipmentAcquisitionSnapshotTest.test_invalid_snapshot_ndjson_fails) ... ok
test_local_acquisition_raw_cache_is_rebuilt_before_snapshot_is_consumed (test_equipment_acquisition_snapshot.EquipmentAcquisitionSnapshotTest.test_local_acquisition_raw_cache_is_rebuilt_before_snapshot_is_consumed) ... [32m2026-07-12 22:51:05,632 [INFO] [service.data_package.equipment_acquisition_snapshot] [equipment acquisition] rebuilt from local raw cache and validated; records=1[0m
ok
test_missing_raw_cache_and_missing_snapshot_fails_by_default (test_equipment_acquisition_snapshot.EquipmentAcquisitionSnapshotTest.test_missing_raw_cache_and_missing_snapshot_fails_by_default) ... ok
test_missing_snapshot_can_be_ordered_as_source_unavailable_placeholder (test_equipment_acquisition_snapshot.EquipmentAcquisitionSnapshotTest.test_missing_snapshot_can_be_ordered_as_source_unavailable_placeholder) ... [33m2026-07-12 22:51:05,637 [WARNING] [service.data_package.equipment_acquisition_snapshot] [equipment acquisition] no local raw cache and no public acquisition snapshot are available; writing source-unavailable placeholder; quest-based equipment source evidence is omitted[0m
ok
test_ordinary_http_cache_metadata_does_not_replace_public_snapshot (test_equipment_acquisition_snapshot.EquipmentAcquisitionSnapshotTest.test_ordinary_http_cache_metadata_does_not_replace_public_snapshot) ... [32m2026-07-12 22:51:05,640 [INFO] [service.data_package.equipment_acquisition_snapshot] [equipment acquisition] raw cache is not published; reusing validated public acquisition snapshot; records=1 generatedAt=2026-07-06T00:00:00+00:00[0m
ok
test_snapshot_count_mismatch_fails (test_equipment_acquisition_snapshot.EquipmentAcquisitionSnapshotTest.test_snapshot_count_mismatch_fails) ... ok
test_zero_record_snapshot_fails (test_equipment_acquisition_snapshot.EquipmentAcquisitionSnapshotTest.test_zero_record_snapshot_fails) ... ok
test_incremental_bundle_does_not_rewrite_projection_when_unchanged (test_equipment_sources.EquipmentSourcesTest.test_incremental_bundle_does_not_rewrite_projection_when_unchanged) ... ok
test_kcwiki_ship_id_is_never_inferred_from_name (test_equipment_sources.EquipmentSourcesTest.test_kcwiki_ship_id_is_never_inferred_from_name) ... ok
test_kcwiki_ship_id_name_conflict_is_rejected (test_equipment_sources.EquipmentSourcesTest.test_kcwiki_ship_id_name_conflict_is_rejected) ... ok
test_projection_combines_ship_upgrade_and_quest_sources (test_equipment_sources.EquipmentSourcesTest.test_projection_combines_ship_upgrade_and_quest_sources) ... ok
test_dev_flow_command_is_only_a_local_wrapper (test_external_tooling_boundary.ExternalToolingBoundaryTest.test_dev_flow_command_is_only_a_local_wrapper) ... ok
test_local_acquisition_state_is_preserved_and_ignored (test_external_tooling_boundary.ExternalToolingBoundaryTest.test_local_acquisition_state_is_preserved_and_ignored) ... ok
test_public_automation_has_no_dev_tool_dependency (test_external_tooling_boundary.ExternalToolingBoundaryTest.test_public_automation_has_no_dev_tool_dependency) ... ok
test_wikiwiki_crawler_is_public_acquisition_automation (test_external_tooling_boundary.ExternalToolingBoundaryTest.test_wikiwiki_crawler_is_public_acquisition_automation) ... ok
test_baseline_file_is_excluded_from_content_hash (test_flow_baseline.FlowBaselineTest.test_baseline_file_is_excluded_from_content_hash) ... ok
test_receipt_must_bind_content_and_lock_hash (test_flow_baseline.FlowBaselineTest.test_receipt_must_bind_content_and_lock_hash) ... ok
test_capabilities_match_public_contract (test_flow_command.FlowCommandTest.test_capabilities_match_public_contract) ... ok
test_default_flow_is_active_navigator_not_large_menu (test_flow_command.FlowCommandTest.test_default_flow_is_active_navigator_not_large_menu) ... ok
test_help_only_exposes_public_commands_and_project_tool_boundary (test_flow_command.FlowCommandTest.test_help_only_exposes_public_commands_and_project_tool_boundary) ... ok
test_human_output_has_fixed_sections (test_flow_command.FlowCommandTest.test_human_output_has_fixed_sections) ... ok
test_machine_status_is_single_contract_json_document (test_flow_command.FlowCommandTest.test_machine_status_is_single_contract_json_document) ... ok
test_non_interactive_remote_write_requires_one_confirmation (test_flow_command.FlowCommandTest.test_non_interactive_remote_write_requires_one_confirmation) ... ok
test_status_accepts_download_root_only_local_config (test_flow_command.FlowCommandTest.test_status_accepts_download_root_only_local_config) ... ok
test_apply_no_changes_creates_no_backup (test_generated_state.GeneratedStateTest.test_apply_no_changes_creates_no_backup) ... ok
test_artifact_is_deterministic_and_receipt_is_verified (test_generated_state.GeneratedStateTest.test_artifact_is_deterministic_and_receipt_is_verified) ... ok
test_artifact_receipt_detects_archive_replacement (test_generated_state.GeneratedStateTest.test_artifact_receipt_detects_archive_replacement) ... ok
test_artifact_rejects_path_traversal (test_generated_state.GeneratedStateTest.test_artifact_rejects_path_traversal) ... ok
test_config_rejects_forbidden_baseline_path (test_generated_state.GeneratedStateTest.test_config_rejects_forbidden_baseline_path) ... ok
test_export_rejects_project_ancestor_as_output (test_generated_state.GeneratedStateTest.test_export_rejects_project_ancestor_as_output) ... ok
test_export_verify_and_detect_tampering (test_generated_state.GeneratedStateTest.test_export_verify_and_detect_tampering) ... ok
test_sync_is_explicit_and_recoverable (test_generated_state.GeneratedStateTest.test_sync_is_explicit_and_recoverable) ... ok
test_acquire_and_build_use_daily_offset_schedules_and_global_source_lock (test_github_action_pipeline.GithubActionPipelineTest.test_acquire_and_build_use_daily_offset_schedules_and_global_source_lock) ... ok
test_acquire_only_outputs_a_source_bundle (test_github_action_pipeline.GithubActionPipelineTest.test_acquire_only_outputs_a_source_bundle) ... ok
test_all_workflows_use_python_314_and_locked_uv (test_github_action_pipeline.GithubActionPipelineTest.test_all_workflows_use_python_314_and_locked_uv) ... ok
test_artifact_uploads_preserve_hidden_runtime_state (test_github_action_pipeline.GithubActionPipelineTest.test_artifact_uploads_preserve_hidden_runtime_state) ... ok
test_build_and_manual_release_share_one_publication_lock (test_github_action_pipeline.GithubActionPipelineTest.test_build_and_manual_release_share_one_publication_lock) ... ok
test_build_consumes_source_freezes_candidate_and_publishes_automatically (test_github_action_pipeline.GithubActionPipelineTest.test_build_consumes_source_freezes_candidate_and_publishes_automatically) ... ok
test_build_rejects_untrusted_requested_source_runs_and_guards_reconciliation (test_github_action_pipeline.GithubActionPipelineTest.test_build_rejects_untrusted_requested_source_runs_and_guards_reconciliation) ... ok
test_new_consumer_digest_can_continue_to_version_planning (test_github_action_pipeline.GithubActionPipelineTest.test_new_consumer_digest_can_continue_to_version_planning) ... ok
test_pipeline_is_split_into_acquire_build_and_recovery_release (test_github_action_pipeline.GithubActionPipelineTest.test_pipeline_is_split_into_acquire_build_and_recovery_release) ... ok
test_public_workflows_do_not_depend_on_dev_flow (test_github_action_pipeline.GithubActionPipelineTest.test_public_workflows_do_not_depend_on_dev_flow) ... ok
test_registry_head_consumer_digest_is_read_before_version_planning (test_github_action_pipeline.GithubActionPipelineTest.test_registry_head_consumer_digest_is_read_before_version_planning) ... ok
test_registry_without_online_requires_explicit_recovery (test_github_action_pipeline.GithubActionPipelineTest.test_registry_without_online_requires_explicit_recovery) ... ok
test_release_only_consumes_frozen_candidate_for_recovery (test_github_action_pipeline.GithubActionPipelineTest.test_release_only_consumes_frozen_candidate_for_recovery) ... ok
test_same_consumer_digest_cannot_allocate_another_patch_version (test_github_action_pipeline.GithubActionPipelineTest.test_same_consumer_digest_cannot_allocate_another_patch_version) ... ok
test_flow_content_update_writes_tracked_baseline_state (test_gpt_update_workflow.FlowContentUpdateTransactionTest.test_flow_content_update_writes_tracked_baseline_state) ... ok
test_automatic_update_restarts_flow_after_each_package (test_gpt_update_workflow.UpdateTransactionTest.test_automatic_update_restarts_flow_after_each_package) ... ok
test_failed_staging_leaves_real_project_unchanged (test_gpt_update_workflow.UpdateTransactionTest.test_failed_staging_leaves_real_project_unchanged) ... ok
test_failure_after_commit_restores_head_files_and_retry_package (test_gpt_update_workflow.UpdateTransactionTest.test_failure_after_commit_restores_head_files_and_retry_package) ... ok
test_migration_rollback_restores_original_commit_and_local_state (test_gpt_update_workflow.UpdateTransactionTest.test_migration_rollback_restores_original_commit_and_local_state) ... ok
test_next_version_discovery_only_opens_canonical_n_plus_one (test_gpt_update_workflow.UpdateTransactionTest.test_next_version_discovery_only_opens_canonical_n_plus_one) ... ok
test_protected_local_paths_are_rejected (test_gpt_update_workflow.UpdateTransactionTest.test_protected_local_paths_are_rejected) ... ok
test_reapplying_same_version_target_identity_is_idempotent (test_gpt_update_workflow.UpdateTransactionTest.test_reapplying_same_version_target_identity_is_idempotent) ... ok
test_rollback_does_not_execute_candidate_verifier (test_gpt_update_workflow.UpdateTransactionTest.test_rollback_does_not_execute_candidate_verifier) ... ok
test_rollback_ignores_current_protected_generated_changes (test_gpt_update_workflow.UpdateTransactionTest.test_rollback_ignores_current_protected_generated_changes) ... ok
test_semver_selection_handles_double_digit_and_prerelease_order (test_gpt_update_workflow.UpdateTransactionTest.test_semver_selection_handles_double_digit_and_prerelease_order) ... ok
test_shared_download_root_uses_sidecar_project_not_directory (test_gpt_update_workflow.UpdateTransactionTest.test_shared_download_root_uses_sidecar_project_not_directory) ... ok
test_staged_protected_state_is_unstaged_and_not_committed (test_gpt_update_workflow.UpdateTransactionTest.test_staged_protected_state_is_unstaged_and_not_committed) ... ok
test_successful_update_can_be_rolled_back_and_reapplied (test_gpt_update_workflow.UpdateTransactionTest.test_successful_update_can_be_rolled_back_and_reapplied) ... ok
test_successful_update_creates_commit_and_leaves_code_clean (test_gpt_update_workflow.UpdateTransactionTest.test_successful_update_creates_commit_and_leaves_code_clean) ... ok
test_update_with_deleted_file_stages_idempotently (test_gpt_update_workflow.UpdateTransactionTest.test_update_with_deleted_file_stages_idempotently) ... ok
test_verified_uncommitted_base_is_committed_with_next_update (test_gpt_update_workflow.UpdateTransactionTest.test_verified_uncommitted_base_is_committed_with_next_update) ... ok
test_builds_day_ship_reverse_index_and_flags_over_threshold (test_improvement_assistant_reverse.ImprovementAssistantReverseIndexTest.test_builds_day_ship_reverse_index_and_flags_over_threshold) ... ok
test_writes_json_and_markdown_reports (test_improvement_assistant_reverse.ImprovementAssistantReverseIndexTest.test_writes_json_and_markdown_reports) ... ok
test_nedb_writer_preserves_record_order_and_reports_metrics (test_improvement_compat.Improvement2CompatibilityProjectionTest.test_nedb_writer_preserves_record_order_and_reports_metrics) ... ok
test_vo_projects_only_the_frozen_schema_3_fields (test_improvement_compat.Improvement2CompatibilityProjectionTest.test_vo_projects_only_the_frozen_schema_3_fields) ... ok
test_vo_round_trip_is_deterministic (test_improvement_compat.Improvement2CompatibilityProjectionTest.test_vo_round_trip_is_deterministic) ... ok
test_missing_effect_table_is_explicit (test_improvement_expectation.ImprovementExpectationTest.test_missing_effect_table_is_explicit) ... ok
test_route_steps_expand_each_level_and_max_upgrade (test_improvement_expectation.ImprovementExpectationTest.test_route_steps_expand_each_level_and_max_upgrade) ... ok
test_route_without_conversion_still_has_max_slot (test_improvement_expectation.ImprovementExpectationTest.test_route_without_conversion_still_has_max_slot) ... ok
test_rowspan_conditional_effects_keep_level_alignment (test_improvement_expectation.ImprovementExpectationTest.test_rowspan_conditional_effects_keep_level_alignment) ... ok
test_single_effect_table_expands_zero_through_max (test_improvement_expectation.ImprovementExpectationTest.test_single_effect_table_expands_zero_through_max) ... ok
test_akashi_process_logs_kcwiki_prefetch_failures_without_stopping (test_kcwiki_nonblocking.KcWikiRawNonBlockingTest.test_akashi_process_logs_kcwiki_prefetch_failures_without_stopping) ... ok
test_strict_source_validation_does_not_fail_on_unavailable_kcwiki_raw (test_kcwiki_nonblocking.KcWikiRawNonBlockingTest.test_strict_source_validation_does_not_fail_on_unavailable_kcwiki_raw) ... [32m2026-07-12 22:51:19,818 [INFO] [service.source_validation.runner] [semantic aliases] validated=0/0 against Start2[0m
[32m2026-07-12 22:51:19,820 [INFO] [service.source_validation.runner] [source history] skipped for diagnostic-only comparison[0m
[32m2026-07-12 22:51:19,820 [INFO] [service.source_validation.runner] [source reliability] akashi-list=1.0000/baseline[0m
ok
test_conflict_stops_without_deleting_legacy_state (test_local_runtime_migration.LocalRuntimeMigrationTest.test_conflict_stops_without_deleting_legacy_state) ... ok
test_known_akashi_legacy_conflict_is_archived_without_overwriting_public_state (test_local_runtime_migration.LocalRuntimeMigrationTest.test_known_akashi_legacy_conflict_is_archived_without_overwriting_public_state) ... ok
test_moves_complete_legacy_tree_without_touching_flow_config (test_local_runtime_migration.LocalRuntimeMigrationTest.test_moves_complete_legacy_tree_without_touching_flow_config) ... ok
test_runtime_writers_do_not_target_flow_local_namespace (test_local_runtime_migration.LocalRuntimeMigrationTest.test_runtime_writers_do_not_target_flow_local_namespace) ... ok
test_prepare_beta_pushes_exact_shared_public_snapshot_and_does_not_touch_main (test_main_beta_release.MainBetaReleaseTest.test_prepare_beta_pushes_exact_shared_public_snapshot_and_does_not_touch_main) ... ok
test_beta_snapshot_replaces_entire_remote_tree_with_shared_public_snapshot (test_main_boundary.MainBoundaryTest.test_beta_snapshot_replaces_entire_remote_tree_with_shared_public_snapshot) ... ok
test_declaration_is_categorized_and_public_boundary_closes (test_main_boundary.MainBoundaryTest.test_declaration_is_categorized_and_public_boundary_closes) ... ok
test_review_delta_classifies_only_deletions_of_retired_public_paths (test_main_boundary.MainBoundaryTest.test_review_delta_classifies_only_deletions_of_retired_public_paths) ... ok
test_review_delta_is_categorized_for_ai (test_main_boundary.MainBoundaryTest.test_review_delta_is_categorized_for_ai) ... ok
test_review_delta_rejects_reintroduced_retired_public_path (test_main_boundary.MainBoundaryTest.test_review_delta_rejects_reintroduced_retired_public_path) ... ok
test_workflow_cannot_depend_on_dev_flow (test_main_boundary.MainBoundaryTest.test_workflow_cannot_depend_on_dev_flow) ... ok
test_open_gate_is_bound_to_exact_reviewed_identity (test_main_release_gate.MainReleaseGateTest.test_open_gate_is_bound_to_exact_reviewed_identity) ... ok
test_stale_and_close_are_explicit_state_transitions (test_main_release_gate.MainReleaseGateTest.test_stale_and_close_are_explicit_state_transitions) ... ok
test_prepare_rejects_non_prerelease_version (test_npm_beta.TemporaryNpmBetaTest.test_prepare_rejects_non_prerelease_version) ... ok
test_prepare_uses_isolated_dist_staging_and_preserves_source (test_npm_beta.TemporaryNpmBetaTest.test_prepare_uses_isolated_dist_staging_and_preserves_source) ... 
> @sakura2333/kancolle-data@0.5.2-beta.0 check
> node -e "const p=require('./package.json');const m=require('./manifest.json');if(p.version!==m.packageVersion)process.exit(2)"


> @sakura2333/kancolle-data@0.5.2-beta.0 check:fresh
> node -e "const m=require('./manifest.json');if(m.datasets.improvement.status!=='ok')process.exit(3)"

ok
test_publish_requires_explicit_confirmation_before_preparing (test_npm_beta.TemporaryNpmBetaTest.test_publish_requires_explicit_confirmation_before_preparing) ... ok
test_existing_different_tarball_is_hard_conflict (test_npm_publish.NpmPublishReconciliationTest.test_existing_different_tarball_is_hard_conflict) ... ok
test_existing_same_tarball_can_reconcile_missing_tag (test_npm_publish.NpmPublishReconciliationTest.test_existing_same_tarball_can_reconcile_missing_tag) ... ok
test_existing_same_tarball_is_idempotent_success (test_npm_publish.NpmPublishReconciliationTest.test_existing_same_tarball_is_idempotent_success) ... ok
test_publish_then_confirm_same_tarball_and_tag (test_npm_publish.NpmPublishReconciliationTest.test_publish_then_confirm_same_tarball_and_tag) ... ok
test_query_only_does_not_publish (test_npm_publish.NpmPublishReconciliationTest.test_query_only_does_not_publish) ... ok
test_timeout_after_registry_acceptance_is_reconciled (test_npm_publish.NpmPublishReconciliationTest.test_timeout_after_registry_acceptance_is_reconciled) ... ok
test_improvement2_version_is_deterministic_and_unique (test_npm_release_set.NpmReleaseSetTest.test_improvement2_version_is_deterministic_and_unique) ... ok
test_stable_release_set_builds_current_and_legacy_default_paths (test_npm_release_set.NpmReleaseSetTest.test_stable_release_set_builds_current_and_legacy_default_paths) ... skipped 'npm release-set integration requires generated package datasets'
test_forced_color_and_stop_summaries_are_printed (test_operator_stop.OperatorStopTest.test_forced_color_and_stop_summaries_are_printed) ... ok
test_success_cleanup_removes_stale_stop_files (test_operator_stop.OperatorStopTest.test_success_cleanup_removes_stale_stop_files) ... ok
test_writes_deduplicated_primary_and_all_stop_files (test_operator_stop.OperatorStopTest.test_writes_deduplicated_primary_and_all_stop_files) ... ok
test_absolute_path_text_is_not_an_equality_contract (test_path_contract_governance.PathContractGovernanceTest.test_absolute_path_text_is_not_an_equality_contract) ... ok
test_host_temporary_path_spelling_is_not_embedded_in_python_contracts (test_path_contract_governance.PathContractGovernanceTest.test_host_temporary_path_spelling_is_not_embedded_in_python_contracts) ... ok
test_project_relative_identity_ignores_symlinked_host_root (test_path_contract_governance.PathContractGovernanceTest.test_project_relative_identity_ignores_symlinked_host_root) ... ok
test_project_relative_identity_rejects_escape (test_path_contract_governance.PathContractGovernanceTest.test_project_relative_identity_rejects_escape) ... ok
test_bound_contract_is_exact_and_immutable (test_project_commands.ProjectCommandContractTest.test_bound_contract_is_exact_and_immutable) ... ok
test_code_candidate_check_allows_generated_manifest_version_lag (test_project_commands.ProjectCommandContractTest.test_code_candidate_check_allows_generated_manifest_version_lag) ... ok
test_human_interface_and_side_effects_are_fixed (test_project_commands.ProjectCommandContractTest.test_human_interface_and_side_effects_are_fixed) ... ok
test_only_three_public_capabilities_are_enabled (test_project_commands.ProjectCommandContractTest.test_only_three_public_capabilities_are_enabled) ... ok
test_project_check_accepts_single_control_plane (test_project_commands.ProjectCommandContractTest.test_project_check_accepts_single_control_plane) ... $ /Users/sakana/code/personal/kancolle/kancolle-item-improvement-spider/.venv/bin/python3 -m compileall -q automation configs service util script
[完成] 项目 before 检查通过
$ /Users/sakana/code/personal/kancolle/kancolle-item-improvement-spider/.venv/bin/python3 -m compileall -q automation configs service util script
[完成] 项目 before 检查通过
ok
test_classification_and_update_protection_share_one_source (test_project_ownership.ProjectOwnershipTest.test_classification_and_update_protection_share_one_source) ... ok
test_generated_changes_do_not_change_code_identity (test_project_ownership.ProjectOwnershipTest.test_generated_changes_do_not_change_code_identity) ... ok
test_project_code_change_changes_identity (test_project_ownership.ProjectOwnershipTest.test_project_code_change_changes_identity) ... ok
test_rename_reports_both_old_and_new_paths (test_project_ownership.ProjectOwnershipTest.test_rename_reports_both_old_and_new_paths) ... ok
test_acquire_prefetches_kcquests_as_a_required_build_input (test_public_automation_bundle.PublicAutomationBundleTest.test_acquire_prefetches_kcquests_as_a_required_build_input) ... ok
test_non_publish_candidate_is_bound_to_source_manifest_and_commit (test_public_automation_bundle.PublicAutomationBundleTest.test_non_publish_candidate_is_bound_to_source_manifest_and_commit) ... ok
test_ready_lock_cache_closure_covers_every_fixed_strict_build_input (test_public_automation_bundle.PublicAutomationBundleTest.test_ready_lock_cache_closure_covers_every_fixed_strict_build_input) ... ok
test_ready_lock_cache_closure_rejects_fallback_metadata (test_public_automation_bundle.PublicAutomationBundleTest.test_ready_lock_cache_closure_rejects_fallback_metadata) ... ok
test_source_bundle_manifest_rejects_tampering (test_public_automation_bundle.PublicAutomationBundleTest.test_source_bundle_manifest_rejects_tampering) ... ok
test_source_bundle_ready_lock_binds_manifest_and_rejects_extra_authority (test_public_automation_bundle.PublicAutomationBundleTest.test_source_bundle_ready_lock_binds_manifest_and_rejects_extra_authority) ... ok
test_verified_source_bundle_restores_process_audit_state (test_public_automation_bundle.PublicAutomationBundleTest.test_verified_source_bundle_restores_process_audit_state) ... ok
test_accepts_exact_public_managed_set (test_public_candidate_check.PublicCandidateCheckTest.test_accepts_exact_public_managed_set) ... ok
test_boundary_receives_manifest_projection_without_git_metadata (test_public_candidate_check.PublicCandidateCheckTest.test_boundary_receives_manifest_projection_without_git_metadata) ... ok
test_rejects_internal_path_in_manifest (test_public_candidate_check.PublicCandidateCheckTest.test_rejects_internal_path_in_manifest) ... ok
test_rejects_unmanifested_file_but_not_worktree_metadata (test_public_candidate_check.PublicCandidateCheckTest.test_rejects_unmanifested_file_but_not_worktree_metadata) ... ok
test_worktree_git_pointer_is_metadata_not_public_content (test_public_candidate_check.PublicCandidateCheckTest.test_worktree_git_pointer_is_metadata_not_public_content) ... ok
test_current_declared_public_files_do_not_expose_private_entrypoints (test_public_content_audit.PublicContentAuditTest.test_current_declared_public_files_do_not_expose_private_entrypoints) ... ok
test_exception_occurrence_count_is_exact (test_public_content_audit.PublicContentAuditTest.test_exception_occurrence_count_is_exact) ... ok
test_public_gitignore_matches_documented_local_and_private_paths (test_public_content_audit.PublicContentAuditTest.test_public_gitignore_matches_documented_local_and_private_paths) ... ok
test_public_gitignore_orders_controlled_defensive_and_ambient_rules (test_public_content_audit.PublicContentAuditTest.test_public_gitignore_orders_controlled_defensive_and_ambient_rules) ... ok
test_public_paths_exclude_local_config_by_project_registry (test_public_content_audit.PublicContentAuditTest.test_public_paths_exclude_local_config_by_project_registry) ... ok
test_rejects_internal_control_plane_reference (test_public_content_audit.PublicContentAuditTest.test_rejects_internal_control_plane_reference) ... ok
test_rejects_missing_public_markdown_path (test_public_content_audit.PublicContentAuditTest.test_rejects_missing_public_markdown_path) ... ok
test_rejects_missing_python_module_entrypoint (test_public_content_audit.PublicContentAuditTest.test_rejects_missing_python_module_entrypoint) ... ok
test_review_token_requires_exact_registered_exception (test_public_content_audit.PublicContentAuditTest.test_review_token_requires_exact_registered_exception) ... ok
test_unknown_top_level_with_authoritative_file_is_rejected (test_public_content_audit.PublicContentAuditTest.test_unknown_top_level_with_authoritative_file_is_rejected) ... ok
test_unknown_top_level_with_only_machine_state_is_ignored (test_public_content_audit.PublicContentAuditTest.test_unknown_top_level_with_only_machine_state_is_ignored) ... ok
test_architecture_and_release_notes_use_the_same_three_stage_contract (test_public_data_package_docs.PublicDataPackageDocumentationTest.test_architecture_and_release_notes_use_the_same_three_stage_contract) ... ok
test_lifecycle_and_beta_builder_share_unified_npm_output_root (test_public_data_package_docs.PublicDataPackageDocumentationTest.test_lifecycle_and_beta_builder_share_unified_npm_output_root) ... ok
test_root_readme_distinguishes_template_candidate_and_artifact (test_public_data_package_docs.PublicDataPackageDocumentationTest.test_root_readme_distinguishes_template_candidate_and_artifact) ... ok
test_schema_document_uses_generated_package_paths (test_public_data_package_docs.PublicDataPackageDocumentationTest.test_schema_document_uses_generated_package_paths) ... ok
test_already_staged_deletion_is_idempotent (test_push_command.PushCommandStagingTest.test_already_staged_deletion_is_idempotent) ... ok
test_existing_file_is_staged_normally (test_push_command.PushCommandStagingTest.test_existing_file_is_staged_normally) ... ok
test_dependency_mismatch_is_not_reported_as_code_failure (test_python_environment.PythonEnvironmentContractTest.test_dependency_mismatch_is_not_reported_as_code_failure) ... ok
test_flow_check_stops_before_quality_when_environment_is_missing (test_python_environment.PythonEnvironmentContractTest.test_flow_check_stops_before_quality_when_environment_is_missing) ... ok
test_mise_python_314_and_locked_uv_environment_is_ready (test_python_environment.PythonEnvironmentContractTest.test_mise_python_314_and_locked_uv_environment_is_ready) ... ok
test_missing_mise_has_single_install_action (test_python_environment.PythonEnvironmentContractTest.test_missing_mise_has_single_install_action) ... ok
test_missing_project_contract_is_reported_before_execution (test_python_environment.PythonEnvironmentContractTest.test_missing_project_contract_is_reported_before_execution) ... ok
test_uv_version_mismatch_is_rejected (test_python_environment.PythonEnvironmentContractTest.test_uv_version_mismatch_is_rejected) ... ok
test_uv_version_parser_accepts_platform_suffix (test_python_environment.PythonEnvironmentContractTest.test_uv_version_parser_accepts_platform_suffix) ... ok
test_quality_command_accepts_internal_release_profile (test_quality_profile_boundaries.QualityProfileBoundaryTest.test_quality_command_accepts_internal_release_profile) ... ok
test_release_policy_file_is_not_part_of_default_test_discovery (test_quality_profile_boundaries.QualityProfileBoundaryTest.test_release_policy_file_is_not_part_of_default_test_discovery) ... ok
test_runtime_keeps_release_checks_out_of_public_profiles (test_quality_profile_boundaries.QualityProfileBoundaryTest.test_runtime_keeps_release_checks_out_of_public_profiles) ... ok
test_stable_preview_rejects_failed_release_policy (test_quality_profile_boundaries.QualityProfileBoundaryTest.test_stable_preview_rejects_failed_release_policy) ... ok
test_stable_preview_runs_release_policy_profile (test_quality_profile_boundaries.QualityProfileBoundaryTest.test_stable_preview_runs_release_policy_profile) ... ok
test_failed_verification_does_not_leave_partial_output (test_recovery_package.RecoveryPackageTest.test_failed_verification_does_not_leave_partial_output) ... ok
test_generated_state_is_private_and_untracked_generated_files_are_included (test_recovery_package.RecoveryPackageTest.test_generated_state_is_private_and_untracked_generated_files_are_included) ... ok
test_old_file_timestamp_is_normalized_for_zip (test_recovery_package.RecoveryPackageTest.test_old_file_timestamp_is_normalized_for_zip) ... ok
test_package_contains_tracked_files_bundle_manifest_handoff_and_sidecar (test_recovery_package.RecoveryPackageTest.test_package_contains_tracked_files_bundle_manifest_handoff_and_sidecar) ... ok
test_internal_aggregate_includes_structured_quality_and_data_evidence (test_release_summary.ReleaseSummaryTest.test_internal_aggregate_includes_structured_quality_and_data_evidence) ... ok
test_internal_report_aggregates_all_declared_change_sources (test_release_summary.ReleaseSummaryTest.test_internal_report_aggregates_all_declared_change_sources) ... ok
test_summary_builder_is_project_owned (test_release_summary.ReleaseSummaryTest.test_summary_builder_is_project_owned) ... ok
test_summary_is_deterministic_and_public_only (test_release_summary.ReleaseSummaryTest.test_summary_is_deterministic_and_public_only) ... ok
test_beta_and_stable_review_channels_do_not_overwrite_each_other (test_release_transaction.ReleaseTransactionTest.test_beta_and_stable_review_channels_do_not_overwrite_each_other) ... ok
test_candidate_freeze_is_one_way_and_workspace_is_removed (test_release_transaction.ReleaseTransactionTest.test_candidate_freeze_is_one_way_and_workspace_is_removed) ... ok
test_candidate_records_exclude_worktree_git_metadata (test_release_transaction.ReleaseTransactionTest.test_candidate_records_exclude_worktree_git_metadata) ... ok
test_review_bundle_is_fixed_projection_not_sanitized_internal_receipt (test_release_transaction.ReleaseTransactionTest.test_review_bundle_is_fixed_projection_not_sanitized_internal_receipt) ... ok
test_data_pipeline_writes_explicit_weight_lines (test_reliability_logging.ReliabilityLoggingTest.test_data_pipeline_writes_explicit_weight_lines) ... ok
test_flow_run_result_surfaces_weight_summary (test_reliability_logging.ReliabilityLoggingTest.test_flow_run_result_surfaces_weight_summary) ... ok
test_wikiwiki_source_receipt_rejects_incomplete_equipment_details (test_reliability_logging.ReliabilityLoggingTest.test_wikiwiki_source_receipt_rejects_incomplete_equipment_details) ... ok
test_wikiwiki_source_receipt_rejects_missing_improvement_index (test_reliability_logging.ReliabilityLoggingTest.test_wikiwiki_source_receipt_rejects_missing_improvement_index) ... ok
test_wikiwiki_source_receipt_requires_three_indexes (test_reliability_logging.ReliabilityLoggingTest.test_wikiwiki_source_receipt_requires_three_indexes) ... ok
test_stage_signature_keeps_different_targets_separate (test_route_variants.RouteVariantTest.test_stage_signature_keeps_different_targets_separate) ... ok
test_tamanami_kai_ni_special_recipe_becomes_separate_route (test_route_variants.RouteVariantTest.test_tamanami_kai_ni_special_recipe_becomes_separate_route) ... [32m2026-07-12 22:51:25,883 [INFO] [service.akashi_list.akashi_list_utils] [route] conditional stage recipe: 10cm連装高角砲 × 2二番艦：玉波改二限定12.7cm連装高角砲 × 3[0m
ok
test_run_completes_start2_then_parallel_sources_before_data_processing (test_run_flow_command.RunFlowCommandTest.test_run_completes_start2_then_parallel_sources_before_data_processing) ... ok
test_run_rejects_arguments (test_run_flow_command.RunFlowCommandTest.test_run_rejects_arguments) ... ok
test_run_reuses_ready_wikiwiki_receipt_without_browser_source (test_run_flow_command.RunFlowCommandTest.test_run_reuses_ready_wikiwiki_receipt_without_browser_source) ... ok
test_run_surfaces_improvement_assistant_reverse_index_in_normal_output (test_run_flow_command.RunFlowCommandTest.test_run_surfaces_improvement_assistant_reverse_index_in_normal_output) ... ok
test_run_surfaces_wikiwiki_reference_diagnostics_in_normal_output (test_run_flow_command.RunFlowCommandTest.test_run_surfaces_wikiwiki_reference_diagnostics_in_normal_output) ... ok
test_layer_dependencies_are_one_way (test_script_convergence.FlowConvergenceTest.test_layer_dependencies_are_one_way) ... ok
test_no_old_control_semantics_or_parallel_entrypoints (test_script_convergence.FlowConvergenceTest.test_no_old_control_semantics_or_parallel_entrypoints) ... ok
test_only_one_public_binding_and_thin_adapter (test_script_convergence.FlowConvergenceTest.test_only_one_public_binding_and_thin_adapter) ... ok
test_update_and_recovery_are_loaded_only_when_called (test_script_convergence.FlowConvergenceTest.test_update_and_recovery_are_loaded_only_when_called) ... ok
test_conversion_cycle_has_forward_stage_order (test_ship_name_resolver.ShipNameResolverTest.test_conversion_cycle_has_forward_stage_order) ... ok
test_current_irregular_syntax (test_ship_name_resolver.ShipNameResolverTest.test_current_irregular_syntax) ... ok
test_every_existing_rule_resolves (test_ship_name_resolver.ShipNameResolverTest.test_every_existing_rule_resolves) ... ok
test_more_specific_week_rule_overrides_ancestor (test_ship_name_resolver.ShipNameResolverTest.test_more_specific_week_rule_overrides_ancestor) ... ok
test_no_specific_ship_is_distinct_from_unavailable (test_ship_name_resolver.ShipNameResolverTest.test_no_specific_ship_is_distinct_from_unavailable) ... ok
test_workers_scale_by_site_and_serialize_same_host (test_site_concurrency.SiteConcurrencyTest.test_workers_scale_by_site_and_serialize_same_host) ... [32m2026-07-12 22:51:26,503 [INFO] [util.site_workers] [site workers] running 3 task(s) with 2 website worker(s)[0m
ok
test_full_chain_smoke_runs_before_start2_then_parallel_source_probes (test_smoke_flow_command.SmokeFlowCommandTest.test_full_chain_smoke_runs_before_start2_then_parallel_source_probes) ... ok
test_smoke_rejects_arguments (test_smoke_flow_command.SmokeFlowCommandTest.test_smoke_rejects_arguments) ... ok
test_candidate_unsupported_upgrade_is_not_counted_as_missing (test_source_compare_capabilities.SourceCompareCapabilityTest.test_candidate_unsupported_upgrade_is_not_counted_as_missing) ... ok
test_supported_upgrade_is_compared_normally (test_source_compare_capabilities.SourceCompareCapabilityTest.test_supported_upgrade_is_compared_normally) ... ok
test_diagnostic_recomparison_never_records_long_term_history (test_source_history.SourceCompareBoundaryTest.test_diagnostic_recomparison_never_records_long_term_history) ... ok
test_first_run_creates_immutable_baseline_then_only_appends_changes (test_source_history.SourceHistoryTest.test_first_run_creates_immutable_baseline_then_only_appends_changes) ... ok
test_non_ok_source_is_skipped_instead_of_becoming_mass_deletion (test_source_history.SourceHistoryTest.test_non_ok_source_is_skipped_instead_of_becoming_mass_deletion) ... ok
test_relative_weight_prefers_sources_consistent_with_each_other (test_source_history.SourceReliabilityTest.test_relative_weight_prefers_sources_consistent_with_each_other) ... ok
test_kcwiki_equipment_source_id_is_not_identity_fallback (test_source_identity_lockdown.SourceIdentityLockdownTest.test_kcwiki_equipment_source_id_is_not_identity_fallback) ... ok
test_kcwiki_equipment_source_id_is_retained_only_as_evidence (test_source_identity_lockdown.SourceIdentityLockdownTest.test_kcwiki_equipment_source_id_is_retained_only_as_evidence) ... ok
test_kcwiki_ship_source_id_is_not_identity_fallback (test_source_identity_lockdown.SourceIdentityLockdownTest.test_kcwiki_ship_source_id_is_not_identity_fallback) ... ok
test_kcwiki_ship_source_id_mismatch_does_not_override_name_match (test_source_identity_lockdown.SourceIdentityLockdownTest.test_kcwiki_ship_source_id_mismatch_does_not_override_name_match) ... ok
test_source_tasks_use_isolated_subprocess_commands_and_join_results (test_source_phase.SourcePhaseTest.test_source_tasks_use_isolated_subprocess_commands_and_join_results) ... ok
test_comparison_reports_weekday_mismatch (test_source_validation.SourceValidationTest.test_comparison_reports_weekday_mismatch) ... ok
test_kcwiki_ship_aliases_cover_slash_remodel_references (test_source_validation.SourceValidationTest.test_kcwiki_ship_aliases_cover_slash_remodel_references) ... ok
test_kcwiki_structured_parser (test_source_validation.SourceValidationTest.test_kcwiki_structured_parser) ... ok
test_kcwiki_true_ship_reference_means_no_specific_helper (test_source_validation.SourceValidationTest.test_kcwiki_true_ship_reference_means_no_specific_helper) ... ok
test_primary_projection_distinguishes_no_helper (test_source_validation.SourceValidationTest.test_primary_projection_distinguishes_no_helper) ... ok
test_semantic_alias_dictionary_matches_current_start2 (test_source_validation.SourceValidationTest.test_semantic_alias_dictionary_matches_current_start2) ... ok
test_wikiwiki_semantic_aliases_resolve_exact_forms_before_line_splitting (test_source_validation.SourceValidationTest.test_wikiwiki_semantic_aliases_resolve_exact_forms_before_line_splitting) ... ok
test_wikiwiki_table_parser_expands_rows_and_resolves_names (test_source_validation.SourceValidationTest.test_wikiwiki_table_parser_expands_rows_and_resolves_names) ... ok
test_wikiwiki_unresolved_name_marks_source_partial (test_source_validation.SourceValidationTest.test_wikiwiki_unresolved_name_marks_source_partial) ... ok
test_candidate_writes_public_content_manifest_without_internal_migration_state (test_stable_content_sync.StableContentSyncTest.test_candidate_writes_public_content_manifest_without_internal_migration_state) ... ok
test_content_manifest_contract_has_no_legacy_release_mode (test_stable_content_sync.StableContentSyncTest.test_content_manifest_contract_has_no_legacy_release_mode) ... ok
test_exact_snapshot_replaces_legacy_and_unmanaged_files (test_stable_content_sync.StableContentSyncTest.test_exact_snapshot_replaces_legacy_and_unmanaged_files) ... ok
test_default_stable_only_guides_manual_workflow (test_stable_main_gate.StableMainGateTest.test_default_stable_only_guides_manual_workflow) ... ok
test_open_gate_guides_human_merge_instead_of_pushing_main (test_stable_main_gate.StableMainGateTest.test_open_gate_guides_human_merge_instead_of_pushing_main) ... ok
test_preview_flag_is_moved_outside_flow (test_stable_main_gate.StableMainGateTest.test_preview_flag_is_moved_outside_flow) ... ok
test_generated_and_local_changes_are_allowed_but_not_public_bound (test_stable_preview_workspace.StablePreviewWorkspaceTest.test_generated_and_local_changes_are_allowed_but_not_public_bound) ... ok
test_load_latest_ignores_generated_state_drift (test_stable_preview_workspace.StablePreviewWorkspaceTest.test_load_latest_ignores_generated_state_drift) ... ok
test_machine_workspace_inside_public_tree_is_pruned_by_registry_override (test_stable_preview_workspace.StablePreviewWorkspaceTest.test_machine_workspace_inside_public_tree_is_pruned_by_registry_override) ... ok
test_project_owned_change_blocks_preview_source (test_stable_preview_workspace.StablePreviewWorkspaceTest.test_project_owned_change_blocks_preview_source) ... ok
test_public_selection_is_registry_owned_not_git_owned (test_stable_preview_workspace.StablePreviewWorkspaceTest.test_public_selection_is_registry_owned_not_git_owned) ... ok
test_receipt_binds_dual_hashes_and_public_isolation (test_stable_release_receipt.StableReleaseReceiptTest.test_receipt_binds_dual_hashes_and_public_isolation) ... ok
test_lazy_catalog_reloads_json (test_start2_catalog.Start2CatalogTest.test_lazy_catalog_reloads_json) ... ok
test_shared_indexes_cover_id_name_normalized_and_sortno (test_start2_catalog.Start2CatalogTest.test_shared_indexes_cover_id_name_normalized_and_sortno) ... ok
test_non_strict_mode_keeps_last_local_data_on_index_failure (test_start2_strict.Start2StrictModeTest.test_non_strict_mode_keeps_last_local_data_on_index_failure) ... [33m2026-07-12 22:51:27,429 [WARNING] [util.start2.start2_utils] [start2] failed to fetch remote index, skip update: offline[0m
ok
test_strict_mode_rejects_current_data_download_failure_without_valid_cache (test_start2_strict.Start2StrictModeTest.test_strict_mode_rejects_current_data_download_failure_without_valid_cache) ... [32m2026-07-12 22:51:27,430 [INFO] [util.start2.start2_utils] [start2] local=old-version, remote=new-version[0m
[32m2026-07-12 22:51:27,430 [INFO] [util.start2.start2_utils] [start2] updating...[0m
ok
test_strict_mode_rejects_remote_index_failure_when_no_valid_cache (test_start2_strict.Start2StrictModeTest.test_strict_mode_rejects_remote_index_failure_when_no_valid_cache) ... ok
test_strict_mode_uses_fresh_cache_before_remote_index (test_start2_strict.Start2StrictModeTest.test_strict_mode_uses_fresh_cache_before_remote_index) ... [32m2026-07-12 22:51:27,430 [INFO] [util.start2.start2_utils] [start2] cache hit: local=cached-version ageHours=1.00 maxAgeHours=50.0[0m
ok
test_strict_mode_uses_fresh_cache_when_current_data_download_fails (test_start2_strict.Start2StrictModeTest.test_strict_mode_uses_fresh_cache_when_current_data_download_fails) ... [32m2026-07-12 22:51:27,431 [INFO] [util.start2.start2_utils] [start2] local=old-version, remote=new-version[0m
[32m2026-07-12 22:51:27,431 [INFO] [util.start2.start2_utils] [start2] updating...[0m
[33m2026-07-12 22:51:27,431 [WARNING] [util.start2.start2_utils] [start2] current data download failed; using valid local cache: local=old-version ageHours=1.00 error=offline[0m
ok
test_jaconv_preserves_legacy_fullwidth_and_kana_normalization (test_text_normalization.TextNormalizationTest.test_jaconv_preserves_legacy_fullwidth_and_kana_normalization) ... ok
test_run_writes_zip_sidecar_and_sha_file_as_one_artifact_set (test_update_package_artifacts.UpdatePackageArtifactsTest.test_run_writes_zip_sidecar_and_sha_file_as_one_artifact_set) ... ok
test_accepted_source_exclusion_does_not_stop_crawl (test_wikiwiki_crawler.WikiWikiCrawlerTest.test_accepted_source_exclusion_does_not_stop_crawl) ... [1/1] id=337 name=烈風改二(一航戦/熟練) status=source-excluded
[source-receipt] ready=false equipmentDetails=ready output=/private/var/folders/ml/2y6lms5d0gn1m0d0wq4bb36c0000gn/T/tmpzzgnq75j/state/source-receipt.json
WikiWiki external crawl summary
- selected: 1
- dailyLimit: 1
- cycleDays: 1
- attempted: 0
- completed: 1
- saved: 0
- skipped: 1
- newPages: 0
- changedPages: 0
- unchangedPages: 0
- failed: 0
- rateLimited: 0
- remaining: 0
- nextEquipmentId: None
- sourceExcluded: 1
- pageNumberMismatch: 0
- pageNumberMissing: 0
- idMismatch: 0
- idMissing: 0
- stopReason: none
- state output: /private/var/folders/ml/2y6lms5d0gn1m0d0wq4bb36c0000gn/T/tmpzzgnq75j/state
- raw cache: /private/var/folders/ml/2y6lms5d0gn1m0d0wq4bb36c0000gn/T/tmpzzgnq75j/raw
ok
test_catalog_receipt_is_not_ready_before_detail_crawl (test_wikiwiki_crawler.WikiWikiCrawlerTest.test_catalog_receipt_is_not_ready_before_detail_crawl) ... ok
test_cli_daily_limit_overrides_config_daily_limit (test_wikiwiki_crawler.WikiWikiCrawlerTest.test_cli_daily_limit_overrides_config_daily_limit) ... ok
test_config_daily_limit_is_used_when_cli_omitted (test_wikiwiki_crawler.WikiWikiCrawlerTest.test_config_daily_limit_is_used_when_cli_omitted) ... [1/3] id=1 name=A status=saved http=200
[2/3] id=2 name=B status=saved http=200
[source-receipt] ready=false equipmentDetails=incomplete output=/private/var/folders/ml/2y6lms5d0gn1m0d0wq4bb36c0000gn/T/tmptpuxezt7/state/source-receipt.json
WikiWiki external crawl summary
- selected: 3
- dailyLimit: 2
- cycleDays: 2
- attempted: 2
- completed: 2
- saved: 2
- skipped: 0
- newPages: 2
- changedPages: 0
- unchangedPages: 0
- failed: 0
- rateLimited: 0
- remaining: 1
- nextEquipmentId: 3
- sourceExcluded: 0
- pageNumberMismatch: 0
- pageNumberMissing: 0
- idMismatch: 0
- idMissing: 0
- stopReason: none
- state output: /private/var/folders/ml/2y6lms5d0gn1m0d0wq4bb36c0000gn/T/tmptpuxezt7/state
- raw cache: /private/var/folders/ml/2y6lms5d0gn1m0d0wq4bb36c0000gn/T/tmptpuxezt7/raw
ok
test_detail_receipt_ready_requires_no_remaining_or_failed_pages (test_wikiwiki_crawler.WikiWikiCrawlerTest.test_detail_receipt_ready_requires_no_remaining_or_failed_pages) ... ok
test_playwright_config_does_not_require_copied_cookie (test_wikiwiki_crawler.WikiWikiCrawlerTest.test_playwright_config_does_not_require_copied_cookie) ... ok
test_request_dispatches_to_playwright_transport (test_wikiwiki_crawler.WikiWikiCrawlerTest.test_request_dispatches_to_playwright_transport) ... ok
test_resume_skips_do_not_consume_daily_limit (test_wikiwiki_crawler.WikiWikiCrawlerTest.test_resume_skips_do_not_consume_daily_limit) ... [1/3] id=1 name=A status=resume-skip
[2/3] id=2 name=B status=saved http=200
[source-receipt] ready=false equipmentDetails=incomplete output=/private/var/folders/ml/2y6lms5d0gn1m0d0wq4bb36c0000gn/T/tmp9dh_va6s/state/source-receipt.json
WikiWiki external crawl summary
- selected: 3
- dailyLimit: 1
- cycleDays: 3
- attempted: 1
- completed: 2
- saved: 1
- skipped: 1
- newPages: 1
- changedPages: 0
- unchangedPages: 0
- failed: 0
- rateLimited: 0
- remaining: 1
- nextEquipmentId: 3
- sourceExcluded: 0
- pageNumberMismatch: 0
- pageNumberMissing: 0
- idMismatch: 0
- idMissing: 0
- stopReason: none
- state output: /private/var/folders/ml/2y6lms5d0gn1m0d0wq4bb36c0000gn/T/tmp9dh_va6s/state
- raw cache: /private/var/folders/ml/2y6lms5d0gn1m0d0wq4bb36c0000gn/T/tmp9dh_va6s/raw
ok
test_source_page_number_mismatch_is_diagnostic_not_identity_gate (test_wikiwiki_crawler.WikiWikiCrawlerTest.test_source_page_number_mismatch_is_diagnostic_not_identity_gate) ... [1/1] id=1 name=A status=saved http=200
[source-receipt] ready=false equipmentDetails=ready output=/private/var/folders/ml/2y6lms5d0gn1m0d0wq4bb36c0000gn/T/tmpq5_9_j3b/state/source-receipt.json
WikiWiki external crawl summary
- selected: 1
- dailyLimit: 1
- cycleDays: 1
- attempted: 1
- completed: 1
- saved: 1
- skipped: 0
- newPages: 1
- changedPages: 0
- unchangedPages: 0
- failed: 0
- rateLimited: 0
- remaining: 0
- nextEquipmentId: None
- sourceExcluded: 0
- pageNumberMismatch: 1
- pageNumberMissing: 0
- idMismatch: 1
- idMissing: 0
- stopReason: none
- state output: /private/var/folders/ml/2y6lms5d0gn1m0d0wq4bb36c0000gn/T/tmpq5_9_j3b/state
- raw cache: /private/var/folders/ml/2y6lms5d0gn1m0d0wq4bb36c0000gn/T/tmpq5_9_j3b/raw
ok
test_stale_capture_is_not_resumable (test_wikiwiki_crawler.WikiWikiCrawlerTest.test_stale_capture_is_not_resumable) ... ok
test_config_action_materializes_local_config (test_wikiwiki_flow_command.WikiWikiFlowCommandTest.test_config_action_materializes_local_config) ... ok
test_config_action_migrates_legacy_flow_local_config (test_wikiwiki_flow_command.WikiWikiFlowCommandTest.test_config_action_migrates_legacy_flow_local_config) ... ok
test_config_action_reports_existing_local_config (test_wikiwiki_flow_command.WikiWikiFlowCommandTest.test_config_action_reports_existing_local_config) ... ok
test_daily_flow_does_not_suggest_run_when_receipt_incomplete (test_wikiwiki_flow_command.WikiWikiFlowCommandTest.test_daily_flow_does_not_suggest_run_when_receipt_incomplete) ... ok
test_daily_flow_runs_catalog_then_crawl (test_wikiwiki_flow_command.WikiWikiFlowCommandTest.test_daily_flow_runs_catalog_then_crawl) ... ok
test_full_flow_refreshes_catalog_and_uses_full_limit (test_wikiwiki_flow_command.WikiWikiFlowCommandTest.test_full_flow_refreshes_catalog_and_uses_full_limit) ... ok
test_full_flow_rejects_incomplete_detail_receipt (test_wikiwiki_flow_command.WikiWikiFlowCommandTest.test_full_flow_rejects_incomplete_detail_receipt) ... ok
test_missing_config_is_materialized_from_template_and_stops_for_review (test_wikiwiki_flow_command.WikiWikiFlowCommandTest.test_missing_config_is_materialized_from_template_and_stops_for_review) ... ok
test_missing_template_is_clear_failure_and_writes_log (test_wikiwiki_flow_command.WikiWikiFlowCommandTest.test_missing_template_is_clear_failure_and_writes_log) ... ok
test_probe_flow_runs_three_item_chain_without_claiming_ready (test_wikiwiki_flow_command.WikiWikiFlowCommandTest.test_probe_flow_runs_three_item_chain_without_claiming_ready) ... ok
test_probe_rejects_full_flag (test_wikiwiki_flow_command.WikiWikiFlowCommandTest.test_probe_rejects_full_flag) ... ok
test_session_runs_only_session_command (test_wikiwiki_flow_command.WikiWikiFlowCommandTest.test_session_runs_only_session_command) ... ok
test_source_does_not_publish_or_push (test_wikiwiki_flow_command.WikiWikiFlowCommandTest.test_source_does_not_publish_or_push) ... ok

----------------------------------------------------------------------
Ran 372 tests in 22.506s

OK (skipped=1)
