$ /Users/sakana/code/personal/kancolle/kancolle-item-improvement-spider/.venv/bin/python3 script/project/python_runner.py script/project/cli.py wikiwiki probe --daily-limit 3 --skip-start2
[Flow] 日志：.flow/state/logs/20260708T171212117596Z-wikiwiki-catalog.log
[catalog:equipment] role=locator-index entries=572 ambiguous=0 fallbackUrls=23 source=raw-cache
[catalog:equipment] output=/Users/sakana/code/personal/kancolle/kancolle-item-improvement-spider/.flow/local/wikiwiki-crawler/catalog/equipment-pages.json
[catalog:equipment] nameMatches resolved=570 ambiguous=0 unresolved=0 excluded=1 invalid=0
[catalog:ship] role=locator-index entries=597 ambiguous=0 fallbackUrls=88 source=raw-cache
[catalog:ship] output=/Users/sakana/code/personal/kancolle/kancolle-item-improvement-spider/.flow/local/wikiwiki-crawler/catalog/ship-pages.json
[catalog:improvement] role=validation-index bytes=1400836 tables=37 source=raw-cache
[catalog:improvement] output=/Users/sakana/code/personal/kancolle/kancolle-item-improvement-spider/.flow/local/wikiwiki-crawler/catalog/improvement-pages.json
[source-receipt] ready=false output=/Users/sakana/code/personal/kancolle/kancolle-item-improvement-spider/.flow/local/wikiwiki-crawler/source-receipt.json
[Flow] 日志：.flow/state/logs/20260708T171212721302Z-wikiwiki-crawl.log
[1/571] id=1 name=12cm単装砲 status=saved http=200
[2/571] id=2 name=12.7cm連装砲 status=saved http=200
[3/571] id=3 name=10cm連装高角砲 status=saved http=200
[source-receipt] ready=false equipmentDetails=incomplete output=/Users/sakana/code/personal/kancolle/kancolle-item-improvement-spider/.flow/local/wikiwiki-crawler/source-receipt.json
WikiWiki external crawl summary
- selected: 571
- dailyLimit: 3
- cycleDays: 191
- attempted: 3
- completed: 3
- saved: 3
- skipped: 0
- newPages: 3
- changedPages: 0
- unchangedPages: 0
- failed: 0
- rateLimited: 0
- remaining: 417
- nextEquipmentId: 4
- sourceExcluded: 0
- pageNumberMismatch: 0
- pageNumberMissing: 0
- idMismatch: 0
- idMissing: 0
- stopReason: none
- state output: /Users/sakana/code/personal/kancolle/kancolle-item-improvement-spider/.flow/local/wikiwiki-crawler
- raw cache: /Users/sakana/code/personal/kancolle/kancolle-item-improvement-spider/.flow/local/source-cache
WikiWiki 3 条数据 probe 已完成，但 source receipt 尚未 ready
[完成] 三索引刷新/复用完成（ship/equipment/improvement）：.flow/state/logs/20260708T171212117596Z-wikiwiki-catalog.log
[完成] 装备详情浏览器会话抓取完成：.flow/state/logs/20260708T171212721302Z-wikiwiki-crawl.log
[完成] source receipt：.flow/local/wikiwiki-crawler/source-receipt.json
[待处理] equipmentDetails=incomplete
[待处理] remaining=417
[待处理] failed=0
[待处理] stopReason=none
下一步：完整小样本链路请执行 ./flow smoke；full source acquisition 请执行 ./flow wikiwiki --full
