$ /Users/sakana/code/personal/kancolle/kancolle-item-improvement-spider/.venv/bin/python3 script/project/python_runner.py script/project/test.py before
$ /Users/sakana/code/personal/kancolle/kancolle-item-improvement-spider/.venv/bin/python3 -m unittest tests.test_config_guard tests.test_directory_governance tests.test_external_tooling_boundary tests.test_main_boundary tests.test_main_beta_release tests.test_npm_beta tests.test_public_content_audit tests.test_public_automation_bundle tests.test_operator_stop tools/wikiwiki-crawler/tests/test_crawler.py tests.test_generated_state tests.test_project_commands tests.test_flow_command tests.test_python_environment tests.test_text_normalization tests.test_quality_profile_boundaries tests.test_script_convergence tests.test_command_support tests.test_source_phase tests.test_smoke_flow_command tests.test_run_flow_command tests.test_kcwiki_nonblocking tests.test_improvement_assistant_reverse tests.test_wikiwiki_flow_command tests.test_wikiwiki_crawler -v
test_committed_default_configs_are_allowed (tests.test_config_guard.ConfigGovernanceTest.test_committed_default_configs_are_allowed) ... ok
test_configs_readme_is_required_but_not_json_contract (tests.test_config_guard.ConfigGovernanceTest.test_configs_readme_is_required_but_not_json_contract) ... ok
test_non_template_config_rejects_local_absolute_paths (tests.test_config_guard.ConfigGovernanceTest.test_non_template_config_rejects_local_absolute_paths) ... ok
test_non_template_config_rejects_placeholders (tests.test_config_guard.ConfigGovernanceTest.test_non_template_config_rejects_placeholders) ... ok
test_private_config_is_rejected_even_under_configs (tests.test_config_guard.ConfigGovernanceTest.test_private_config_is_rejected_even_under_configs) ... ok
test_tool_config_example_must_move_to_configs_default (tests.test_config_guard.ConfigGovernanceTest.test_tool_config_example_must_move_to_configs_default) ... ok
test_tracked_generated_data_json_is_not_treated_as_config_placeholder (tests.test_config_guard.ConfigGovernanceTest.test_tracked_generated_data_json_is_not_treated_as_config_placeholder) ... ok
test_cleanup_rejects_symlink (tests.test_directory_governance.DirectoryGovernanceTest.test_cleanup_rejects_symlink) ... ok
test_cleanup_removes_only_retired_local_roots (tests.test_directory_governance.DirectoryGovernanceTest.test_cleanup_removes_only_retired_local_roots) ... ok
test_current_project_has_no_retired_roots (tests.test_directory_governance.DirectoryGovernanceTest.test_current_project_has_no_retired_roots) ... ok
test_path_module_import_has_no_directory_side_effects (tests.test_directory_governance.DirectoryGovernanceTest.test_path_module_import_has_no_directory_side_effects) ... ok
test_verify_allows_cache_only_moved_code_directory (tests.test_directory_governance.DirectoryGovernanceTest.test_verify_allows_cache_only_moved_code_directory) ... ok
test_verify_allows_transient_empty_retired_project_directory (tests.test_directory_governance.DirectoryGovernanceTest.test_verify_allows_transient_empty_retired_project_directory) ... ok
test_verify_rejects_retired_roots (tests.test_directory_governance.DirectoryGovernanceTest.test_verify_rejects_retired_roots) ... ok
test_verify_rejects_source_in_moved_code_directory (tests.test_directory_governance.DirectoryGovernanceTest.test_verify_rejects_source_in_moved_code_directory) ... ok
test_dev_flow_command_is_only_a_local_wrapper (tests.test_external_tooling_boundary.ExternalToolingBoundaryTest.test_dev_flow_command_is_only_a_local_wrapper) ... ok
test_local_acquisition_state_is_preserved_and_ignored (tests.test_external_tooling_boundary.ExternalToolingBoundaryTest.test_local_acquisition_state_is_preserved_and_ignored) ... ok
test_public_automation_has_no_dev_tool_dependency (tests.test_external_tooling_boundary.ExternalToolingBoundaryTest.test_public_automation_has_no_dev_tool_dependency) ... ok
test_wikiwiki_crawler_is_public_acquisition_automation (tests.test_external_tooling_boundary.ExternalToolingBoundaryTest.test_wikiwiki_crawler_is_public_acquisition_automation) ... ok
test_beta_snapshot_replaces_entire_remote_tree_with_shared_public_snapshot (tests.test_main_boundary.MainBoundaryTest.test_beta_snapshot_replaces_entire_remote_tree_with_shared_public_snapshot) ... ok
test_declaration_is_categorized_and_public_boundary_closes (tests.test_main_boundary.MainBoundaryTest.test_declaration_is_categorized_and_public_boundary_closes) ... ok
test_review_delta_is_categorized_for_ai (tests.test_main_boundary.MainBoundaryTest.test_review_delta_is_categorized_for_ai) ... ok
test_workflow_cannot_depend_on_dev_flow (tests.test_main_boundary.MainBoundaryTest.test_workflow_cannot_depend_on_dev_flow) ... ok
test_prepare_beta_pushes_exact_shared_public_snapshot_and_does_not_touch_main (tests.test_main_beta_release.MainBetaReleaseTest.test_prepare_beta_pushes_exact_shared_public_snapshot_and_does_not_touch_main) ... ok
test_prepare_rejects_non_prerelease_version (tests.test_npm_beta.TemporaryNpmBetaTest.test_prepare_rejects_non_prerelease_version) ... ok
test_prepare_uses_isolated_dist_staging_and_preserves_source (tests.test_npm_beta.TemporaryNpmBetaTest.test_prepare_uses_isolated_dist_staging_and_preserves_source) ... 
> @sakura2333/kancolle-data@0.5.2-beta.0 check
> node -e "const p=require('./package.json');const m=require('./manifest.json');if(p.version!==m.packageVersion)process.exit(2)"


> @sakura2333/kancolle-data@0.5.2-beta.0 check:fresh
> node -e "const m=require('./manifest.json');if(m.datasets.improvement.status!=='ok')process.exit(3)"

ok
test_publish_requires_explicit_confirmation_before_preparing (tests.test_npm_beta.TemporaryNpmBetaTest.test_publish_requires_explicit_confirmation_before_preparing) ... ok
test_current_declared_public_files_do_not_expose_private_entrypoints (tests.test_public_content_audit.PublicContentAuditTest.test_current_declared_public_files_do_not_expose_private_entrypoints) ... ok
test_exception_occurrence_count_is_exact (tests.test_public_content_audit.PublicContentAuditTest.test_exception_occurrence_count_is_exact) ... ok
test_public_gitignore_matches_documented_local_and_private_paths (tests.test_public_content_audit.PublicContentAuditTest.test_public_gitignore_matches_documented_local_and_private_paths) ... ok
test_public_gitignore_orders_controlled_defensive_and_ambient_rules (tests.test_public_content_audit.PublicContentAuditTest.test_public_gitignore_orders_controlled_defensive_and_ambient_rules) ... ok
test_public_paths_exclude_local_config_by_project_registry (tests.test_public_content_audit.PublicContentAuditTest.test_public_paths_exclude_local_config_by_project_registry) ... ok
test_rejects_internal_control_plane_reference (tests.test_public_content_audit.PublicContentAuditTest.test_rejects_internal_control_plane_reference) ... ok
test_rejects_missing_public_markdown_path (tests.test_public_content_audit.PublicContentAuditTest.test_rejects_missing_public_markdown_path) ... ok
test_rejects_missing_python_module_entrypoint (tests.test_public_content_audit.PublicContentAuditTest.test_rejects_missing_python_module_entrypoint) ... ok
test_review_token_requires_exact_registered_exception (tests.test_public_content_audit.PublicContentAuditTest.test_review_token_requires_exact_registered_exception) ... ok
test_unknown_top_level_with_authoritative_file_is_rejected (tests.test_public_content_audit.PublicContentAuditTest.test_unknown_top_level_with_authoritative_file_is_rejected) ... ok
test_unknown_top_level_with_only_machine_state_is_ignored (tests.test_public_content_audit.PublicContentAuditTest.test_unknown_top_level_with_only_machine_state_is_ignored) ... ok
test_non_publish_candidate_is_bound_to_source_manifest_and_commit (tests.test_public_automation_bundle.PublicAutomationBundleTest.test_non_publish_candidate_is_bound_to_source_manifest_and_commit) ... ok
test_source_bundle_manifest_rejects_tampering (tests.test_public_automation_bundle.PublicAutomationBundleTest.test_source_bundle_manifest_rejects_tampering) ... ok
test_forced_color_and_stop_summaries_are_printed (tests.test_operator_stop.OperatorStopTest.test_forced_color_and_stop_summaries_are_printed) ... ok
test_success_cleanup_removes_stale_stop_files (tests.test_operator_stop.OperatorStopTest.test_success_cleanup_removes_stale_stop_files) ... ok
test_writes_deduplicated_primary_and_all_stop_files (tests.test_operator_stop.OperatorStopTest.test_writes_deduplicated_primary_and_all_stop_files) ... ok
test_catalog_all_writes_three_index_receipt (tools.wikiwiki-crawler.tests.test_crawler.WikiWikiCrawlerToolTest.test_catalog_all_writes_three_index_receipt) ... ok
test_catalog_inspect_and_capture_with_fake_curl (tools.wikiwiki-crawler.tests.test_crawler.WikiWikiCrawlerToolTest.test_catalog_inspect_and_capture_with_fake_curl) ... ok
test_migrate_existing_html_into_shared_raw_cache (tools.wikiwiki-crawler.tests.test_crawler.WikiWikiCrawlerToolTest.test_migrate_existing_html_into_shared_raw_cache) ... ok
test_unresolved_name_is_not_requested (tools.wikiwiki-crawler.tests.test_crawler.WikiWikiCrawlerToolTest.test_unresolved_name_is_not_requested) ... ok
test_duplicate_normalized_names_are_ambiguous (tools.wikiwiki-crawler.tests.test_crawler.WikiWikiPageCatalogTest.test_duplicate_normalized_names_are_ambiguous) ... ok
test_exact_catalog_match_overrides_pending_source_exclusion (tools.wikiwiki-crawler.tests.test_crawler.WikiWikiPageCatalogTest.test_exact_catalog_match_overrides_pending_source_exclusion) ... ok
test_exact_link_page_name_wins_over_truncated_card_label (tools.wikiwiki-crawler.tests.test_crawler.WikiWikiPageCatalogTest.test_exact_link_page_name_wins_over_truncated_card_label) ... ok
test_human_accepted_alias_can_resolve_direct_page_when_catalog_omits_entry (tools.wikiwiki-crawler.tests.test_crawler.WikiWikiPageCatalogTest.test_human_accepted_alias_can_resolve_direct_page_when_catalog_omits_entry) ... ok
test_human_accepted_exclusion_is_not_resolved_or_requested (tools.wikiwiki-crawler.tests.test_crawler.WikiWikiPageCatalogTest.test_human_accepted_exclusion_is_not_resolved_or_requested) ... ok
test_human_accepted_name_alias_resolves_exact_wiki_page (tools.wikiwiki-crawler.tests.test_crawler.WikiWikiPageCatalogTest.test_human_accepted_name_alias_resolves_exact_wiki_page) ... ok
test_match_report_converts_resolver_exceptions_to_invalid_diagnostics (tools.wikiwiki-crawler.tests.test_crawler.WikiWikiPageCatalogTest.test_match_report_converts_resolver_exceptions_to_invalid_diagnostics) ... ok
test_match_report_counts_accepted_source_exclusions (tools.wikiwiki-crawler.tests.test_crawler.WikiWikiPageCatalogTest.test_match_report_counts_accepted_source_exclusions) ... ok
test_name_match_uses_exact_list_url_and_normalizes_fullwidth_plus (tools.wikiwiki-crawler.tests.test_crawler.WikiWikiPageCatalogTest.test_name_match_uses_exact_list_url_and_normalizes_fullwidth_plus) ... ok
test_apply_no_changes_creates_no_backup (tests.test_generated_state.GeneratedStateTest.test_apply_no_changes_creates_no_backup) ... ok
test_artifact_is_deterministic_and_receipt_is_verified (tests.test_generated_state.GeneratedStateTest.test_artifact_is_deterministic_and_receipt_is_verified) ... ok
test_artifact_receipt_detects_archive_replacement (tests.test_generated_state.GeneratedStateTest.test_artifact_receipt_detects_archive_replacement) ... ok
test_artifact_rejects_path_traversal (tests.test_generated_state.GeneratedStateTest.test_artifact_rejects_path_traversal) ... ok
test_config_rejects_forbidden_baseline_path (tests.test_generated_state.GeneratedStateTest.test_config_rejects_forbidden_baseline_path) ... ok
test_export_rejects_project_ancestor_as_output (tests.test_generated_state.GeneratedStateTest.test_export_rejects_project_ancestor_as_output) ... ok
test_export_verify_and_detect_tampering (tests.test_generated_state.GeneratedStateTest.test_export_verify_and_detect_tampering) ... ok
test_sync_is_explicit_and_recoverable (tests.test_generated_state.GeneratedStateTest.test_sync_is_explicit_and_recoverable) ... ok
test_bound_contract_is_exact_and_immutable (tests.test_project_commands.ProjectCommandContractTest.test_bound_contract_is_exact_and_immutable) ... ok
test_code_candidate_check_allows_generated_manifest_version_lag (tests.test_project_commands.ProjectCommandContractTest.test_code_candidate_check_allows_generated_manifest_version_lag) ... ok
test_human_interface_and_side_effects_are_fixed (tests.test_project_commands.ProjectCommandContractTest.test_human_interface_and_side_effects_are_fixed) ... ok
test_only_three_public_capabilities_are_enabled (tests.test_project_commands.ProjectCommandContractTest.test_only_three_public_capabilities_are_enabled) ... ok
test_project_check_accepts_single_control_plane (tests.test_project_commands.ProjectCommandContractTest.test_project_check_accepts_single_control_plane) ... $ /Users/sakana/code/personal/kancolle/kancolle-item-improvement-spider/.venv/bin/python3 -m compileall -q automation configs service util script
[完成] 项目 before 检查通过
$ /Users/sakana/code/personal/kancolle/kancolle-item-improvement-spider/.venv/bin/python3 -m compileall -q automation configs service util script
[完成] 项目 before 检查通过
