$ /Users/sakana/code/personal/kancolle/kancolle-item-improvement-spider/.venv/bin/python3 script/project/python_runner.py script/project/akashi_command.py full --skip-start2
[32m2026-07-09 01:56:57,363 [INFO] [util.http_cache.transport] [CACHE UPDATED] https://akashi-list.me/ -> akashi-list.me/index.html (200)[0m
[32m2026-07-09 01:56:58,209 [INFO] [util.http_cache.transport] [CACHE UPDATED] https://akashi-list.me/detail/w019.html -> akashi-list.me/detail/w019.html (200)[0m
[akashi] id=w019 status=saved
[32m2026-07-09 01:56:58,819 [INFO] [util.http_cache.transport] [CACHE UPDATED] https://akashi-list.me/detail/w228.html -> akashi-list.me/detail/w228.html (200)[0m
[akashi] id=w228 status=saved
[32m2026-07-09 01:56:59,485 [INFO] [util.http_cache.transport] [CACHE UPDATED] https://akashi-list.me/detail/w249.html -> akashi-list.me/detail/w249.html (200)[0m
[32m2026-07-09 01:57:00,100 [INFO] [util.http_cache.transport] [CACHE UPDATED] https://aiacdn.contents-stg.site/img/new_plane_material.png -> cache/images/77.png (200)[0m
[32m2026-07-09 01:57:01,343 [INFO] [util.http_cache.transport] [CACHE UPDATED] https://aiacdn.contents-stg.site/img/skilled_crew.png -> cache/images/70.png (200)[0m
[akashi] id=w249 status=saved
[32m2026-07-09 01:57:01,888 [INFO] [util.http_cache.transport] [CACHE UPDATED] https://akashi-list.me/detail/w197.html -> akashi-list.me/detail/w197.html (200)[0m
[akashi] id=w197 status=saved
[32m2026-07-09 01:57:02,603 [INFO] [util.http_cache.transport] [CACHE UPDATED] https://akashi-list.me/detail/w020.html -> akashi-list.me/detail/w020.html (200)[0m
[akashi] id=w020 status=saved
[32m2026-07-09 01:57:03,248 [INFO] [util.http_cache.transport] [CACHE UPDATED] https://akashi-list.me/detail/w181.html -> akashi-list.me/detail/w181.html (200)[0m
[akashi] id=w181 status=saved
[32m2026-07-09 01:57:03,782 [INFO] [util.http_cache.transport] [CACHE UPDATED] https://akashi-list.me/detail/w198.html -> akashi-list.me/detail/w198.html (200)[0m
[akashi] id=w198 status=saved
[32m2026-07-09 01:57:04,360 [INFO] [util.http_cache.transport] [CACHE UPDATED] https://akashi-list.me/detail/w021.html -> akashi-list.me/detail/w021.html (200)[0m
[akashi] id=w021 status=saved
[32m2026-07-09 01:57:04,841 [INFO] [util.http_cache.transport] [CACHE UPDATED] https://akashi-list.me/detail/w184.html -> akashi-list.me/detail/w184.html (200)[0m
[akashi] id=w184 status=saved
[32m2026-07-09 01:57:05,407 [INFO] [util.http_cache.transport] [CACHE UPDATED] https://akashi-list.me/detail/w205.html -> akashi-list.me/detail/w205.html (200)[0m
[akashi] id=w205 status=saved
[32m2026-07-09 01:57:06,007 [INFO] [util.http_cache.transport] [CACHE UPDATED] https://akashi-list.me/detail/w182.html -> akashi-list.me/detail/w182.html (200)[0m
[akashi] id=w182 status=saved
[32m2026-07-09 01:57:06,651 [INFO] [util.http_cache.transport] [CACHE UPDATED] https://akashi-list.me/detail/w096.html -> akashi-list.me/detail/w096.html (200)[0m
[akashi] id=w096 status=saved
[32m2026-07-09 01:57:07,177 [INFO] [util.http_cache.transport] [CACHE UPDATED] https://akashi-list.me/detail/w158.html -> akashi-list.me/detail/w158.html (200)[0m
[32m2026-07-09 01:57:07,875 [INFO] [util.http_cache.transport] [CACHE UPDATED] https://aiacdn.contents-stg.site/img/kaigai-skill.png -> cache/images/100.png (200)[0m
[akashi] id=w158 status=saved
[32m2026-07-09 01:57:09,158 [INFO] [util.http_cache.transport] [CACHE UPDATED] https://akashi-list.me/detail/w109.html -> akashi-list.me/detail/w109.html (200)[0m
[akashi] id=w109 status=saved
[32m2026-07-09 01:57:09,844 [INFO] [util.http_cache.transport] [CACHE UPDATED] https://akashi-list.me/detail/w152.html -> akashi-list.me/detail/w152.html (200)[0m
[akashi] id=w152 status=saved
[32m2026-07-09 01:57:10,470 [INFO] [util.http_cache.transport] [CACHE UPDATED] https://akashi-list.me/detail/w486.html -> akashi-list.me/detail/w486.html (200)[0m
[akashi] id=w486 status=saved
[32m2026-07-09 01:57:10,995 [INFO] [util.http_cache.transport] [CACHE UPDATED] https://akashi-list.me/detail/w153.html -> akashi-list.me/detail/w153.html (200)[0m
[akashi] id=w153 status=saved
[32m2026-07-09 01:57:11,644 [INFO] [util.http_cache.transport] [CACHE UPDATED] https://akashi-list.me/detail/w055.html -> akashi-list.me/detail/w055.html (200)[0m
[akashi] id=w055 status=saved
[32m2026-07-09 01:57:12,159 [INFO] [util.http_cache.transport] [CACHE UPDATED] https://akashi-list.me/detail/w252.html -> akashi-list.me/detail/w252.html (200)[0m
[akashi] id=w252 status=saved
[32m2026-07-09 01:57:12,758 [INFO] [util.http_cache.transport] [CACHE UPDATED] https://akashi-list.me/detail/w473.html -> akashi-list.me/detail/w473.html (200)[0m
[akashi] id=w473 status=saved
[32m2026-07-09 01:57:13,607 [INFO] [util.http_cache.transport] [CACHE UPDATED] https://akashi-list.me/detail/w022.html -> akashi-list.me/detail/w022.html (200)[0m
[akashi] id=w022 status=saved
[32m2026-07-09 01:57:14,345 [INFO] [util.http_cache.transport] [CACHE UPDATED] https://akashi-list.me/detail/w492.html -> akashi-list.me/detail/w492.html (200)[0m
[akashi] id=w492 status=saved
[32m2026-07-09 01:57:15,118 [INFO] [util.http_cache.transport] [CACHE UPDATED] https://akashi-list.me/detail/w271.html -> akashi-list.me/detail/w271.html (200)[0m
[akashi] id=w271 status=saved
[32m2026-07-09 01:57:15,832 [INFO] [util.http_cache.transport] [CACHE UPDATED] https://akashi-list.me/detail/w206.html -> akashi-list.me/detail/w206.html (200)[0m
[akashi] id=w206 status=saved
[32m2026-07-09 01:57:16,418 [INFO] [util.http_cache.transport] [CACHE UPDATED] https://akashi-list.me/detail/w110.html -> akashi-list.me/detail/w110.html (200)[0m
[akashi] id=w110 status=saved
[32m2026-07-09 01:57:16,976 [INFO] [util.http_cache.transport] [CACHE UPDATED] https://akashi-list.me/detail/w156.html -> akashi-list.me/detail/w156.html (200)[0m
[akashi] id=w156 status=saved
[32m2026-07-09 01:57:17,473 [INFO] [util.http_cache.transport] [CACHE UPDATED] https://akashi-list.me/detail/w189.html -> akashi-list.me/detail/w189.html (200)[0m
[akashi] id=w189 status=saved
[32m2026-07-09 01:57:18,001 [INFO] [util.http_cache.transport] [CACHE UPDATED] https://akashi-list.me/detail/w422.html -> akashi-list.me/detail/w422.html (200)[0m
[akashi] id=w422 status=saved
[32m2026-07-09 01:57:18,453 [INFO] [util.http_cache.transport] [CACHE UPDATED] https://akashi-list.me/detail/w053.html -> akashi-list.me/detail/w053.html (200)[0m
[akashi] id=w053 status=saved
[32m2026-07-09 01:57:19,135 [INFO] [util.http_cache.transport] [CACHE UPDATED] https://akashi-list.me/detail/w157.html -> akashi-list.me/detail/w157.html (200)[0m
[akashi] id=w157 status=saved
[32m2026-07-09 01:57:19,640 [INFO] [util.http_cache.transport] [CACHE UPDATED] https://akashi-list.me/detail/w547.html -> akashi-list.me/detail/w547.html (200)[0m
[akashi] id=w547 status=saved
[32m2026-07-09 01:57:20,325 [INFO] [util.http_cache.transport] [CACHE UPDATED] https://akashi-list.me/detail/w277.html -> akashi-list.me/detail/w277.html (200)[0m
[akashi] id=w277 status=saved
[32m2026-07-09 01:57:20,913 [INFO] [util.http_cache.transport] [CACHE UPDATED] https://akashi-list.me/detail/w447.html -> akashi-list.me/detail/w447.html (200)[0m
[akashi] id=w447 status=saved
[32m2026-07-09 01:57:21,604 [INFO] [util.http_cache.transport] [CACHE UPDATED] https://akashi-list.me/detail/w248.html -> akashi-list.me/detail/w248.html (200)[0m
[akashi] id=w248 status=saved
[32m2026-07-09 01:57:22,191 [INFO] [util.http_cache.transport] [CACHE UPDATED] https://akashi-list.me/detail/w060.html -> akashi-list.me/detail/w060.html (200)[0m
[akashi] id=w060 status=saved
[32m2026-07-09 01:57:22,906 [INFO] [util.http_cache.transport] [CACHE UPDATED] https://akashi-list.me/detail/w154.html -> akashi-list.me/detail/w154.html (200)[0m
[akashi] id=w154 status=saved
[32m2026-07-09 01:57:23,951 [INFO] [util.http_cache.transport] [CACHE UPDATED] https://akashi-list.me/detail/w550.html -> akashi-list.me/detail/w550.html (200)[0m
[akashi] id=w550 status=saved
[32m2026-07-09 01:57:24,743 [INFO] [util.http_cache.transport] [CACHE UPDATED] https://akashi-list.me/detail/w023.html -> akashi-list.me/detail/w023.html (200)[0m
[akashi] id=w023 status=saved
[32m2026-07-09 01:57:25,298 [INFO] [util.http_cache.transport] [CACHE UPDATED] https://akashi-list.me/detail/w551.html -> akashi-list.me/detail/w551.html (200)[0m
[akashi] id=w551 status=saved
[32m2026-07-09 01:57:26,080 [INFO] [util.http_cache.transport] [CACHE UPDATED] https://akashi-list.me/detail/w219.html -> akashi-list.me/detail/w219.html (200)[0m
[akashi] id=w219 status=saved
[32m2026-07-09 01:57:26,692 [INFO] [util.http_cache.transport] [CACHE UPDATED] https://akashi-list.me/detail/w316.html -> akashi-list.me/detail/w316.html (200)[0m
[akashi] id=w316 status=saved
[32m2026-07-09 01:57:27,715 [INFO] [util.http_cache.transport] [CACHE UPDATED] https://akashi-list.me/detail/w487.html -> akashi-list.me/detail/w487.html (200)[0m
[akashi] id=w487 status=saved
[32m2026-07-09 01:57:28,418 [INFO] [util.http_cache.transport] [CACHE UPDATED] https://akashi-list.me/detail/w195.html -> akashi-list.me/detail/w195.html (200)[0m
[akashi] id=w195 status=saved
[32m2026-07-09 01:57:28,940 [INFO] [util.http_cache.transport] [CACHE UPDATED] https://akashi-list.me/detail/w391.html -> akashi-list.me/detail/w391.html (200)[0m
[akashi] id=w391 status=saved
[32m2026-07-09 01:57:29,462 [INFO] [util.http_cache.transport] [CACHE UPDATED] https://akashi-list.me/detail/w474.html -> akashi-list.me/detail/w474.html (200)[0m
[akashi] id=w474 status=saved
[32m2026-07-09 01:57:29,988 [INFO] [util.http_cache.transport] [CACHE UPDATED] https://akashi-list.me/detail/w552.html -> akashi-list.me/detail/w552.html (200)[0m
[akashi] id=w552 status=saved
[32m2026-07-09 01:57:30,581 [INFO] [util.http_cache.transport] [CACHE UPDATED] https://akashi-list.me/detail/w541.html -> akashi-list.me/detail/w541.html (200)[0m
[akashi] id=w541 status=saved
[32m2026-07-09 01:57:31,239 [INFO] [util.http_cache.transport] [CACHE UPDATED] https://akashi-list.me/detail/w419.html -> akashi-list.me/detail/w419.html (200)[0m
[akashi] id=w419 status=saved
[32m2026-07-09 01:57:31,869 [INFO] [util.http_cache.transport] [CACHE UPDATED] https://akashi-list.me/detail/w233.html -> akashi-list.me/detail/w233.html (200)[0m
[akashi] id=w233 status=saved
[32m2026-07-09 01:57:32,441 [INFO] [util.http_cache.transport] [CACHE UPDATED] https://akashi-list.me/detail/w024.html -> akashi-list.me/detail/w024.html (200)[0m
[akashi] id=w024 status=saved
[32m2026-07-09 01:57:33,130 [INFO] [util.http_cache.transport] [CACHE UPDATED] https://akashi-list.me/detail/w392.html -> akashi-list.me/detail/w392.html (200)[0m
[akashi] id=w392 status=saved
[32m2026-07-09 01:57:33,855 [INFO] [util.http_cache.transport] [CACHE UPDATED] https://akashi-list.me/detail/w544.html -> akashi-list.me/detail/w544.html (200)[0m
[akashi] id=w544 status=saved
[32m2026-07-09 01:57:34,868 [INFO] [util.http_cache.transport] [CACHE UPDATED] https://akashi-list.me/detail/w064.html -> akashi-list.me/detail/w064.html (200)[0m
[akashi] id=w064 status=saved
[32m2026-07-09 01:57:35,461 [INFO] [util.http_cache.transport] [CACHE UPDATED] https://akashi-list.me/detail/w057.html -> akashi-list.me/detail/w057.html (200)[0m
[32m2026-07-09 01:57:36,368 [INFO] [util.http_cache.transport] [CACHE UPDATED] https://aiacdn.contents-stg.site/img/new_model_material.png -> cache/images/94.png (200)[0m
[akashi] id=w057 status=saved
[32m2026-07-09 01:57:37,162 [INFO] [util.http_cache.transport] [CACHE UPDATED] https://akashi-list.me/detail/w099.html -> akashi-list.me/detail/w099.html (200)[0m
[akashi] id=w099 status=saved
[32m2026-07-09 01:57:37,916 [INFO] [util.http_cache.transport] [CACHE UPDATED] https://akashi-list.me/detail/w420.html -> akashi-list.me/detail/w420.html (200)[0m
[akashi] id=w420 status=saved
[32m2026-07-09 01:57:38,704 [INFO] [util.http_cache.transport] [CACHE UPDATED] https://akashi-list.me/detail/w421.html -> akashi-list.me/detail/w421.html (200)[0m
[akashi] id=w421 status=saved
[32m2026-07-09 01:57:39,433 [INFO] [util.http_cache.transport] [CACHE UPDATED] https://akashi-list.me/detail/w242.html -> akashi-list.me/detail/w242.html (200)[0m
[akashi] id=w242 status=saved
[32m2026-07-09 01:57:40,333 [INFO] [util.http_cache.transport] [CACHE UPDATED] https://akashi-list.me/detail/w016.html -> akashi-list.me/detail/w016.html (200)[0m
[akashi] id=w016 status=saved
[32m2026-07-09 01:57:41,166 [INFO] [util.http_cache.transport] [CACHE UPDATED] https://akashi-list.me/detail/w196.html -> akashi-list.me/detail/w196.html (200)[0m
[akashi] id=w196 status=saved
[32m2026-07-09 01:57:42,188 [INFO] [util.http_cache.transport] [CACHE UPDATED] https://akashi-list.me/detail/w243.html -> akashi-list.me/detail/w243.html (200)[0m
[akashi] id=w243 status=saved
[32m2026-07-09 01:57:42,733 [INFO] [util.http_cache.transport] [CACHE UPDATED] https://akashi-list.me/detail/w082.html -> akashi-list.me/detail/w082.html (200)[0m
[akashi] id=w082 status=saved
[32m2026-07-09 01:57:43,354 [INFO] [util.http_cache.transport] [CACHE UPDATED] https://akashi-list.me/detail/w425.html -> akashi-list.me/detail/w425.html (200)[0m
[akashi] id=w425 status=saved
[32m2026-07-09 01:57:44,433 [INFO] [util.http_cache.transport] [CACHE UPDATED] https://akashi-list.me/detail/w542.html -> akashi-list.me/detail/w542.html (200)[0m
[akashi] id=w542 status=saved
[32m2026-07-09 01:57:45,214 [INFO] [util.http_cache.transport] [CACHE UPDATED] https://akashi-list.me/detail/w017.html -> akashi-list.me/detail/w017.html (200)[0m
[akashi] id=w017 status=saved
[32m2026-07-09 01:57:46,386 [INFO] [util.http_cache.transport] [CACHE UPDATED] https://akashi-list.me/detail/w424.html -> akashi-list.me/detail/w424.html (200)[0m
[akashi] id=w424 status=saved
[32m2026-07-09 01:57:47,494 [INFO] [util.http_cache.transport] [CACHE UPDATED] https://akashi-list.me/detail/w344.html -> akashi-list.me/detail/w344.html (200)[0m
[akashi] id=w344 status=saved
[32m2026-07-09 01:57:48,084 [INFO] [util.http_cache.transport] [CACHE UPDATED] https://akashi-list.me/detail/w098.html -> akashi-list.me/detail/w098.html (200)[0m
[akashi] id=w098 status=saved
[32m2026-07-09 01:57:48,732 [INFO] [util.http_cache.transport] [CACHE UPDATED] https://akashi-list.me/detail/w372.html -> akashi-list.me/detail/w372.html (200)[0m
[akashi] id=w372 status=saved
[32m2026-07-09 01:57:49,951 [INFO] [util.http_cache.transport] [CACHE UPDATED] https://akashi-list.me/detail/w256.html -> akashi-list.me/detail/w256.html (200)[0m
[akashi] id=w256 status=saved
[32m2026-07-09 01:57:50,512 [INFO] [util.http_cache.transport] [CACHE UPDATED] https://akashi-list.me/detail/w018.html -> akashi-list.me/detail/w018.html (200)[0m
[akashi] id=w018 status=saved
[32m2026-07-09 01:57:51,096 [INFO] [util.http_cache.transport] [CACHE UPDATED] https://akashi-list.me/detail/w093.html -> akashi-list.me/detail/w093.html (200)[0m
[akashi] id=w093 status=saved
[32m2026-07-09 01:57:51,614 [INFO] [util.http_cache.transport] [CACHE UPDATED] https://akashi-list.me/detail/w052.html -> akashi-list.me/detail/w052.html (200)[0m
[akashi] id=w052 status=saved
[32m2026-07-09 01:57:52,257 [INFO] [util.http_cache.transport] [CACHE UPDATED] https://akashi-list.me/detail/w094.html -> akashi-list.me/detail/w094.html (200)[0m
[akashi] id=w094 status=saved
[32m2026-07-09 01:57:52,912 [INFO] [util.http_cache.transport] [CACHE UPDATED] https://akashi-list.me/detail/w570.html -> akashi-list.me/detail/w570.html (200)[0m
[akashi] id=w570 status=saved
[32m2026-07-09 01:57:53,651 [INFO] [util.http_cache.transport] [CACHE UPDATED] https://akashi-list.me/detail/w423.html -> akashi-list.me/detail/w423.html (200)[0m
[akashi] id=w423 status=saved
[32m2026-07-09 01:57:54,131 [INFO] [util.http_cache.transport] [CACHE UPDATED] https://akashi-list.me/detail/w543.html -> akashi-list.me/detail/w543.html (200)[0m
[akashi] id=w543 status=saved
[32m2026-07-09 01:57:54,953 [INFO] [util.http_cache.transport] [CACHE UPDATED] https://akashi-list.me/detail/w061.html -> akashi-list.me/detail/w061.html (200)[0m
[akashi] id=w061 status=saved
[32m2026-07-09 01:57:55,510 [INFO] [util.http_cache.transport] [CACHE UPDATED] https://akashi-list.me/detail/w151.html -> akashi-list.me/detail/w151.html (200)[0m
[32m2026-07-09 01:57:56,592 [INFO] [util.http_cache.transport] [CACHE UPDATED] https://aiacdn.contents-stg.site/img/NeEngine.png -> cache/images/71.png (200)[0m
[akashi] id=w151 status=saved
[32m2026-07-09 01:57:57,790 [INFO] [util.http_cache.transport] [CACHE UPDATED] https://akashi-list.me/detail/w001.html -> akashi-list.me/detail/w001.html (200)[0m
[akashi] id=w001 status=saved
[32m2026-07-09 01:57:58,297 [INFO] [util.http_cache.transport] [CACHE UPDATED] https://akashi-list.me/detail/w293.html -> akashi-list.me/detail/w293.html (200)[0m
[akashi] id=w293 status=saved
[32m2026-07-09 01:57:58,820 [INFO] [util.http_cache.transport] [CACHE UPDATED] https://akashi-list.me/detail/w078.html -> akashi-list.me/detail/w078.html (200)[0m
[akashi] id=w078 status=saved
[32m2026-07-09 01:57:59,349 [INFO] [util.http_cache.transport] [CACHE UPDATED] https://akashi-list.me/detail/w297.html -> akashi-list.me/detail/w297.html (200)[0m
[akashi] id=w297 status=saved
[32m2026-07-09 01:58:00,190 [INFO] [util.http_cache.transport] [CACHE UPDATED] https://akashi-list.me/detail/w002.html -> akashi-list.me/detail/w002.html (200)[0m
[akashi] id=w002 status=saved
[32m2026-07-09 01:58:00,956 [INFO] [util.http_cache.transport] [CACHE UPDATED] https://akashi-list.me/detail/w294.html -> akashi-list.me/detail/w294.html (200)[0m
[32m2026-07-09 01:58:01,502 [INFO] [util.http_cache.transport] [CACHE UPDATED] https://aiacdn.contents-stg.site/img/new_gun_material.png -> cache/images/75.png (200)[0m
[32m2026-07-09 01:58:02,375 [INFO] [util.http_cache.transport] [CACHE UPDATED] https://aiacdn.contents-stg.site/img/ActionReport.png -> cache/images/78.png (200)[0m
[akashi] id=w294 status=saved
[32m2026-07-09 01:58:03,063 [INFO] [util.http_cache.transport] [CACHE UPDATED] https://akashi-list.me/detail/w063.html -> akashi-list.me/detail/w063.html (200)[0m
[akashi] id=w063 status=saved
[32m2026-07-09 01:58:03,585 [INFO] [util.http_cache.transport] [CACHE UPDATED] https://akashi-list.me/detail/w147.html -> akashi-list.me/detail/w147.html (200)[0m
[akashi] id=w147 status=saved
[32m2026-07-09 01:58:04,214 [INFO] [util.http_cache.transport] [CACHE UPDATED] https://akashi-list.me/detail/w266.html -> akashi-list.me/detail/w266.html (200)[0m
[akashi] id=w266 status=saved
[32m2026-07-09 01:58:04,859 [INFO] [util.http_cache.transport] [CACHE UPDATED] https://akashi-list.me/detail/w393.html -> akashi-list.me/detail/w393.html (200)[0m
[akashi] id=w393 status=saved
[32m2026-07-09 01:58:05,502 [INFO] [util.http_cache.transport] [CACHE UPDATED] https://akashi-list.me/detail/w394.html -> akashi-list.me/detail/w394.html (200)[0m
[akashi] id=w394 status=saved
[32m2026-07-09 01:58:06,165 [INFO] [util.http_cache.transport] [CACHE UPDATED] https://akashi-list.me/detail/w267.html -> akashi-list.me/detail/w267.html (200)[0m
[32m2026-07-09 01:58:06,167 [INFO] [service.akashi_list.akashi_list_utils] [route] conditional stage recipe: 10cm連装高角砲 × 2二番艦：玉波改二限定12.7cm連装高角砲 × 3[0m
[akashi] id=w267 status=saved
[32m2026-07-09 01:58:06,689 [INFO] [util.http_cache.transport] [CACHE UPDATED] https://akashi-list.me/detail/w470.html -> akashi-list.me/detail/w470.html (200)[0m
[akashi] id=w470 status=saved
[32m2026-07-09 01:58:07,223 [INFO] [util.http_cache.transport] [CACHE UPDATED] https://akashi-list.me/detail/w280.html -> akashi-list.me/detail/w280.html (200)[0m
[akashi] id=w280 status=saved
[32m2026-07-09 01:58:08,019 [INFO] [util.http_cache.transport] [CACHE UPDATED] https://akashi-list.me/detail/w529.html -> akashi-list.me/detail/w529.html (200)[0m
[akashi] id=w529 status=saved
[32m2026-07-09 01:58:08,783 [INFO] [util.http_cache.transport] [CACHE UPDATED] https://akashi-list.me/detail/w534.html -> akashi-list.me/detail/w534.html (200)[0m
[akashi] id=w534 status=saved
[32m2026-07-09 01:58:09,352 [INFO] [util.http_cache.transport] [CACHE UPDATED] https://akashi-list.me/detail/w282.html -> akashi-list.me/detail/w282.html (200)[0m
[akashi] id=w282 status=saved
[32m2026-07-09 01:58:09,884 [INFO] [util.http_cache.transport] [CACHE UPDATED] https://akashi-list.me/detail/w455.html -> akashi-list.me/detail/w455.html (200)[0m
[akashi] id=w455 status=saved
[32m2026-07-09 01:58:10,236 [INFO] [util.http_cache.transport] [CACHE UPDATED] https://akashi-list.me/detail/w535.html -> akashi-list.me/detail/w535.html (200)[0m
[akashi] id=w535 status=saved
[32m2026-07-09 01:58:10,710 [INFO] [util.http_cache.transport] [CACHE UPDATED] https://akashi-list.me/detail/w382.html -> akashi-list.me/detail/w382.html (200)[0m
[akashi] id=w382 status=saved
[32m2026-07-09 01:58:11,408 [INFO] [util.http_cache.transport] [CACHE UPDATED] https://akashi-list.me/detail/w509.html -> akashi-list.me/detail/w509.html (200)[0m
[akashi] id=w509 status=saved
[32m2026-07-09 01:58:12,244 [INFO] [util.http_cache.transport] [CACHE UPDATED] https://akashi-list.me/detail/w229.html -> akashi-list.me/detail/w229.html (200)[0m
[32m2026-07-09 01:58:12,980 [INFO] [util.http_cache.transport] [CACHE UPDATED] https://aiacdn.contents-stg.site/img/kousyo-sigen.png -> cache/images/104.png (200)[0m
[akashi] id=w229 status=saved
[32m2026-07-09 01:58:13,608 [INFO] [util.http_cache.transport] [CACHE UPDATED] https://akashi-list.me/detail/w379.html -> akashi-list.me/detail/w379.html (200)[0m
[akashi] id=w379 status=saved
[32m2026-07-09 01:58:14,160 [INFO] [util.http_cache.transport] [CACHE UPDATED] https://akashi-list.me/detail/w091.html -> akashi-list.me/detail/w091.html (200)[0m
[akashi] id=w091 status=saved
[32m2026-07-09 01:58:15,321 [INFO] [util.http_cache.transport] [CACHE UPDATED] https://akashi-list.me/detail/w284.html -> akashi-list.me/detail/w284.html (200)[0m
[akashi] id=w284 status=saved
[32m2026-07-09 01:58:16,123 [INFO] [util.http_cache.transport] [CACHE UPDATED] https://akashi-list.me/detail/w003.html -> akashi-list.me/detail/w003.html (200)[0m
[akashi] id=w003 status=saved
[32m2026-07-09 01:58:16,849 [INFO] [util.http_cache.transport] [CACHE UPDATED] https://akashi-list.me/detail/w553.html -> akashi-list.me/detail/w553.html (200)[0m
[akashi] id=w553 status=saved
[32m2026-07-09 01:58:17,282 [INFO] [util.http_cache.transport] [CACHE UPDATED] https://akashi-list.me/detail/w295.html -> akashi-list.me/detail/w295.html (200)[0m
[akashi] id=w295 status=saved
[32m2026-07-09 01:58:17,800 [INFO] [util.http_cache.transport] [CACHE UPDATED] https://akashi-list.me/detail/w398.html -> akashi-list.me/detail/w398.html (200)[0m
[32m2026-07-09 01:58:18,903 [INFO] [util.http_cache.transport] [CACHE UPDATED] https://aiacdn.contents-stg.site/img/fast-build.png -> cache/images/2.png (200)[0m
[akashi] id=w398 status=saved
[32m2026-07-09 01:58:19,374 [INFO] [util.http_cache.transport] [CACHE UPDATED] https://akashi-list.me/detail/w397.html -> akashi-list.me/detail/w397.html (200)[0m
[akashi] id=w397 status=saved
[32m2026-07-09 01:58:19,921 [INFO] [util.http_cache.transport] [CACHE UPDATED] https://akashi-list.me/detail/w572.html -> akashi-list.me/detail/w572.html (200)[0m
[akashi] id=w572 status=saved
[32m2026-07-09 01:58:20,625 [INFO] [util.http_cache.transport] [CACHE UPDATED] https://akashi-list.me/detail/w313.html -> akashi-list.me/detail/w313.html (200)[0m
[32m2026-07-09 01:58:21,519 [INFO] [util.http_cache.transport] [CACHE UPDATED] https://aiacdn.contents-stg.site/img/MedalL.png -> cache/images/57.png (200)[0m
[akashi] id=w313 status=saved
[32m2026-07-09 01:58:22,247 [INFO] [util.http_cache.transport] [CACHE UPDATED] https://akashi-list.me/detail/w296.html -> akashi-list.me/detail/w296.html (200)[0m
[akashi] id=w296 status=saved
[32m2026-07-09 01:58:22,939 [INFO] [util.http_cache.transport] [CACHE UPDATED] https://akashi-list.me/detail/w122.html -> akashi-list.me/detail/w122.html (200)[0m
[akashi] id=w122 status=saved
[32m2026-07-09 01:58:23,364 [INFO] [util.http_cache.transport] [CACHE UPDATED] https://akashi-list.me/detail/w533.html -> akashi-list.me/detail/w533.html (200)[0m
[akashi] id=w533 status=saved
[32m2026-07-09 01:58:24,066 [INFO] [util.http_cache.transport] [CACHE UPDATED] https://akashi-list.me/detail/w004.html -> akashi-list.me/detail/w004.html (200)[0m
[akashi] id=w004 status=saved
[32m2026-07-09 01:58:24,613 [INFO] [util.http_cache.transport] [CACHE UPDATED] https://akashi-list.me/detail/w119.html -> akashi-list.me/detail/w119.html (200)[0m
[akashi] id=w119 status=saved
[32m2026-07-09 01:58:25,079 [INFO] [util.http_cache.transport] [CACHE UPDATED] https://akashi-list.me/detail/w310.html -> akashi-list.me/detail/w310.html (200)[0m
[akashi] id=w310 status=saved
[32m2026-07-09 01:58:25,692 [INFO] [util.http_cache.transport] [CACHE UPDATED] https://akashi-list.me/detail/w065.html -> akashi-list.me/detail/w065.html (200)[0m
[akashi] id=w065 status=saved
[32m2026-07-09 01:58:26,363 [INFO] [util.http_cache.transport] [CACHE UPDATED] https://akashi-list.me/detail/w303.html -> akashi-list.me/detail/w303.html (200)[0m
[akashi] id=w303 status=saved
[32m2026-07-09 01:58:26,884 [INFO] [util.http_cache.transport] [CACHE UPDATED] https://akashi-list.me/detail/w518.html -> akashi-list.me/detail/w518.html (200)[0m
[akashi] id=w518 status=saved
[32m2026-07-09 01:58:27,690 [INFO] [util.http_cache.transport] [CACHE UPDATED] https://akashi-list.me/detail/w564.html -> akashi-list.me/detail/w564.html (200)[0m
[akashi] id=w564 status=saved
[32m2026-07-09 01:58:28,253 [INFO] [util.http_cache.transport] [CACHE UPDATED] https://akashi-list.me/detail/w139.html -> akashi-list.me/detail/w139.html (200)[0m
[akashi] id=w139 status=saved
[32m2026-07-09 01:58:28,727 [INFO] [util.http_cache.transport] [CACHE UPDATED] https://akashi-list.me/detail/w407.html -> akashi-list.me/detail/w407.html (200)[0m
[akashi] id=w407 status=saved
[32m2026-07-09 01:58:29,353 [INFO] [util.http_cache.transport] [CACHE UPDATED] https://akashi-list.me/detail/w005.html -> akashi-list.me/detail/w005.html (200)[0m
[akashi] id=w005 status=saved
[32m2026-07-09 01:58:30,033 [INFO] [util.http_cache.transport] [CACHE UPDATED] https://akashi-list.me/detail/w536.html -> akashi-list.me/detail/w536.html (200)[0m
[akashi] id=w536 status=saved
[32m2026-07-09 01:58:30,550 [INFO] [util.http_cache.transport] [CACHE UPDATED] https://akashi-list.me/detail/w386.html -> akashi-list.me/detail/w386.html (200)[0m
[akashi] id=w386 status=saved
[32m2026-07-09 01:58:31,471 [INFO] [util.http_cache.transport] [CACHE UPDATED] https://akashi-list.me/detail/w399.html -> akashi-list.me/detail/w399.html (200)[0m
[akashi] id=w399 status=saved
[32m2026-07-09 01:58:32,128 [INFO] [util.http_cache.transport] [CACHE UPDATED] https://akashi-list.me/detail/w235.html -> akashi-list.me/detail/w235.html (200)[0m
[akashi] id=w235 status=saved
[32m2026-07-09 01:58:32,768 [INFO] [util.http_cache.transport] [CACHE UPDATED] https://akashi-list.me/detail/w006.html -> akashi-list.me/detail/w006.html (200)[0m
[akashi] id=w006 status=saved
[32m2026-07-09 01:58:33,426 [INFO] [util.http_cache.transport] [CACHE UPDATED] https://akashi-list.me/detail/w340.html -> akashi-list.me/detail/w340.html (200)[0m
[akashi] id=w340 status=saved
[32m2026-07-09 01:58:34,100 [INFO] [util.http_cache.transport] [CACHE UPDATED] https://akashi-list.me/detail/w537.html -> akashi-list.me/detail/w537.html (200)[0m
[akashi] id=w537 status=saved
[32m2026-07-09 01:58:34,746 [INFO] [util.http_cache.transport] [CACHE UPDATED] https://akashi-list.me/detail/w387.html -> akashi-list.me/detail/w387.html (200)[0m
[akashi] id=w387 status=saved
[32m2026-07-09 01:58:35,400 [INFO] [util.http_cache.transport] [CACHE UPDATED] https://akashi-list.me/detail/w090.html -> akashi-list.me/detail/w090.html (200)[0m
[akashi] id=w090 status=saved
[32m2026-07-09 01:58:36,047 [INFO] [util.http_cache.transport] [CACHE UPDATED] https://akashi-list.me/detail/w555.html -> akashi-list.me/detail/w555.html (200)[0m
[akashi] id=w555 status=saved
[32m2026-07-09 01:58:36,574 [INFO] [util.http_cache.transport] [CACHE UPDATED] https://akashi-list.me/detail/w341.html -> akashi-list.me/detail/w341.html (200)[0m
[akashi] id=w341 status=saved
[32m2026-07-09 01:58:37,210 [INFO] [util.http_cache.transport] [CACHE UPDATED] https://akashi-list.me/detail/w050.html -> akashi-list.me/detail/w050.html (200)[0m
[akashi] id=w050 status=saved
[32m2026-07-09 01:58:37,711 [INFO] [util.http_cache.transport] [CACHE UPDATED] https://akashi-list.me/detail/w123.html -> akashi-list.me/detail/w123.html (200)[0m
[akashi] id=w123 status=saved
[32m2026-07-09 01:58:38,193 [INFO] [util.http_cache.transport] [CACHE UPDATED] https://akashi-list.me/detail/w520.html -> akashi-list.me/detail/w520.html (200)[0m
[akashi] id=w520 status=saved
[32m2026-07-09 01:58:38,833 [INFO] [util.http_cache.transport] [CACHE UPDATED] https://akashi-list.me/detail/w162.html -> akashi-list.me/detail/w162.html (200)[0m
[akashi] id=w162 status=saved
[32m2026-07-09 01:58:39,461 [INFO] [util.http_cache.transport] [CACHE UPDATED] https://akashi-list.me/detail/w356.html -> akashi-list.me/detail/w356.html (200)[0m
[akashi] id=w356 status=saved
[32m2026-07-09 01:58:40,101 [INFO] [util.http_cache.transport] [CACHE UPDATED] https://akashi-list.me/detail/w357.html -> akashi-list.me/detail/w357.html (200)[0m
[akashi] id=w357 status=saved
[32m2026-07-09 01:58:40,767 [INFO] [util.http_cache.transport] [CACHE UPDATED] https://akashi-list.me/detail/w426.html -> akashi-list.me/detail/w426.html (200)[0m
[akashi] id=w426 status=saved
[32m2026-07-09 01:58:41,387 [INFO] [util.http_cache.transport] [CACHE UPDATED] https://akashi-list.me/detail/w427.html -> akashi-list.me/detail/w427.html (200)[0m
[akashi] id=w427 status=saved
[32m2026-07-09 01:58:42,142 [INFO] [util.http_cache.transport] [CACHE UPDATED] https://akashi-list.me/detail/w007.html -> akashi-list.me/detail/w007.html (200)[0m
[akashi] id=w007 status=saved
[32m2026-07-09 01:58:42,920 [INFO] [util.http_cache.transport] [CACHE UPDATED] https://akashi-list.me/detail/w428.html -> akashi-list.me/detail/w428.html (200)[0m
[akashi] id=w428 status=saved
[32m2026-07-09 01:58:43,774 [INFO] [util.http_cache.transport] [CACHE UPDATED] https://akashi-list.me/detail/w104.html -> akashi-list.me/detail/w104.html (200)[0m
[akashi] id=w104 status=saved
[32m2026-07-09 01:58:44,528 [INFO] [util.http_cache.transport] [CACHE UPDATED] https://akashi-list.me/detail/w076.html -> akashi-list.me/detail/w076.html (200)[0m
[akashi] id=w076 status=saved
[32m2026-07-09 01:58:45,079 [INFO] [util.http_cache.transport] [CACHE UPDATED] https://akashi-list.me/detail/w231.html -> akashi-list.me/detail/w231.html (200)[0m
[akashi] id=w231 status=saved
[32m2026-07-09 01:58:45,826 [INFO] [util.http_cache.transport] [CACHE UPDATED] https://akashi-list.me/detail/w507.html -> akashi-list.me/detail/w507.html (200)[0m
[akashi] id=w507 status=saved
[32m2026-07-09 01:58:46,567 [INFO] [util.http_cache.transport] [CACHE UPDATED] https://akashi-list.me/detail/w429.html -> akashi-list.me/detail/w429.html (200)[0m
[akashi] id=w429 status=saved
[32m2026-07-09 01:58:47,204 [INFO] [util.http_cache.transport] [CACHE UPDATED] https://akashi-list.me/detail/w328.html -> akashi-list.me/detail/w328.html (200)[0m
[akashi] id=w328 status=saved
[32m2026-07-09 01:58:47,903 [INFO] [util.http_cache.transport] [CACHE UPDATED] https://akashi-list.me/detail/w114.html -> akashi-list.me/detail/w114.html (200)[0m
[akashi] id=w114 status=saved
[32m2026-07-09 01:58:48,645 [INFO] [util.http_cache.transport] [CACHE UPDATED] https://akashi-list.me/detail/w232.html -> akashi-list.me/detail/w232.html (200)[0m
[akashi] id=w232 status=saved
[32m2026-07-09 01:58:49,351 [INFO] [util.http_cache.transport] [CACHE UPDATED] https://akashi-list.me/detail/w329.html -> akashi-list.me/detail/w329.html (200)[0m
[akashi] id=w329 status=saved
[32m2026-07-09 01:58:49,959 [INFO] [util.http_cache.transport] [CACHE UPDATED] https://akashi-list.me/detail/w190.html -> akashi-list.me/detail/w190.html (200)[0m
[akashi] id=w190 status=saved
[32m2026-07-09 01:58:50,607 [INFO] [util.http_cache.transport] [CACHE UPDATED] https://akashi-list.me/detail/w103.html -> akashi-list.me/detail/w103.html (200)[0m
[akashi] id=w103 status=saved
[32m2026-07-09 01:58:51,286 [INFO] [util.http_cache.transport] [CACHE UPDATED] https://akashi-list.me/detail/w508.html -> akashi-list.me/detail/w508.html (200)[0m
[akashi] id=w508 status=saved
[32m2026-07-09 01:58:52,064 [INFO] [util.http_cache.transport] [CACHE UPDATED] https://akashi-list.me/detail/w192.html -> akashi-list.me/detail/w192.html (200)[0m
[akashi] id=w192 status=saved
[32m2026-07-09 01:58:52,876 [INFO] [util.http_cache.transport] [CACHE UPDATED] https://akashi-list.me/detail/w289.html -> akashi-list.me/detail/w289.html (200)[0m
[akashi] id=w289 status=saved
[32m2026-07-09 01:58:53,462 [INFO] [util.http_cache.transport] [CACHE UPDATED] https://akashi-list.me/detail/w133.html -> akashi-list.me/detail/w133.html (200)[0m
[akashi] id=w133 status=saved
[32m2026-07-09 01:58:54,166 [INFO] [util.http_cache.transport] [CACHE UPDATED] https://akashi-list.me/detail/w008.html -> akashi-list.me/detail/w008.html (200)[0m
[akashi] id=w008 status=saved
[32m2026-07-09 01:58:54,696 [INFO] [util.http_cache.transport] [CACHE UPDATED] https://akashi-list.me/detail/w330.html -> akashi-list.me/detail/w330.html (200)[0m
[akashi] id=w330 status=saved
[32m2026-07-09 01:58:55,862 [INFO] [util.http_cache.transport] [CACHE UPDATED] https://akashi-list.me/detail/w502.html -> akashi-list.me/detail/w502.html (200)[0m
[akashi] id=w502 status=saved
[32m2026-07-09 01:58:56,542 [INFO] [util.http_cache.transport] [CACHE UPDATED] https://akashi-list.me/detail/w298.html -> akashi-list.me/detail/w298.html (200)[0m
[akashi] id=w298 status=saved
[32m2026-07-09 01:58:57,132 [INFO] [util.http_cache.transport] [CACHE UPDATED] https://akashi-list.me/detail/w137.html -> akashi-list.me/detail/w137.html (200)[0m
[akashi] id=w137 status=saved
[32m2026-07-09 01:58:57,946 [INFO] [util.http_cache.transport] [CACHE UPDATED] https://akashi-list.me/detail/w331.html -> akashi-list.me/detail/w331.html (200)[0m
[akashi] id=w331 status=saved
[32m2026-07-09 01:58:59,000 [INFO] [util.http_cache.transport] [CACHE UPDATED] https://akashi-list.me/detail/w332.html -> akashi-list.me/detail/w332.html (200)[0m
[akashi] id=w332 status=saved
[32m2026-07-09 01:58:59,970 [INFO] [util.http_cache.transport] [CACHE UPDATED] https://akashi-list.me/detail/w530.html -> akashi-list.me/detail/w530.html (200)[0m
[akashi] id=w530 status=saved
[32m2026-07-09 01:59:00,811 [INFO] [util.http_cache.transport] [CACHE UPDATED] https://akashi-list.me/detail/w318.html -> akashi-list.me/detail/w318.html (200)[0m
[akashi] id=w318 status=saved
[32m2026-07-09 01:59:01,406 [INFO] [util.http_cache.transport] [CACHE UPDATED] https://akashi-list.me/detail/w245.html -> akashi-list.me/detail/w245.html (200)[0m
[akashi] id=w245 status=saved
[32m2026-07-09 01:59:02,037 [INFO] [util.http_cache.transport] [CACHE UPDATED] https://akashi-list.me/detail/w246.html -> akashi-list.me/detail/w246.html (200)[0m
[akashi] id=w246 status=saved
[32m2026-07-09 01:59:02,668 [INFO] [util.http_cache.transport] [CACHE UPDATED] https://akashi-list.me/detail/w381.html -> akashi-list.me/detail/w381.html (200)[0m
[akashi] id=w381 status=saved
[32m2026-07-09 01:59:03,339 [INFO] [util.http_cache.transport] [CACHE UPDATED] https://akashi-list.me/detail/w105.html -> akashi-list.me/detail/w105.html (200)[0m
[akashi] id=w105 status=saved
[32m2026-07-09 01:59:04,234 [INFO] [util.http_cache.transport] [CACHE UPDATED] https://akashi-list.me/detail/w299.html -> akashi-list.me/detail/w299.html (200)[0m
[akashi] id=w299 status=saved
[32m2026-07-09 01:59:05,247 [INFO] [util.http_cache.transport] [CACHE UPDATED] https://akashi-list.me/detail/w236.html -> akashi-list.me/detail/w236.html (200)[0m
[akashi] id=w236 status=saved
[32m2026-07-09 01:59:05,793 [INFO] [util.http_cache.transport] [CACHE UPDATED] https://akashi-list.me/detail/w117.html -> akashi-list.me/detail/w117.html (200)[0m
[akashi] id=w117 status=saved
[32m2026-07-09 01:59:06,167 [INFO] [util.http_cache.transport] [CACHE UPDATED] https://akashi-list.me/detail/w290.html -> akashi-list.me/detail/w290.html (200)[0m
[akashi] id=w290 status=saved
[32m2026-07-09 01:59:06,790 [INFO] [util.http_cache.transport] [CACHE UPDATED] https://akashi-list.me/detail/w385.html -> akashi-list.me/detail/w385.html (200)[0m
[akashi] id=w385 status=saved
[32m2026-07-09 01:59:07,372 [INFO] [util.http_cache.transport] [CACHE UPDATED] https://akashi-list.me/detail/w300.html -> akashi-list.me/detail/w300.html (200)[0m
[akashi] id=w300 status=saved
[32m2026-07-09 01:59:07,942 [INFO] [util.http_cache.transport] [CACHE UPDATED] https://akashi-list.me/detail/w161.html -> akashi-list.me/detail/w161.html (200)[0m
[akashi] id=w161 status=saved
[32m2026-07-09 01:59:08,422 [INFO] [util.http_cache.transport] [CACHE UPDATED] https://akashi-list.me/detail/w468.html -> akashi-list.me/detail/w468.html (200)[0m
[akashi] id=w468 status=saved
[32m2026-07-09 01:59:08,992 [INFO] [util.http_cache.transport] [CACHE UPDATED] https://akashi-list.me/detail/w183.html -> akashi-list.me/detail/w183.html (200)[0m
[akashi] id=w183 status=saved
[32m2026-07-09 01:59:09,631 [INFO] [util.http_cache.transport] [CACHE UPDATED] https://akashi-list.me/detail/w009.html -> akashi-list.me/detail/w009.html (200)[0m
[akashi] id=w009 status=saved
[32m2026-07-09 01:59:10,845 [INFO] [util.http_cache.transport] [CACHE UPDATED] https://akashi-list.me/detail/w276.html -> akashi-list.me/detail/w276.html (200)[0m
[akashi] id=w276 status=saved
[32m2026-07-09 01:59:11,290 [INFO] [util.http_cache.transport] [CACHE UPDATED] https://akashi-list.me/detail/w128.html -> akashi-list.me/detail/w128.html (200)[0m
[akashi] id=w128 status=saved
[32m2026-07-09 01:59:11,973 [INFO] [util.http_cache.transport] [CACHE UPDATED] https://akashi-list.me/detail/w281.html -> akashi-list.me/detail/w281.html (200)[0m
[akashi] id=w281 status=saved
[32m2026-07-09 01:59:12,753 [INFO] [util.http_cache.transport] [CACHE UPDATED] https://akashi-list.me/detail/w010.html -> akashi-list.me/detail/w010.html (200)[0m
[akashi] id=w010 status=saved
[32m2026-07-09 01:59:13,423 [INFO] [util.http_cache.transport] [CACHE UPDATED] https://akashi-list.me/detail/w524.html -> akashi-list.me/detail/w524.html (200)[0m
[akashi] id=w524 status=saved
[32m2026-07-09 01:59:13,936 [INFO] [util.http_cache.transport] [CACHE UPDATED] https://akashi-list.me/detail/w066.html -> akashi-list.me/detail/w066.html (200)[0m
[akashi] id=w066 status=saved
[32m2026-07-09 01:59:14,876 [INFO] [util.http_cache.transport] [CACHE UPDATED] https://akashi-list.me/detail/w071.html -> akashi-list.me/detail/w071.html (200)[0m
[akashi] id=w071 status=saved
[32m2026-07-09 01:59:15,512 [INFO] [util.http_cache.transport] [CACHE UPDATED] https://akashi-list.me/detail/w220.html -> akashi-list.me/detail/w220.html (200)[0m
[akashi] id=w220 status=saved
[32m2026-07-09 01:59:16,167 [INFO] [util.http_cache.transport] [CACHE UPDATED] https://akashi-list.me/detail/w135.html -> akashi-list.me/detail/w135.html (200)[0m
[akashi] id=w135 status=saved
[32m2026-07-09 01:59:16,842 [INFO] [util.http_cache.transport] [CACHE UPDATED] https://akashi-list.me/detail/w130.html -> akashi-list.me/detail/w130.html (200)[0m
[akashi] id=w130 status=saved
[32m2026-07-09 01:59:17,568 [INFO] [util.http_cache.transport] [CACHE UPDATED] https://akashi-list.me/detail/w275.html -> akashi-list.me/detail/w275.html (200)[0m
[akashi] id=w275 status=saved
[32m2026-07-09 01:59:18,367 [INFO] [util.http_cache.transport] [CACHE UPDATED] https://akashi-list.me/detail/w464.html -> akashi-list.me/detail/w464.html (200)[0m
[akashi] id=w464 status=saved
[32m2026-07-09 01:59:19,288 [INFO] [util.http_cache.transport] [CACHE UPDATED] https://akashi-list.me/detail/w172.html -> akashi-list.me/detail/w172.html (200)[0m
[akashi] id=w172 status=saved
[32m2026-07-09 01:59:20,095 [INFO] [util.http_cache.transport] [CACHE UPDATED] https://akashi-list.me/detail/w011.html -> akashi-list.me/detail/w011.html (200)[0m
[akashi] id=w011 status=saved
[32m2026-07-09 01:59:20,775 [INFO] [util.http_cache.transport] [CACHE UPDATED] https://akashi-list.me/detail/w565.html -> akashi-list.me/detail/w565.html (200)[0m
[akashi] id=w565 status=saved
[32m2026-07-09 01:59:21,548 [INFO] [util.http_cache.transport] [CACHE UPDATED] https://akashi-list.me/detail/w247.html -> akashi-list.me/detail/w247.html (200)[0m
[akashi] id=w247 status=saved
[32m2026-07-09 01:59:22,224 [INFO] [util.http_cache.transport] [CACHE UPDATED] https://akashi-list.me/detail/w012.html -> akashi-list.me/detail/w012.html (200)[0m
[akashi] id=w012 status=saved
[32m2026-07-09 01:59:22,837 [INFO] [util.http_cache.transport] [CACHE UPDATED] https://akashi-list.me/detail/w234.html -> akashi-list.me/detail/w234.html (200)[0m
[akashi] id=w234 status=saved
[32m2026-07-09 01:59:23,549 [INFO] [util.http_cache.transport] [CACHE UPDATED] https://akashi-list.me/detail/w134.html -> akashi-list.me/detail/w134.html (200)[0m
[akashi] id=w134 status=saved
[32m2026-07-09 01:59:24,286 [INFO] [util.http_cache.transport] [CACHE UPDATED] https://akashi-list.me/detail/w174.html -> akashi-list.me/detail/w174.html (200)[0m
[akashi] id=w174 status=saved
[32m2026-07-09 01:59:24,719 [INFO] [util.http_cache.transport] [CACHE UPDATED] https://akashi-list.me/detail/w013.html -> akashi-list.me/detail/w013.html (200)[0m
[akashi] id=w013 status=saved
[32m2026-07-09 01:59:25,345 [INFO] [util.http_cache.transport] [CACHE UPDATED] https://akashi-list.me/detail/w283.html -> akashi-list.me/detail/w283.html (200)[0m
[akashi] id=w283 status=saved
[32m2026-07-09 01:59:25,939 [INFO] [util.http_cache.transport] [CACHE UPDATED] https://akashi-list.me/detail/w400.html -> akashi-list.me/detail/w400.html (200)[0m
[akashi] id=w400 status=saved
[32m2026-07-09 01:59:26,780 [INFO] [util.http_cache.transport] [CACHE UPDATED] https://akashi-list.me/detail/w014.html -> akashi-list.me/detail/w014.html (200)[0m
[akashi] id=w014 status=saved
[32m2026-07-09 01:59:28,328 [INFO] [util.http_cache.transport] [CACHE UPDATED] https://akashi-list.me/detail/w125.html -> akashi-list.me/detail/w125.html (200)[0m
[akashi] id=w125 status=saved
[32m2026-07-09 01:59:29,021 [INFO] [util.http_cache.transport] [CACHE UPDATED] https://akashi-list.me/detail/w314.html -> akashi-list.me/detail/w314.html (200)[0m
[akashi] id=w314 status=saved
[32m2026-07-09 01:59:29,765 [INFO] [util.http_cache.transport] [CACHE UPDATED] https://akashi-list.me/detail/w285.html -> akashi-list.me/detail/w285.html (200)[0m
[akashi] id=w285 status=saved
[32m2026-07-09 01:59:30,608 [INFO] [util.http_cache.transport] [CACHE UPDATED] https://akashi-list.me/detail/w015.html -> akashi-list.me/detail/w015.html (200)[0m
[akashi] id=w015 status=saved
[32m2026-07-09 01:59:30,924 [INFO] [util.http_cache.transport] [CACHE UPDATED] https://akashi-list.me/detail/w286.html -> akashi-list.me/detail/w286.html (200)[0m
[akashi] id=w286 status=saved
[32m2026-07-09 01:59:31,512 [INFO] [util.http_cache.transport] [CACHE UPDATED] https://akashi-list.me/detail/w058.html -> akashi-list.me/detail/w058.html (200)[0m
[akashi] id=w058 status=saved
[32m2026-07-09 01:59:32,027 [INFO] [util.http_cache.transport] [CACHE UPDATED] https://akashi-list.me/detail/w179.html -> akashi-list.me/detail/w179.html (200)[0m
[akashi] id=w179 status=saved
[32m2026-07-09 01:59:32,742 [INFO] [util.http_cache.transport] [CACHE UPDATED] https://akashi-list.me/detail/w442.html -> akashi-list.me/detail/w442.html (200)[0m
[akashi] id=w442 status=saved
[32m2026-07-09 01:59:33,452 [INFO] [util.http_cache.transport] [CACHE UPDATED] https://akashi-list.me/detail/w511.html -> akashi-list.me/detail/w511.html (200)[0m
[akashi] id=w511 status=saved
[32m2026-07-09 01:59:34,270 [INFO] [util.http_cache.transport] [CACHE UPDATED] https://akashi-list.me/detail/w440.html -> akashi-list.me/detail/w440.html (200)[0m
[akashi] id=w440 status=saved
[32m2026-07-09 01:59:34,955 [INFO] [util.http_cache.transport] [CACHE UPDATED] https://akashi-list.me/detail/w512.html -> akashi-list.me/detail/w512.html (200)[0m
[akashi] id=w512 status=saved
[32m2026-07-09 01:59:35,637 [INFO] [util.http_cache.transport] [CACHE UPDATED] https://akashi-list.me/detail/w457.html -> akashi-list.me/detail/w457.html (200)[0m
[akashi] id=w457 status=saved
[32m2026-07-09 01:59:36,481 [INFO] [util.http_cache.transport] [CACHE UPDATED] https://akashi-list.me/detail/w441.html -> akashi-list.me/detail/w441.html (200)[0m
[akashi] id=w441 status=saved
[32m2026-07-09 01:59:37,025 [INFO] [util.http_cache.transport] [CACHE UPDATED] https://akashi-list.me/detail/w213.html -> akashi-list.me/detail/w213.html (200)[0m
[akashi] id=w213 status=saved
[32m2026-07-09 01:59:37,713 [INFO] [util.http_cache.transport] [CACHE UPDATED] https://akashi-list.me/detail/w095.html -> akashi-list.me/detail/w095.html (200)[0m
[akashi] id=w095 status=saved
[32m2026-07-09 01:59:38,444 [INFO] [util.http_cache.transport] [CACHE UPDATED] https://akashi-list.me/detail/w383.html -> akashi-list.me/detail/w383.html (200)[0m
[akashi] id=w383 status=saved
[32m2026-07-09 01:59:39,164 [INFO] [util.http_cache.transport] [CACHE UPDATED] https://akashi-list.me/detail/w041.html -> akashi-list.me/detail/w041.html (200)[0m
[akashi] id=w041 status=saved
[32m2026-07-09 01:59:39,940 [INFO] [util.http_cache.transport] [CACHE UPDATED] https://akashi-list.me/detail/w309.html -> akashi-list.me/detail/w309.html (200)[0m
[32m2026-07-09 01:59:40,681 [INFO] [util.http_cache.transport] [CACHE UPDATED] https://aiacdn.contents-stg.site/img/emergency-repair-material.png -> cache/images/91.png (200)[0m
[akashi] id=w309 status=saved
[32m2026-07-09 01:59:41,311 [INFO] [util.http_cache.transport] [CACHE UPDATED] https://akashi-list.me/detail/w027.html -> akashi-list.me/detail/w027.html (200)[0m
[akashi] id=w027 status=saved
[32m2026-07-09 01:59:42,126 [INFO] [util.http_cache.transport] [CACHE UPDATED] https://akashi-list.me/detail/w106.html -> akashi-list.me/detail/w106.html (200)[0m
[akashi] id=w106 status=saved
[32m2026-07-09 01:59:43,218 [INFO] [util.http_cache.transport] [CACHE UPDATED] https://akashi-list.me/detail/w450.html -> akashi-list.me/detail/w450.html (200)[0m
[akashi] id=w450 status=saved
[32m2026-07-09 01:59:43,995 [INFO] [util.http_cache.transport] [CACHE UPDATED] https://akashi-list.me/detail/w028.html -> akashi-list.me/detail/w028.html (200)[0m
[akashi] id=w028 status=saved
[32m2026-07-09 01:59:44,991 [INFO] [util.http_cache.transport] [CACHE UPDATED] https://akashi-list.me/detail/w574.html -> akashi-list.me/detail/w574.html (200)[0m
[akashi] id=w574 status=saved
[32m2026-07-09 01:59:45,731 [INFO] [util.http_cache.transport] [CACHE UPDATED] https://akashi-list.me/detail/w029.html -> akashi-list.me/detail/w029.html (200)[0m
[akashi] id=w029 status=saved
[32m2026-07-09 01:59:46,409 [INFO] [util.http_cache.transport] [CACHE UPDATED] https://akashi-list.me/detail/w088.html -> akashi-list.me/detail/w088.html (200)[0m
[akashi] id=w088 status=saved
[32m2026-07-09 01:59:47,153 [INFO] [util.http_cache.transport] [CACHE UPDATED] https://akashi-list.me/detail/w315.html -> akashi-list.me/detail/w315.html (200)[0m
[akashi] id=w315 status=saved
[32m2026-07-09 01:59:48,202 [INFO] [util.http_cache.transport] [CACHE UPDATED] https://akashi-list.me/detail/w030.html -> akashi-list.me/detail/w030.html (200)[0m
[akashi] id=w030 status=saved
[32m2026-07-09 01:59:48,855 [INFO] [util.http_cache.transport] [CACHE UPDATED] https://akashi-list.me/detail/w089.html -> akashi-list.me/detail/w089.html (200)[0m
[akashi] id=w089 status=saved
[32m2026-07-09 01:59:49,843 [INFO] [util.http_cache.transport] [CACHE UPDATED] https://akashi-list.me/detail/w410.html -> akashi-list.me/detail/w410.html (200)[0m
[akashi] id=w410 status=saved
[32m2026-07-09 01:59:50,535 [INFO] [util.http_cache.transport] [CACHE UPDATED] https://akashi-list.me/detail/w411.html -> akashi-list.me/detail/w411.html (200)[0m
[akashi] id=w411 status=saved
[32m2026-07-09 01:59:51,222 [INFO] [util.http_cache.transport] [CACHE UPDATED] https://akashi-list.me/detail/w032.html -> akashi-list.me/detail/w032.html (200)[0m
[akashi] id=w032 status=saved
[32m2026-07-09 01:59:51,849 [INFO] [util.http_cache.transport] [CACHE UPDATED] https://akashi-list.me/detail/w278.html -> akashi-list.me/detail/w278.html (200)[0m
[akashi] id=w278 status=saved
[32m2026-07-09 01:59:52,444 [INFO] [util.http_cache.transport] [CACHE UPDATED] https://akashi-list.me/detail/w279.html -> akashi-list.me/detail/w279.html (200)[0m
[akashi] id=w279 status=saved
[32m2026-07-09 01:59:53,333 [INFO] [util.http_cache.transport] [CACHE UPDATED] https://akashi-list.me/detail/w031.html -> akashi-list.me/detail/w031.html (200)[0m
[akashi] id=w031 status=saved
[32m2026-07-09 01:59:54,343 [INFO] [util.http_cache.transport] [CACHE UPDATED] https://akashi-list.me/detail/w141.html -> akashi-list.me/detail/w141.html (200)[0m
[akashi] id=w141 status=saved
[32m2026-07-09 01:59:55,008 [INFO] [util.http_cache.transport] [CACHE UPDATED] https://akashi-list.me/detail/w240.html -> akashi-list.me/detail/w240.html (200)[0m
[akashi] id=w240 status=saved
[32m2026-07-09 01:59:55,892 [INFO] [util.http_cache.transport] [CACHE UPDATED] https://akashi-list.me/detail/w517.html -> akashi-list.me/detail/w517.html (200)[0m
[akashi] id=w517 status=saved
[32m2026-07-09 01:59:57,162 [INFO] [util.http_cache.transport] [CACHE UPDATED] https://akashi-list.me/detail/w142.html -> akashi-list.me/detail/w142.html (200)[0m
[akashi] id=w142 status=saved
[32m2026-07-09 01:59:58,005 [INFO] [util.http_cache.transport] [CACHE UPDATED] https://akashi-list.me/detail/w573.html -> akashi-list.me/detail/w573.html (200)[0m
[akashi] id=w573 status=saved
[32m2026-07-09 01:59:58,967 [INFO] [util.http_cache.transport] [CACHE UPDATED] https://akashi-list.me/detail/w124.html -> akashi-list.me/detail/w124.html (200)[0m
[akashi] id=w124 status=saved
[32m2026-07-09 01:59:59,726 [INFO] [util.http_cache.transport] [CACHE UPDATED] https://akashi-list.me/detail/w210.html -> akashi-list.me/detail/w210.html (200)[0m
[akashi] id=w210 status=saved
[32m2026-07-09 02:00:00,487 [INFO] [util.http_cache.transport] [CACHE UPDATED] https://akashi-list.me/detail/w211.html -> akashi-list.me/detail/w211.html (200)[0m
[akashi] id=w211 status=saved
[32m2026-07-09 02:00:01,074 [INFO] [util.http_cache.transport] [CACHE UPDATED] https://akashi-list.me/detail/w519.html -> akashi-list.me/detail/w519.html (200)[0m
[akashi] id=w519 status=saved
[32m2026-07-09 02:00:01,778 [INFO] [util.http_cache.transport] [CACHE UPDATED] https://akashi-list.me/detail/w046.html -> akashi-list.me/detail/w046.html (200)[0m
[akashi] id=w046 status=saved
[32m2026-07-09 02:00:02,443 [INFO] [util.http_cache.transport] [CACHE UPDATED] https://akashi-list.me/detail/w047.html -> akashi-list.me/detail/w047.html (200)[0m
[32m2026-07-09 02:00:03,769 [INFO] [util.http_cache.transport] [CACHE UPDATED] https://aiacdn.contents-stg.site/img/sensui-hokyu.png -> cache/images/95.png (200)[0m
[akashi] id=w047 status=saved
[32m2026-07-09 02:00:04,756 [INFO] [util.http_cache.transport] [CACHE UPDATED] https://akashi-list.me/detail/w260.html -> akashi-list.me/detail/w260.html (200)[0m
[akashi] id=w260 status=saved
[32m2026-07-09 02:00:05,772 [INFO] [util.http_cache.transport] [CACHE UPDATED] https://akashi-list.me/detail/w438.html -> akashi-list.me/detail/w438.html (200)[0m
[akashi] id=w438 status=saved
[32m2026-07-09 02:00:06,822 [INFO] [util.http_cache.transport] [CACHE UPDATED] https://akashi-list.me/detail/w149.html -> akashi-list.me/detail/w149.html (200)[0m
[akashi] id=w149 status=saved
[32m2026-07-09 02:00:07,568 [INFO] [util.http_cache.transport] [CACHE UPDATED] https://akashi-list.me/detail/w261.html -> akashi-list.me/detail/w261.html (200)[0m
[akashi] id=w261 status=saved
[32m2026-07-09 02:00:08,207 [INFO] [util.http_cache.transport] [CACHE UPDATED] https://akashi-list.me/detail/w132.html -> akashi-list.me/detail/w132.html (200)[0m
[akashi] id=w132 status=saved
[32m2026-07-09 02:00:08,937 [INFO] [util.http_cache.transport] [CACHE UPDATED] https://akashi-list.me/detail/w346.html -> akashi-list.me/detail/w346.html (200)[0m
[akashi] id=w346 status=saved
[32m2026-07-09 02:00:09,552 [INFO] [util.http_cache.transport] [CACHE UPDATED] https://akashi-list.me/detail/w226.html -> akashi-list.me/detail/w226.html (200)[0m
[akashi] id=w226 status=saved
[32m2026-07-09 02:00:10,435 [INFO] [util.http_cache.transport] [CACHE UPDATED] https://akashi-list.me/detail/w044.html -> akashi-list.me/detail/w044.html (200)[0m
[akashi] id=w044 status=saved
[32m2026-07-09 02:00:11,257 [INFO] [util.http_cache.transport] [CACHE UPDATED] https://akashi-list.me/detail/w227.html -> akashi-list.me/detail/w227.html (200)[0m
[akashi] id=w227 status=saved
[32m2026-07-09 02:00:11,878 [INFO] [util.http_cache.transport] [CACHE UPDATED] https://akashi-list.me/detail/w045.html -> akashi-list.me/detail/w045.html (200)[0m
[akashi] id=w045 status=saved
[32m2026-07-09 02:00:12,625 [INFO] [util.http_cache.transport] [CACHE UPDATED] https://akashi-list.me/detail/w488.html -> akashi-list.me/detail/w488.html (200)[0m
[akashi] id=w488 status=saved
[32m2026-07-09 02:00:13,362 [INFO] [util.http_cache.transport] [CACHE UPDATED] https://akashi-list.me/detail/w287.html -> akashi-list.me/detail/w287.html (200)[0m
[akashi] id=w287 status=saved
[32m2026-07-09 02:00:14,386 [INFO] [util.http_cache.transport] [CACHE UPDATED] https://akashi-list.me/detail/w288.html -> akashi-list.me/detail/w288.html (200)[0m
[akashi] id=w288 status=saved
[32m2026-07-09 02:00:14,972 [INFO] [util.http_cache.transport] [CACHE UPDATED] https://akashi-list.me/detail/w036.html -> akashi-list.me/detail/w036.html (200)[0m
[akashi] id=w036 status=saved
[32m2026-07-09 02:00:15,584 [INFO] [util.http_cache.transport] [CACHE UPDATED] https://akashi-list.me/detail/w116.html -> akashi-list.me/detail/w116.html (200)[0m
[akashi] id=w116 status=saved
[32m2026-07-09 02:00:16,332 [INFO] [util.http_cache.transport] [CACHE UPDATED] https://akashi-list.me/detail/w365.html -> akashi-list.me/detail/w365.html (200)[0m
[akashi] id=w365 status=saved
[32m2026-07-09 02:00:17,153 [INFO] [util.http_cache.transport] [CACHE UPDATED] https://akashi-list.me/detail/w035.html -> akashi-list.me/detail/w035.html (200)[0m
[akashi] id=w035 status=saved
[32m2026-07-09 02:00:17,770 [INFO] [util.http_cache.transport] [CACHE UPDATED] https://akashi-list.me/detail/w317.html -> akashi-list.me/detail/w317.html (200)[0m
[akashi] id=w317 status=saved
[32m2026-07-09 02:00:18,986 [INFO] [util.http_cache.transport] [CACHE UPDATED] https://akashi-list.me/detail/w483.html -> akashi-list.me/detail/w483.html (200)[0m
[akashi] id=w483 status=saved
[32m2026-07-09 02:00:20,552 [INFO] [util.http_cache.transport] [CACHE UPDATED] https://akashi-list.me/detail/w037.html -> akashi-list.me/detail/w037.html (200)[0m
[akashi] id=w037 status=saved
[32m2026-07-09 02:00:21,314 [INFO] [util.http_cache.transport] [CACHE UPDATED] https://akashi-list.me/detail/w038.html -> akashi-list.me/detail/w038.html (200)[0m
[akashi] id=w038 status=saved
[32m2026-07-09 02:00:22,161 [INFO] [util.http_cache.transport] [CACHE UPDATED] https://akashi-list.me/detail/w049.html -> akashi-list.me/detail/w049.html (200)[0m
[akashi] id=w049 status=saved
[32m2026-07-09 02:00:23,037 [INFO] [util.http_cache.transport] [CACHE UPDATED] https://akashi-list.me/detail/w039.html -> akashi-list.me/detail/w039.html (200)[0m
[akashi] id=w039 status=saved
[32m2026-07-09 02:00:23,687 [INFO] [util.http_cache.transport] [CACHE UPDATED] https://akashi-list.me/detail/w040.html -> akashi-list.me/detail/w040.html (200)[0m
[akashi] id=w040 status=saved
[32m2026-07-09 02:00:24,347 [INFO] [util.http_cache.transport] [CACHE UPDATED] https://akashi-list.me/detail/w092.html -> akashi-list.me/detail/w092.html (200)[0m
[akashi] id=w092 status=saved
[32m2026-07-09 02:00:25,178 [INFO] [util.http_cache.transport] [CACHE UPDATED] https://akashi-list.me/detail/w084.html -> akashi-list.me/detail/w084.html (200)[0m
[akashi] id=w084 status=saved
[32m2026-07-09 02:00:25,752 [INFO] [util.http_cache.transport] [CACHE UPDATED] https://akashi-list.me/detail/w051.html -> akashi-list.me/detail/w051.html (200)[0m
[akashi] id=w051 status=saved
[32m2026-07-09 02:00:26,396 [INFO] [util.http_cache.transport] [CACHE UPDATED] https://akashi-list.me/detail/w274.html -> akashi-list.me/detail/w274.html (200)[0m
[akashi] id=w274 status=saved
[32m2026-07-09 02:00:27,207 [INFO] [util.http_cache.transport] [CACHE UPDATED] https://akashi-list.me/detail/w131.html -> akashi-list.me/detail/w131.html (200)[0m
[akashi] id=w131 status=saved
[32m2026-07-09 02:00:27,756 [INFO] [util.http_cache.transport] [CACHE UPDATED] https://akashi-list.me/detail/w575.html -> akashi-list.me/detail/w575.html (200)[0m
[akashi] id=w575 status=saved
[32m2026-07-09 02:00:28,479 [INFO] [util.http_cache.transport] [CACHE UPDATED] https://akashi-list.me/detail/w120.html -> akashi-list.me/detail/w120.html (200)[0m
[akashi] id=w120 status=saved
[32m2026-07-09 02:00:29,027 [INFO] [util.http_cache.transport] [CACHE UPDATED] https://akashi-list.me/detail/w121.html -> akashi-list.me/detail/w121.html (200)[0m
[akashi] id=w121 status=saved
[32m2026-07-09 02:00:29,671 [INFO] [util.http_cache.transport] [CACHE UPDATED] https://akashi-list.me/detail/w034.html -> akashi-list.me/detail/w034.html (200)[0m
[akashi] id=w034 status=saved
[32m2026-07-09 02:00:30,247 [INFO] [util.http_cache.transport] [CACHE UPDATED] https://akashi-list.me/detail/w087.html -> akashi-list.me/detail/w087.html (200)[0m
[akashi] id=w087 status=saved
[32m2026-07-09 02:00:31,206 [INFO] [util.http_cache.transport] [CACHE UPDATED] https://akashi-list.me/detail/w072.html -> akashi-list.me/detail/w072.html (200)[0m
[akashi] id=w072 status=saved
[32m2026-07-09 02:00:32,045 [INFO] [util.http_cache.transport] [CACHE UPDATED] https://akashi-list.me/detail/w136.html -> akashi-list.me/detail/w136.html (200)[0m
[akashi] id=w136 status=saved
[32m2026-07-09 02:00:32,546 [INFO] [util.http_cache.transport] [CACHE UPDATED] https://akashi-list.me/detail/w203.html -> akashi-list.me/detail/w203.html (200)[0m
[akashi] id=w203 status=saved
[32m2026-07-09 02:00:33,237 [INFO] [util.http_cache.transport] [CACHE UPDATED] https://akashi-list.me/detail/w073.html -> akashi-list.me/detail/w073.html (200)[0m
[akashi] id=w073 status=saved
[32m2026-07-09 02:00:33,893 [INFO] [util.http_cache.transport] [CACHE UPDATED] https://akashi-list.me/detail/w204.html -> akashi-list.me/detail/w204.html (200)[0m
[akashi] id=w204 status=saved
[32m2026-07-09 02:00:34,669 [INFO] [util.http_cache.transport] [CACHE UPDATED] https://akashi-list.me/detail/w074.html -> akashi-list.me/detail/w074.html (200)[0m
[akashi] id=w074 status=saved
[32m2026-07-09 02:00:35,330 [INFO] [util.http_cache.transport] [CACHE UPDATED] https://akashi-list.me/detail/w140.html -> akashi-list.me/detail/w140.html (200)[0m
[akashi] id=w140 status=saved
[32m2026-07-09 02:00:35,946 [INFO] [util.http_cache.transport] [CACHE UPDATED] https://akashi-list.me/detail/w102.html -> akashi-list.me/detail/w102.html (200)[0m
[akashi] id=w102 status=saved
[32m2026-07-09 02:00:36,682 [INFO] [util.http_cache.transport] [CACHE UPDATED] https://akashi-list.me/detail/w522.html -> akashi-list.me/detail/w522.html (200)[0m
[akashi] id=w522 status=saved
[32m2026-07-09 02:00:37,222 [INFO] [util.http_cache.transport] [CACHE UPDATED] https://akashi-list.me/detail/w471.html -> akashi-list.me/detail/w471.html (200)[0m
[akashi] id=w471 status=saved
[32m2026-07-09 02:00:37,844 [INFO] [util.http_cache.transport] [CACHE UPDATED] https://akashi-list.me/detail/w523.html -> akashi-list.me/detail/w523.html (200)[0m
[akashi] id=w523 status=saved
[32m2026-07-09 02:00:38,592 [INFO] [util.http_cache.transport] [CACHE UPDATED] https://akashi-list.me/detail/w304.html -> akashi-list.me/detail/w304.html (200)[0m
[akashi] id=w304 status=saved
[32m2026-07-09 02:00:39,335 [INFO] [util.http_cache.transport] [CACHE UPDATED] https://akashi-list.me/detail/w414.html -> akashi-list.me/detail/w414.html (200)[0m
[akashi] id=w414 status=saved
[32m2026-07-09 02:00:39,975 [INFO] [util.http_cache.transport] [CACHE UPDATED] https://akashi-list.me/detail/w163.html -> akashi-list.me/detail/w163.html (200)[0m
[akashi] id=w163 status=saved
[32m2026-07-09 02:00:40,838 [INFO] [util.http_cache.transport] [CACHE UPDATED] https://akashi-list.me/detail/w025.html -> akashi-list.me/detail/w025.html (200)[0m
[akashi] id=w025 status=saved
[32m2026-07-09 02:00:41,356 [INFO] [util.http_cache.transport] [CACHE UPDATED] https://akashi-list.me/detail/w115.html -> akashi-list.me/detail/w115.html (200)[0m
[akashi] id=w115 status=saved
[32m2026-07-09 02:00:41,930 [INFO] [util.http_cache.transport] [CACHE UPDATED] https://akashi-list.me/detail/w370.html -> akashi-list.me/detail/w370.html (200)[0m
[akashi] id=w370 status=saved
[32m2026-07-09 02:00:42,527 [INFO] [util.http_cache.transport] [CACHE UPDATED] https://akashi-list.me/detail/w171.html -> akashi-list.me/detail/w171.html (200)[0m
[akashi] id=w171 status=saved
[32m2026-07-09 02:00:43,189 [INFO] [util.http_cache.transport] [CACHE UPDATED] https://akashi-list.me/detail/w059.html -> akashi-list.me/detail/w059.html (200)[0m
[akashi] id=w059 status=saved
[32m2026-07-09 02:00:43,980 [INFO] [util.http_cache.transport] [CACHE UPDATED] https://akashi-list.me/detail/w238.html -> akashi-list.me/detail/w238.html (200)[0m
[akashi] id=w238 status=saved
[32m2026-07-09 02:00:44,628 [INFO] [util.http_cache.transport] [CACHE UPDATED] https://akashi-list.me/detail/w371.html -> akashi-list.me/detail/w371.html (200)[0m
[akashi] id=w371 status=saved
[32m2026-07-09 02:00:45,316 [INFO] [util.http_cache.transport] [CACHE UPDATED] https://akashi-list.me/detail/w539.html -> akashi-list.me/detail/w539.html (200)[0m
[akashi] id=w539 status=saved
[32m2026-07-09 02:00:45,946 [INFO] [util.http_cache.transport] [CACHE UPDATED] https://akashi-list.me/detail/w118.html -> akashi-list.me/detail/w118.html (200)[0m
[akashi] id=w118 status=saved
[32m2026-07-09 02:00:46,739 [INFO] [util.http_cache.transport] [CACHE UPDATED] https://akashi-list.me/detail/w164.html -> akashi-list.me/detail/w164.html (200)[0m
[akashi] id=w164 status=saved
[32m2026-07-09 02:00:47,455 [INFO] [util.http_cache.transport] [CACHE UPDATED] https://akashi-list.me/detail/w215.html -> akashi-list.me/detail/w215.html (200)[0m
[akashi] id=w215 status=saved
[32m2026-07-09 02:00:48,258 [INFO] [util.http_cache.transport] [CACHE UPDATED] https://akashi-list.me/detail/w165.html -> akashi-list.me/detail/w165.html (200)[0m
[akashi] id=w165 status=saved
[32m2026-07-09 02:00:48,955 [INFO] [util.http_cache.transport] [CACHE UPDATED] https://akashi-list.me/detail/w216.html -> akashi-list.me/detail/w216.html (200)[0m
[akashi] id=w216 status=saved
[32m2026-07-09 02:00:49,581 [INFO] [util.http_cache.transport] [CACHE UPDATED] https://akashi-list.me/detail/w217.html -> akashi-list.me/detail/w217.html (200)[0m
[akashi] id=w217 status=saved
[32m2026-07-09 02:00:50,330 [INFO] [util.http_cache.transport] [CACHE UPDATED] https://akashi-list.me/detail/w485.html -> akashi-list.me/detail/w485.html (200)[0m
[akashi] id=w485 status=saved
[32m2026-07-09 02:00:50,897 [INFO] [util.http_cache.transport] [CACHE UPDATED] https://akashi-list.me/detail/w026.html -> akashi-list.me/detail/w026.html (200)[0m
[akashi] id=w026 status=saved
[32m2026-07-09 02:00:51,444 [INFO] [util.http_cache.transport] [CACHE UPDATED] https://akashi-list.me/detail/w194.html -> akashi-list.me/detail/w194.html (200)[0m
[akashi] id=w194 status=saved
[32m2026-07-09 02:00:52,107 [INFO] [util.http_cache.transport] [CACHE UPDATED] https://akashi-list.me/detail/w367.html -> akashi-list.me/detail/w367.html (200)[0m
[akashi] id=w367 status=saved
[32m2026-07-09 02:00:52,634 [INFO] [util.http_cache.transport] [CACHE UPDATED] https://akashi-list.me/detail/w079.html -> akashi-list.me/detail/w079.html (200)[0m
[akashi] id=w079 status=saved
[32m2026-07-09 02:00:53,415 [INFO] [util.http_cache.transport] [CACHE UPDATED] https://akashi-list.me/detail/w080.html -> akashi-list.me/detail/w080.html (200)[0m
[akashi] id=w080 status=saved
[32m2026-07-09 02:00:54,084 [INFO] [util.http_cache.transport] [CACHE UPDATED] https://akashi-list.me/detail/w368.html -> akashi-list.me/detail/w368.html (200)[0m
[akashi] id=w368 status=saved
[32m2026-07-09 02:00:54,769 [INFO] [util.http_cache.transport] [CACHE UPDATED] https://akashi-list.me/detail/w081.html -> akashi-list.me/detail/w081.html (200)[0m
[akashi] id=w081 status=saved
[32m2026-07-09 02:00:55,399 [INFO] [util.http_cache.transport] [CACHE UPDATED] https://akashi-list.me/detail/w237.html -> akashi-list.me/detail/w237.html (200)[0m
[akashi] id=w237 status=saved
[32m2026-07-09 02:00:56,084 [INFO] [util.http_cache.transport] [CACHE UPDATED] https://akashi-list.me/detail/w322.html -> akashi-list.me/detail/w322.html (200)[0m
[akashi] id=w322 status=saved
[32m2026-07-09 02:00:56,563 [INFO] [util.http_cache.transport] [CACHE UPDATED] https://akashi-list.me/detail/w069.html -> akashi-list.me/detail/w069.html (200)[0m
[akashi] id=w069 status=saved
[32m2026-07-09 02:00:57,087 [INFO] [util.http_cache.transport] [CACHE UPDATED] https://akashi-list.me/detail/w324.html -> akashi-list.me/detail/w324.html (200)[0m
[akashi] id=w324 status=saved
[32m2026-07-09 02:00:57,809 [INFO] [util.http_cache.transport] [CACHE UPDATED] https://akashi-list.me/detail/w325.html -> akashi-list.me/detail/w325.html (200)[0m
[akashi] id=w325 status=saved
[32m2026-07-09 02:00:58,398 [INFO] [util.http_cache.transport] [CACHE UPDATED] https://akashi-list.me/detail/w326.html -> akashi-list.me/detail/w326.html (200)[0m
[akashi] id=w326 status=saved
[32m2026-07-09 02:00:59,292 [INFO] [util.http_cache.transport] [CACHE UPDATED] https://akashi-list.me/detail/w327.html -> akashi-list.me/detail/w327.html (200)[0m
[akashi] id=w327 status=saved
[32m2026-07-09 02:00:59,842 [INFO] [util.http_cache.transport] [CACHE UPDATED] https://akashi-list.me/detail/w070.html -> akashi-list.me/detail/w070.html (200)[0m
[akashi] id=w070 status=saved
[33m2026-07-09 02:01:05,289 [WARNING] [util.http_cache.transport] [FETCH RETRY] https://akashi-list.me/detail/w489.html attempt=1/4 delay=1.18s reason=SSLError: HTTPSConnectionPool(host='akashi-list.me', port=443): Max retries exceeded with url: /detail/w489.html (Caused by SSLError(SSLEOFError(8, '[SSL: UNEXPECTED_EOF_WHILE_READING] EOF occurred in violation of protocol (_ssl.c:1082)')))[0m
[32m2026-07-09 02:01:07,130 [INFO] [util.http_cache.transport] [CACHE UPDATED] https://akashi-list.me/detail/w489.html -> akashi-list.me/detail/w489.html (200)[0m
[akashi] id=w489 status=saved
[32m2026-07-09 02:01:07,832 [INFO] [util.http_cache.transport] [CACHE UPDATED] https://akashi-list.me/detail/w451.html -> akashi-list.me/detail/w451.html (200)[0m
[akashi] id=w451 status=saved
[32m2026-07-09 02:01:08,722 [INFO] [util.http_cache.transport] [CACHE UPDATED] https://akashi-list.me/detail/w549.html -> akashi-list.me/detail/w549.html (200)[0m
[akashi] id=w549 status=saved
[32m2026-07-09 02:01:11,021 [INFO] [util.http_cache.transport] [CACHE UPDATED] https://akashi-list.me/detail/w068.html -> akashi-list.me/detail/w068.html (200)[0m
[akashi] id=w068 status=saved
[32m2026-07-09 02:01:11,426 [INFO] [util.http_cache.transport] [CACHE UPDATED] https://akashi-list.me/detail/w166.html -> akashi-list.me/detail/w166.html (200)[0m
[akashi] id=w166 status=saved
[32m2026-07-09 02:01:12,180 [INFO] [util.http_cache.transport] [CACHE UPDATED] https://akashi-list.me/detail/w167.html -> akashi-list.me/detail/w167.html (200)[0m
[akashi] id=w167 status=saved
[32m2026-07-09 02:01:13,051 [INFO] [util.http_cache.transport] [CACHE UPDATED] https://akashi-list.me/detail/w193.html -> akashi-list.me/detail/w193.html (200)[0m
[akashi] id=w193 status=saved
[32m2026-07-09 02:01:13,521 [INFO] [util.http_cache.transport] [CACHE UPDATED] https://akashi-list.me/detail/w408.html -> akashi-list.me/detail/w408.html (200)[0m
[akashi] id=w408 status=saved
[32m2026-07-09 02:01:13,955 [INFO] [util.http_cache.transport] [CACHE UPDATED] https://akashi-list.me/detail/w409.html -> akashi-list.me/detail/w409.html (200)[0m
[akashi] id=w409 status=saved
[32m2026-07-09 02:01:14,793 [INFO] [util.http_cache.transport] [CACHE UPDATED] https://akashi-list.me/detail/w496.html -> akashi-list.me/detail/w496.html (200)[0m
[akashi] id=w496 status=saved
[32m2026-07-09 02:01:15,435 [INFO] [util.http_cache.transport] [CACHE UPDATED] https://akashi-list.me/detail/w445.html -> akashi-list.me/detail/w445.html (200)[0m
[akashi] id=w445 status=saved
[32m2026-07-09 02:01:16,239 [INFO] [util.http_cache.transport] [CACHE UPDATED] https://akashi-list.me/detail/w446.html -> akashi-list.me/detail/w446.html (200)[0m
[akashi] id=w446 status=saved
[32m2026-07-09 02:01:16,918 [INFO] [util.http_cache.transport] [CACHE UPDATED] https://akashi-list.me/detail/w452.html -> akashi-list.me/detail/w452.html (200)[0m
[akashi] id=w452 status=saved
[32m2026-07-09 02:01:17,830 [INFO] [util.http_cache.transport] [CACHE UPDATED] https://akashi-list.me/detail/w221.html -> akashi-list.me/detail/w221.html (200)[0m
[akashi] id=w221 status=saved
[32m2026-07-09 02:01:18,596 [INFO] [util.http_cache.transport] [CACHE UPDATED] https://akashi-list.me/detail/w175.html -> akashi-list.me/detail/w175.html (200)[0m
[akashi] id=w175 status=saved
[32m2026-07-09 02:01:19,416 [INFO] [util.http_cache.transport] [CACHE UPDATED] https://akashi-list.me/detail/w250.html -> akashi-list.me/detail/w250.html (200)[0m
[akashi] id=w250 status=saved
[32m2026-07-09 02:01:20,249 [INFO] [util.http_cache.transport] [CACHE UPDATED] https://akashi-list.me/detail/w222.html -> akashi-list.me/detail/w222.html (200)[0m
[akashi] id=w222 status=saved
[32m2026-07-09 02:01:20,963 [INFO] [util.http_cache.transport] [CACHE UPDATED] https://akashi-list.me/detail/w176.html -> akashi-list.me/detail/w176.html (200)[0m
[akashi] id=w176 status=saved
[32m2026-07-09 02:01:21,563 [INFO] [util.http_cache.transport] [CACHE UPDATED] https://akashi-list.me/detail/w201.html -> akashi-list.me/detail/w201.html (200)[0m
[akashi] id=w201 status=saved
[32m2026-07-09 02:01:22,131 [INFO] [util.http_cache.transport] [CACHE UPDATED] https://akashi-list.me/detail/w202.html -> akashi-list.me/detail/w202.html (200)[0m
[akashi] id=w202 status=saved
[32m2026-07-09 02:01:22,779 [INFO] [util.http_cache.transport] [CACHE UPDATED] https://akashi-list.me/detail/w185.html -> akashi-list.me/detail/w185.html (200)[0m
[akashi] id=w185 status=saved
[32m2026-07-09 02:01:23,355 [INFO] [util.http_cache.transport] [CACHE UPDATED] https://akashi-list.me/detail/w251.html -> akashi-list.me/detail/w251.html (200)[0m
[akashi] id=w251 status=saved
[32m2026-07-09 02:01:26,594 [INFO] [util.http_cache.transport] [CACHE UPDATED] https://akashi-list.me/detail/w546.html -> akashi-list.me/detail/w546.html (200)[0m
[akashi] id=w546 status=saved
[32m2026-07-09 02:01:27,238 [INFO] [util.http_cache.transport] [CACHE UPDATED] https://akashi-list.me/detail/w224.html -> akashi-list.me/detail/w224.html (200)[0m
[akashi] id=w224 status=saved
[32m2026-07-09 02:01:27,874 [INFO] [util.http_cache.transport] [CACHE UPDATED] https://akashi-list.me/detail/w401.html -> akashi-list.me/detail/w401.html (200)[0m
[akashi] id=w401 status=saved
[32m2026-07-09 02:01:28,434 [INFO] [util.http_cache.transport] [CACHE UPDATED] https://akashi-list.me/detail/w168.html -> akashi-list.me/detail/w168.html (200)[0m
[akashi] id=w168 status=saved
[32m2026-07-09 02:01:29,070 [INFO] [util.http_cache.transport] [CACHE UPDATED] https://akashi-list.me/detail/w431.html -> akashi-list.me/detail/w431.html (200)[0m
[akashi] id=w431 status=saved
[32m2026-07-09 02:01:29,687 [INFO] [util.http_cache.transport] [CACHE UPDATED] https://akashi-list.me/detail/w169.html -> akashi-list.me/detail/w169.html (200)[0m
[akashi] id=w169 status=saved
[32m2026-07-09 02:01:30,397 [INFO] [util.http_cache.transport] [CACHE UPDATED] https://akashi-list.me/detail/w180.html -> akashi-list.me/detail/w180.html (200)[0m
[akashi] id=w180 status=saved
[32m2026-07-09 02:01:31,186 [INFO] [util.http_cache.transport] [CACHE UPDATED] https://akashi-list.me/detail/w186.html -> akashi-list.me/detail/w186.html (200)[0m
[akashi] id=w186 status=saved
[32m2026-07-09 02:01:31,844 [INFO] [util.http_cache.transport] [CACHE UPDATED] https://akashi-list.me/detail/w493.html -> akashi-list.me/detail/w493.html (200)[0m
[akashi] id=w493 status=saved
[32m2026-07-09 02:01:32,495 [INFO] [util.http_cache.transport] [CACHE UPDATED] https://akashi-list.me/detail/w432.html -> akashi-list.me/detail/w432.html (200)[0m
[akashi] id=w432 status=saved
[32m2026-07-09 02:01:33,108 [INFO] [util.http_cache.transport] [CACHE UPDATED] https://akashi-list.me/detail/w170.html -> akashi-list.me/detail/w170.html (200)[0m
[akashi] id=w170 status=saved
[32m2026-07-09 02:01:33,637 [INFO] [util.http_cache.transport] [CACHE UPDATED] https://akashi-list.me/detail/w187.html -> akashi-list.me/detail/w187.html (200)[0m
[akashi] id=w187 status=saved
[32m2026-07-09 02:01:34,179 [INFO] [util.http_cache.transport] [CACHE UPDATED] https://akashi-list.me/detail/w403.html -> akashi-list.me/detail/w403.html (200)[0m
[akashi] id=w403 status=saved
[32m2026-07-09 02:01:34,835 [INFO] [util.http_cache.transport] [CACHE UPDATED] https://akashi-list.me/detail/w395.html -> akashi-list.me/detail/w395.html (200)[0m
[akashi] id=w395 status=saved
[32m2026-07-09 02:01:35,531 [INFO] [util.http_cache.transport] [CACHE UPDATED] https://akashi-list.me/detail/w145.html -> akashi-list.me/detail/w145.html (200)[0m
[akashi] id=w145 status=saved
[32m2026-07-09 02:01:36,412 [INFO] [util.http_cache.transport] [CACHE UPDATED] https://akashi-list.me/detail/w348.html -> akashi-list.me/detail/w348.html (200)[0m
[32m2026-07-09 02:01:37,673 [INFO] [util.http_cache.transport] [CACHE UPDATED] https://aiacdn.contents-stg.site/img/new-funsiki-material.png -> cache/images/92.png (200)[0m
[akashi] id=w348 status=saved
[32m2026-07-09 02:01:38,394 [INFO] [util.http_cache.transport] [CACHE UPDATED] https://akashi-list.me/detail/w478.html -> akashi-list.me/detail/w478.html (200)[0m
[akashi] id=w478 status=saved
[32m2026-07-09 02:01:39,051 [INFO] [util.http_cache.transport] [CACHE UPDATED] https://akashi-list.me/detail/w500.html -> akashi-list.me/detail/w500.html (200)[0m
[akashi] id=w500 status=saved
[32m2026-07-09 02:01:39,562 [INFO] [util.http_cache.transport] [CACHE UPDATED] https://akashi-list.me/detail/w531.html -> akashi-list.me/detail/w531.html (200)[0m
[akashi] id=w531 status=saved
[32m2026-07-09 02:01:40,244 [INFO] [util.http_cache.transport] [CACHE UPDATED] https://akashi-list.me/detail/w129.html -> akashi-list.me/detail/w129.html (200)[0m
[akashi] id=w129 status=saved
[akashi receipt] ready=true mode=full items=372 output=/Users/sakana/code/personal/kancolle/kancolle-item-improvement-spider/.flow/local/source-receipts/akashi-list.json
