$ /Users/sakana/code/personal/kancolle/kancolle-item-improvement-spider/.venv/bin/python3 script/project/python_runner.py script/project/test.py --pattern release_test*.py
$ /Users/sakana/code/personal/kancolle/kancolle-item-improvement-spider/.venv/bin/python3 -m unittest tests.test_config_guard tests.test_directory_governance tests.test_external_tooling_boundary tests.test_main_boundary tests.test_main_beta_release tests.test_npm_beta tests.test_path_contract_governance tests.test_public_data_package_docs tests.test_public_candidate_check tests.test_public_content_audit tests.test_release_transaction tests.test_public_automation_bundle tests.test_github_action_pipeline tests.test_consumer_identity tests.test_npm_business_identity tests.test_npm_release_set tests.test_official_assets tests.test_asset_projection tests.test_akashi_image_downloads tests.test_cache tests.test_operator_stop tools/wikiwiki-crawler/tests/test_crawler.py tests.test_generated_state tests.test_project_commands tests.test_flow_command tests.test_python_environment tests.test_text_normalization tests.test_quality_profile_boundaries tests.test_script_convergence tests.test_command_support tests.test_source_phase tests.test_smoke_flow_command tests.test_run_flow_command tests.test_kcwiki_nonblocking tests.test_improvement_assistant_reverse tests.test_wikiwiki_flow_command tests.test_wikiwiki_crawler -v
test_committed_default_configs_are_allowed (tests.test_config_guard.ConfigGovernanceTest.test_committed_default_configs_are_allowed) ... ok
test_configs_readme_is_required_but_not_json_contract (tests.test_config_guard.ConfigGovernanceTest.test_configs_readme_is_required_but_not_json_contract) ... ok
test_non_template_config_rejects_local_absolute_paths (tests.test_config_guard.ConfigGovernanceTest.test_non_template_config_rejects_local_absolute_paths) ... ok
test_non_template_config_rejects_placeholders (tests.test_config_guard.ConfigGovernanceTest.test_non_template_config_rejects_placeholders) ... ok
test_private_config_is_rejected_even_under_configs (tests.test_config_guard.ConfigGovernanceTest.test_private_config_is_rejected_even_under_configs) ... ok
test_tool_config_example_must_move_to_configs_default (tests.test_config_guard.ConfigGovernanceTest.test_tool_config_example_must_move_to_configs_default) ... ok
test_tracked_generated_data_json_is_not_treated_as_config_placeholder (tests.test_config_guard.ConfigGovernanceTest.test_tracked_generated_data_json_is_not_treated_as_config_placeholder) ... ok
test_cleanup_rejects_symlink (tests.test_directory_governance.DirectoryGovernanceTest.test_cleanup_rejects_symlink) ... ok
test_cleanup_removes_only_retired_local_roots (tests.test_directory_governance.DirectoryGovernanceTest.test_cleanup_removes_only_retired_local_roots) ... ok
test_current_project_has_no_retired_roots (tests.test_directory_governance.DirectoryGovernanceTest.test_current_project_has_no_retired_roots) ... ok
test_path_module_import_has_no_directory_side_effects (tests.test_directory_governance.DirectoryGovernanceTest.test_path_module_import_has_no_directory_side_effects) ... ok
test_verify_allows_cache_only_moved_code_directory (tests.test_directory_governance.DirectoryGovernanceTest.test_verify_allows_cache_only_moved_code_directory) ... ok
test_verify_allows_transient_empty_retired_project_directory (tests.test_directory_governance.DirectoryGovernanceTest.test_verify_allows_transient_empty_retired_project_directory) ... ok
test_verify_rejects_retired_roots (tests.test_directory_governance.DirectoryGovernanceTest.test_verify_rejects_retired_roots) ... ok
test_verify_rejects_source_in_moved_code_directory (tests.test_directory_governance.DirectoryGovernanceTest.test_verify_rejects_source_in_moved_code_directory) ... ok
test_dev_flow_command_is_only_a_local_wrapper (tests.test_external_tooling_boundary.ExternalToolingBoundaryTest.test_dev_flow_command_is_only_a_local_wrapper) ... ok
test_local_acquisition_state_is_preserved_and_ignored (tests.test_external_tooling_boundary.ExternalToolingBoundaryTest.test_local_acquisition_state_is_preserved_and_ignored) ... ok
test_public_automation_has_no_dev_tool_dependency (tests.test_external_tooling_boundary.ExternalToolingBoundaryTest.test_public_automation_has_no_dev_tool_dependency) ... ok
test_wikiwiki_crawler_is_public_acquisition_automation (tests.test_external_tooling_boundary.ExternalToolingBoundaryTest.test_wikiwiki_crawler_is_public_acquisition_automation) ... ok
test_beta_snapshot_replaces_entire_remote_tree_with_shared_public_snapshot (tests.test_main_boundary.MainBoundaryTest.test_beta_snapshot_replaces_entire_remote_tree_with_shared_public_snapshot) ... ok
test_declaration_is_categorized_and_public_boundary_closes (tests.test_main_boundary.MainBoundaryTest.test_declaration_is_categorized_and_public_boundary_closes) ... ok
test_review_delta_classifies_only_deletions_of_retired_public_paths (tests.test_main_boundary.MainBoundaryTest.test_review_delta_classifies_only_deletions_of_retired_public_paths) ... ok
test_review_delta_is_categorized_for_ai (tests.test_main_boundary.MainBoundaryTest.test_review_delta_is_categorized_for_ai) ... ok
test_review_delta_rejects_reintroduced_retired_public_path (tests.test_main_boundary.MainBoundaryTest.test_review_delta_rejects_reintroduced_retired_public_path) ... ok
test_workflow_cannot_depend_on_dev_flow (tests.test_main_boundary.MainBoundaryTest.test_workflow_cannot_depend_on_dev_flow) ... ok
test_prepare_beta_pushes_exact_shared_public_snapshot_and_does_not_touch_main (tests.test_main_beta_release.MainBetaReleaseTest.test_prepare_beta_pushes_exact_shared_public_snapshot_and_does_not_touch_main) ... ok
test_prepare_rejects_non_prerelease_version (tests.test_npm_beta.TemporaryNpmBetaTest.test_prepare_rejects_non_prerelease_version) ... ok
test_prepare_uses_isolated_dist_staging_and_preserves_source (tests.test_npm_beta.TemporaryNpmBetaTest.test_prepare_uses_isolated_dist_staging_and_preserves_source) ... 
> @sakura2333/kancolle-data@0.5.2-beta.0 check
> node -e "const p=require('./package.json');const m=require('./manifest.json');if(p.version!==m.packageVersion)process.exit(2)"


> @sakura2333/kancolle-data@0.5.2-beta.0 check:fresh
> node -e "const m=require('./manifest.json');if(m.datasets.improvement.status!=='ok')process.exit(3)"

ok
test_publish_requires_explicit_confirmation_before_preparing (tests.test_npm_beta.TemporaryNpmBetaTest.test_publish_requires_explicit_confirmation_before_preparing) ... ok
test_absolute_path_text_is_not_an_equality_contract (tests.test_path_contract_governance.PathContractGovernanceTest.test_absolute_path_text_is_not_an_equality_contract) ... ok
test_host_temporary_path_spelling_is_not_embedded_in_python_contracts (tests.test_path_contract_governance.PathContractGovernanceTest.test_host_temporary_path_spelling_is_not_embedded_in_python_contracts) ... ok
test_project_relative_identity_ignores_symlinked_host_root (tests.test_path_contract_governance.PathContractGovernanceTest.test_project_relative_identity_ignores_symlinked_host_root) ... ok
test_project_relative_identity_rejects_escape (tests.test_path_contract_governance.PathContractGovernanceTest.test_project_relative_identity_rejects_escape) ... ok
test_architecture_and_release_notes_use_the_same_three_stage_contract (tests.test_public_data_package_docs.PublicDataPackageDocumentationTest.test_architecture_and_release_notes_use_the_same_three_stage_contract) ... ok
test_lifecycle_and_beta_builder_share_unified_npm_output_root (tests.test_public_data_package_docs.PublicDataPackageDocumentationTest.test_lifecycle_and_beta_builder_share_unified_npm_output_root) ... ok
test_root_readme_distinguishes_template_candidate_and_artifact (tests.test_public_data_package_docs.PublicDataPackageDocumentationTest.test_root_readme_distinguishes_template_candidate_and_artifact) ... ok
test_schema_document_uses_generated_package_paths (tests.test_public_data_package_docs.PublicDataPackageDocumentationTest.test_schema_document_uses_generated_package_paths) ... ok
test_accepts_exact_public_managed_set (tests.test_public_candidate_check.PublicCandidateCheckTest.test_accepts_exact_public_managed_set) ... ok
test_boundary_receives_manifest_projection_without_git_metadata (tests.test_public_candidate_check.PublicCandidateCheckTest.test_boundary_receives_manifest_projection_without_git_metadata) ... ok
test_rejects_internal_path_in_manifest (tests.test_public_candidate_check.PublicCandidateCheckTest.test_rejects_internal_path_in_manifest) ... ok
test_rejects_unmanifested_file_but_not_worktree_metadata (tests.test_public_candidate_check.PublicCandidateCheckTest.test_rejects_unmanifested_file_but_not_worktree_metadata) ... ok
test_worktree_git_pointer_is_metadata_not_public_content (tests.test_public_candidate_check.PublicCandidateCheckTest.test_worktree_git_pointer_is_metadata_not_public_content) ... ok
test_current_declared_public_files_do_not_expose_private_entrypoints (tests.test_public_content_audit.PublicContentAuditTest.test_current_declared_public_files_do_not_expose_private_entrypoints) ... ok
test_exception_occurrence_count_is_exact (tests.test_public_content_audit.PublicContentAuditTest.test_exception_occurrence_count_is_exact) ... ok
test_public_gitignore_matches_documented_local_and_private_paths (tests.test_public_content_audit.PublicContentAuditTest.test_public_gitignore_matches_documented_local_and_private_paths) ... ok
test_public_gitignore_orders_controlled_defensive_and_ambient_rules (tests.test_public_content_audit.PublicContentAuditTest.test_public_gitignore_orders_controlled_defensive_and_ambient_rules) ... ok
test_public_paths_exclude_local_config_by_project_registry (tests.test_public_content_audit.PublicContentAuditTest.test_public_paths_exclude_local_config_by_project_registry) ... ok
test_rejects_internal_control_plane_reference (tests.test_public_content_audit.PublicContentAuditTest.test_rejects_internal_control_plane_reference) ... ok
test_rejects_missing_public_markdown_path (tests.test_public_content_audit.PublicContentAuditTest.test_rejects_missing_public_markdown_path) ... ok
test_rejects_missing_python_module_entrypoint (tests.test_public_content_audit.PublicContentAuditTest.test_rejects_missing_python_module_entrypoint) ... ok
test_review_token_requires_exact_registered_exception (tests.test_public_content_audit.PublicContentAuditTest.test_review_token_requires_exact_registered_exception) ... ok
test_unknown_top_level_with_authoritative_file_is_rejected (tests.test_public_content_audit.PublicContentAuditTest.test_unknown_top_level_with_authoritative_file_is_rejected) ... ok
test_unknown_top_level_with_only_machine_state_is_ignored (tests.test_public_content_audit.PublicContentAuditTest.test_unknown_top_level_with_only_machine_state_is_ignored) ... ok
test_beta_and_stable_review_channels_do_not_overwrite_each_other (tests.test_release_transaction.ReleaseTransactionTest.test_beta_and_stable_review_channels_do_not_overwrite_each_other) ... ok
test_candidate_freeze_is_one_way_and_workspace_is_removed (tests.test_release_transaction.ReleaseTransactionTest.test_candidate_freeze_is_one_way_and_workspace_is_removed) ... ok
test_candidate_records_exclude_worktree_git_metadata (tests.test_release_transaction.ReleaseTransactionTest.test_candidate_records_exclude_worktree_git_metadata) ... ok
test_review_bundle_is_fixed_projection_not_sanitized_internal_receipt (tests.test_release_transaction.ReleaseTransactionTest.test_review_bundle_is_fixed_projection_not_sanitized_internal_receipt) ... ok
test_acquire_prefetches_kcquests_as_a_required_build_input (tests.test_public_automation_bundle.PublicAutomationBundleTest.test_acquire_prefetches_kcquests_as_a_required_build_input) ... ok
test_acquire_prunes_retired_akashi_image_cache_only (tests.test_public_automation_bundle.PublicAutomationBundleTest.test_acquire_prunes_retired_akashi_image_cache_only) ... ok
test_non_publish_candidate_is_bound_to_source_manifest_and_commit (tests.test_public_automation_bundle.PublicAutomationBundleTest.test_non_publish_candidate_is_bound_to_source_manifest_and_commit) ... ok
test_ready_lock_cache_closure_covers_every_fixed_strict_build_input (tests.test_public_automation_bundle.PublicAutomationBundleTest.test_ready_lock_cache_closure_covers_every_fixed_strict_build_input) ... ok
test_ready_lock_cache_closure_rejects_fallback_metadata (tests.test_public_automation_bundle.PublicAutomationBundleTest.test_ready_lock_cache_closure_rejects_fallback_metadata) ... ok
test_source_bundle_manifest_rejects_tampering (tests.test_public_automation_bundle.PublicAutomationBundleTest.test_source_bundle_manifest_rejects_tampering) ... ok
test_source_bundle_ready_lock_binds_manifest_and_rejects_extra_authority (tests.test_public_automation_bundle.PublicAutomationBundleTest.test_source_bundle_ready_lock_binds_manifest_and_rejects_extra_authority) ... ok
test_verified_source_bundle_restores_process_audit_state (tests.test_public_automation_bundle.PublicAutomationBundleTest.test_verified_source_bundle_restores_process_audit_state) ... ok
test_acquire_and_build_use_daily_offset_schedules_and_global_source_lock (tests.test_github_action_pipeline.GithubActionPipelineTest.test_acquire_and_build_use_daily_offset_schedules_and_global_source_lock) ... ok
test_acquire_only_outputs_a_source_bundle (tests.test_github_action_pipeline.GithubActionPipelineTest.test_acquire_only_outputs_a_source_bundle) ... ok
test_all_workflows_use_python_314_and_locked_uv (tests.test_github_action_pipeline.GithubActionPipelineTest.test_all_workflows_use_python_314_and_locked_uv) ... ok
test_artifact_uploads_preserve_hidden_runtime_state (tests.test_github_action_pipeline.GithubActionPipelineTest.test_artifact_uploads_preserve_hidden_runtime_state) ... ok
test_build_and_manual_release_share_one_publication_lock (tests.test_github_action_pipeline.GithubActionPipelineTest.test_build_and_manual_release_share_one_publication_lock) ... ok
test_build_consumes_source_freezes_candidate_and_publishes_automatically (tests.test_github_action_pipeline.GithubActionPipelineTest.test_build_consumes_source_freezes_candidate_and_publishes_automatically) ... ok
test_build_rejects_untrusted_requested_source_runs_and_plans_from_registry (tests.test_github_action_pipeline.GithubActionPipelineTest.test_build_rejects_untrusted_requested_source_runs_and_plans_from_registry) ... ok
test_contract_only_change_allocates_new_patch_when_data_is_unchanged (tests.test_github_action_pipeline.GithubActionPipelineTest.test_contract_only_change_allocates_new_patch_when_data_is_unchanged) ... ok
test_every_public_workflow_run_block_is_valid_bash (tests.test_github_action_pipeline.GithubActionPipelineTest.test_every_public_workflow_run_block_is_valid_bash) ... ok
test_existing_improvement2_business_change_allocates_new_patch (tests.test_github_action_pipeline.GithubActionPipelineTest.test_existing_improvement2_business_change_allocates_new_patch) ... ok
test_existing_improvement2_digest_match_can_noop (tests.test_github_action_pipeline.GithubActionPipelineTest.test_existing_improvement2_digest_match_can_noop) ... ok
test_missing_improvement2_variant_reconciles_without_allocating_patch (tests.test_github_action_pipeline.GithubActionPipelineTest.test_missing_improvement2_variant_reconciles_without_allocating_patch) ... ok
test_new_npm_business_content_allocates_next_patch_from_registry_only (tests.test_github_action_pipeline.GithubActionPipelineTest.test_new_npm_business_content_allocates_next_patch_from_registry_only) ... ok
test_online_history_is_not_used_as_npm_release_authority (tests.test_github_action_pipeline.GithubActionPipelineTest.test_online_history_is_not_used_as_npm_release_authority) ... ok
test_pipeline_is_split_into_acquire_build_and_recovery_release (tests.test_github_action_pipeline.GithubActionPipelineTest.test_pipeline_is_split_into_acquire_build_and_recovery_release) ... ok
test_public_workflows_do_not_depend_on_dev_flow (tests.test_github_action_pipeline.GithubActionPipelineTest.test_public_workflows_do_not_depend_on_dev_flow) ... ok
test_reconciliation_hydrates_existing_registry_tarballs_into_candidate (tests.test_github_action_pipeline.GithubActionPipelineTest.test_reconciliation_hydrates_existing_registry_tarballs_into_candidate) ... ok
test_registry_head_consumer_digest_is_read_before_stateless_planning (tests.test_github_action_pipeline.GithubActionPipelineTest.test_registry_head_consumer_digest_is_read_before_stateless_planning) ... ok
test_registry_without_online_is_reconciled_automatically_for_same_digest (tests.test_github_action_pipeline.GithubActionPipelineTest.test_registry_without_online_is_reconciled_automatically_for_same_digest) ... ok
test_release_only_consumes_frozen_candidate_for_recovery (tests.test_github_action_pipeline.GithubActionPipelineTest.test_release_only_consumes_frozen_candidate_for_recovery) ... ok
test_same_consumer_digest_is_noop_when_registry_tags_and_online_are_aligned (tests.test_github_action_pipeline.GithubActionPipelineTest.test_same_consumer_digest_is_noop_when_registry_tags_and_online_are_aligned) ... ok
test_same_consumer_digest_reuses_registry_head_and_reconciles_automatically (tests.test_github_action_pipeline.GithubActionPipelineTest.test_same_consumer_digest_reuses_registry_head_and_reconciles_automatically) ... ok
test_directory_and_published_tarball_use_the_same_rules (tests.test_consumer_identity.ConsumerIdentityTest.test_directory_and_published_tarball_use_the_same_rules) ... ok
test_improvement2_identity_ignores_canonical_equipment_payload (tests.test_consumer_identity.ConsumerIdentityTest.test_improvement2_identity_ignores_canonical_equipment_payload) ... ok
test_real_consumer_data_change_changes_identity (tests.test_consumer_identity.ConsumerIdentityTest.test_real_consumer_data_change_changes_identity) ... ok
test_versions_timestamps_and_release_history_do_not_change_identity (tests.test_consumer_identity.ConsumerIdentityTest.test_versions_timestamps_and_release_history_do_not_change_identity) ... ok
test_consumer_data_change_changes_identity (tests.test_npm_business_identity.NpmBusinessIdentityTest.test_consumer_data_change_changes_identity) ... ok
test_public_runtime_contract_change_changes_identity (tests.test_npm_business_identity.NpmBusinessIdentityTest.test_public_runtime_contract_change_changes_identity) ... ok
test_schema_change_changes_identity (tests.test_npm_business_identity.NpmBusinessIdentityTest.test_schema_change_changes_identity) ... ok
test_version_release_history_manifest_and_docs_do_not_allocate_identity (tests.test_npm_business_identity.NpmBusinessIdentityTest.test_version_release_history_manifest_and_docs_do_not_allocate_identity) ... ok
test_hydrate_published_artifacts_rejects_actual_registry_identity_conflict (tests.test_npm_release_set.NpmReleaseSetTest.test_hydrate_published_artifacts_rejects_actual_registry_identity_conflict) ... ok
test_hydrate_published_artifacts_uses_registry_bytes_and_reverifies (tests.test_npm_release_set.NpmReleaseSetTest.test_hydrate_published_artifacts_uses_registry_bytes_and_reverifies) ... ok
test_improvement2_staging_is_minimal_and_png_only (tests.test_npm_release_set.NpmReleaseSetTest.test_improvement2_staging_is_minimal_and_png_only) ... ok
test_improvement2_version_is_deterministic_and_unique (tests.test_npm_release_set.NpmReleaseSetTest.test_improvement2_version_is_deterministic_and_unique) ... ok
test_release_set_ignores_legacy_self_reported_digest_and_recomputes_tarball (tests.test_npm_release_set.NpmReleaseSetTest.test_release_set_ignores_legacy_self_reported_digest_and_recomputes_tarball) ... ok
test_release_set_rejects_identity_metadata_that_does_not_match_files (tests.test_npm_release_set.NpmReleaseSetTest.test_release_set_rejects_identity_metadata_that_does_not_match_files) ... ok
test_release_set_verifies_independent_canonical_and_projection_identities (tests.test_npm_release_set.NpmReleaseSetTest.test_release_set_verifies_independent_canonical_and_projection_identities) ... ok
test_stable_release_set_builds_current_and_legacy_default_paths (tests.test_npm_release_set.NpmReleaseSetTest.test_stable_release_set_builds_current_and_legacy_default_paths) ... skipped 'npm release-set integration requires generated package datasets'
test_equipment_card_is_encoded_as_webp_quality_93 (tests.test_official_assets.OfficialAssetTest.test_equipment_card_is_encoded_as_webp_quality_93) ... ok
test_equipment_card_rejects_unexpected_dimensions (tests.test_official_assets.OfficialAssetTest.test_equipment_card_rejects_unexpected_dimensions) ... ok
test_equipment_resource_code_matches_known_cards (tests.test_official_assets.OfficialAssetTest.test_equipment_resource_code_matches_known_cards) ... ok
test_equipment_source_cache_key_tracks_api_version (tests.test_official_assets.OfficialAssetTest.test_equipment_source_cache_key_tracks_api_version) ... ok
test_invalid_cached_webp_is_reencoded (tests.test_official_assets.OfficialAssetTest.test_invalid_cached_webp_is_reencoded) ... ok
test_missing_start2_records_are_rejected (tests.test_official_assets.OfficialAssetTest.test_missing_start2_records_are_rejected) ... ok
test_packaged_equipment_validation_requires_390_webp (tests.test_official_assets.OfficialAssetTest.test_packaged_equipment_validation_requires_390_webp) ... ok
test_required_asset_stage_collects_canonical_route_ids_once (tests.test_official_assets.OfficialAssetTest.test_required_asset_stage_collects_canonical_route_ids_once) ... ok
test_useitem_card_keeps_png_and_generates_canonical_webp (tests.test_official_assets.OfficialAssetTest.test_useitem_card_keeps_png_and_generates_canonical_webp) ... ok
test_useitem_download_rejects_non_png_payload (tests.test_official_assets.OfficialAssetTest.test_useitem_download_rejects_non_png_payload) ... ok
test_useitem_legacy_and_current_paths_follow_official_layout (tests.test_official_assets.OfficialAssetTest.test_useitem_legacy_and_current_paths_follow_official_layout) ... ok
test_useitem_source_cache_is_isolated_from_retired_akashi_cache (tests.test_official_assets.OfficialAssetTest.test_useitem_source_cache_is_isolated_from_retired_akashi_cache) ... ok
test_cached_icons_are_promoted_to_stable_assets (tests.test_asset_projection.AssetProjectionTest.test_cached_icons_are_promoted_to_stable_assets) ... ok
test_equipment_promotion_replaces_legacy_png_with_webp (tests.test_asset_projection.AssetProjectionTest.test_equipment_promotion_replaces_legacy_png_with_webp) ... ok
test_akashi_html_image_urls_are_not_parsed (tests.test_akashi_image_downloads.AkashiImageDownloadBoundaryTest.test_akashi_html_image_urls_are_not_parsed) ... ok
test_akashi_parsers_do_not_acquire_images (tests.test_akashi_image_downloads.AkashiImageDownloadBoundaryTest.test_akashi_parsers_do_not_acquire_images) ... ok
test_official_asset_stage_runs_after_canonical_route_conversion (tests.test_akashi_image_downloads.AkashiImageDownloadBoundaryTest.test_official_asset_stage_runs_after_canonical_route_conversion) ... ok
test_source_bundle_acquire_runs_official_assets_after_akashi_records (tests.test_akashi_image_downloads.AkashiImageDownloadBoundaryTest.test_source_bundle_acquire_runs_official_assets_after_akashi_records) ... ok
test_collection_completion_marker_is_process_local_and_resettable (tests.test_cache.CacheFreshnessTest.test_collection_completion_marker_is_process_local_and_resettable) ... ok
test_download_pic_uses_half_year_cache_ttl (tests.test_cache.CacheFreshnessTest.test_download_pic_uses_half_year_cache_ttl) ... ok
test_exhausted_transient_retries_raise_without_cache_fallback (tests.test_cache.CacheFreshnessTest.test_exhausted_transient_retries_raise_without_cache_fallback) ... [33m2026-07-13 21:18:58,069 [WARNING] [util.http_cache.transport] [FETCH RETRY] https://example.test/data.json attempt=1/4 delay=1.00s reason=SSLError: temporary eof[0m
[33m2026-07-13 21:18:58,070 [WARNING] [util.http_cache.transport] [FETCH RETRY] https://example.test/data.json attempt=2/4 delay=2.00s reason=SSLError: temporary eof[0m
[33m2026-07-13 21:18:58,070 [WARNING] [util.http_cache.transport] [FETCH RETRY] https://example.test/data.json attempt=3/4 delay=4.00s reason=SSLError: temporary eof[0m
ok
test_json_url_keeps_json_extension (tests.test_cache.CacheFreshnessTest.test_json_url_keeps_json_extension) ... ok
test_non_strict_fetch_can_fall_back (tests.test_cache.CacheFreshnessTest.test_non_strict_fetch_can_fall_back) ... [31m2026-07-13 21:18:58,072 [ERROR] [util.http_cache.client] [FETCH FAILED][CACHE FALLBACK] https://example.test/data.json: offline[0m
ok
test_retryable_http_status_is_retried (tests.test_cache.CacheFreshnessTest.test_retryable_http_status_is_retried) ... [33m2026-07-13 21:18:58,072 [WARNING] [util.http_cache.transport] [FETCH RETRY] https://example.test/data.json attempt=1/4 delay=2.00s reason=HTTPError: HTTP 503[0m
ok
test_strict_304_revalidates_expired_cached_content (tests.test_cache.CacheFreshnessTest.test_strict_304_revalidates_expired_cached_content) ... [32m2026-07-13 21:18:58,073 [INFO] [util.http_cache.transport] [CACHE META UPDATED] https://example.test/data.json -> example.test/data.json (304)[0m
ok
test_strict_download_pic_reuses_cache_within_half_year_without_network (tests.test_cache.CacheFreshnessTest.test_strict_download_pic_reuses_cache_within_half_year_without_network) ... ok
test_strict_fetch_rejects_cache_fallback_after_ttl_expires (tests.test_cache.CacheFreshnessTest.test_strict_fetch_rejects_cache_fallback_after_ttl_expires) ... ok
test_strict_fetch_reuses_cache_within_48_hours_without_network (tests.test_cache.CacheFreshnessTest.test_strict_fetch_reuses_cache_within_48_hours_without_network) ... ok
test_strict_fetch_revalidates_once_48_hour_ttl_expires (tests.test_cache.CacheFreshnessTest.test_strict_fetch_revalidates_once_48_hour_ttl_expires) ... [32m2026-07-13 21:18:58,077 [INFO] [util.http_cache.transport] [CACHE META UPDATED] https://example.test/data.json -> example.test/data.json (304)[0m
ok
test_text_cache_ttl_is_48_hours (tests.test_cache.CacheFreshnessTest.test_text_cache_ttl_is_48_hours) ... ok
test_transient_ssl_error_is_retried_and_then_succeeds (tests.test_cache.CacheFreshnessTest.test_transient_ssl_error_is_retried_and_then_succeeds) ... [33m2026-07-13 21:18:58,078 [WARNING] [util.http_cache.transport] [FETCH RETRY] https://example.test/data.json attempt=1/4 delay=1.00s reason=SSLError: temporary eof[0m
ok
test_forced_color_and_stop_summaries_are_printed (tests.test_operator_stop.OperatorStopTest.test_forced_color_and_stop_summaries_are_printed) ... ok
test_success_cleanup_removes_stale_stop_files (tests.test_operator_stop.OperatorStopTest.test_success_cleanup_removes_stale_stop_files) ... ok
test_writes_deduplicated_primary_and_all_stop_files (tests.test_operator_stop.OperatorStopTest.test_writes_deduplicated_primary_and_all_stop_files) ... ok
test_catalog_all_writes_three_index_receipt (tools.wikiwiki-crawler.tests.test_crawler.WikiWikiCrawlerToolTest.test_catalog_all_writes_three_index_receipt) ... ok
test_catalog_inspect_and_capture_with_fake_curl (tools.wikiwiki-crawler.tests.test_crawler.WikiWikiCrawlerToolTest.test_catalog_inspect_and_capture_with_fake_curl) ... ok
test_migrate_existing_html_into_shared_raw_cache (tools.wikiwiki-crawler.tests.test_crawler.WikiWikiCrawlerToolTest.test_migrate_existing_html_into_shared_raw_cache) ... ok
test_unresolved_name_is_not_requested (tools.wikiwiki-crawler.tests.test_crawler.WikiWikiCrawlerToolTest.test_unresolved_name_is_not_requested) ... ok
test_duplicate_normalized_names_are_ambiguous (tools.wikiwiki-crawler.tests.test_crawler.WikiWikiPageCatalogTest.test_duplicate_normalized_names_are_ambiguous) ... ok
test_exact_catalog_match_overrides_pending_source_exclusion (tools.wikiwiki-crawler.tests.test_crawler.WikiWikiPageCatalogTest.test_exact_catalog_match_overrides_pending_source_exclusion) ... ok
test_exact_link_page_name_wins_over_truncated_card_label (tools.wikiwiki-crawler.tests.test_crawler.WikiWikiPageCatalogTest.test_exact_link_page_name_wins_over_truncated_card_label) ... ok
test_human_accepted_alias_can_resolve_direct_page_when_catalog_omits_entry (tools.wikiwiki-crawler.tests.test_crawler.WikiWikiPageCatalogTest.test_human_accepted_alias_can_resolve_direct_page_when_catalog_omits_entry) ... ok
test_human_accepted_exclusion_is_not_resolved_or_requested (tools.wikiwiki-crawler.tests.test_crawler.WikiWikiPageCatalogTest.test_human_accepted_exclusion_is_not_resolved_or_requested) ... ok
test_human_accepted_name_alias_resolves_exact_wiki_page (tools.wikiwiki-crawler.tests.test_crawler.WikiWikiPageCatalogTest.test_human_accepted_name_alias_resolves_exact_wiki_page) ... ok
test_match_report_converts_resolver_exceptions_to_invalid_diagnostics (tools.wikiwiki-crawler.tests.test_crawler.WikiWikiPageCatalogTest.test_match_report_converts_resolver_exceptions_to_invalid_diagnostics) ... ok
test_match_report_counts_accepted_source_exclusions (tools.wikiwiki-crawler.tests.test_crawler.WikiWikiPageCatalogTest.test_match_report_counts_accepted_source_exclusions) ... ok
test_name_match_uses_exact_list_url_and_normalizes_fullwidth_plus (tools.wikiwiki-crawler.tests.test_crawler.WikiWikiPageCatalogTest.test_name_match_uses_exact_list_url_and_normalizes_fullwidth_plus) ... ok
test_apply_no_changes_creates_no_backup (tests.test_generated_state.GeneratedStateTest.test_apply_no_changes_creates_no_backup) ... ok
test_artifact_is_deterministic_and_receipt_is_verified (tests.test_generated_state.GeneratedStateTest.test_artifact_is_deterministic_and_receipt_is_verified) ... ok
test_artifact_receipt_detects_archive_replacement (tests.test_generated_state.GeneratedStateTest.test_artifact_receipt_detects_archive_replacement) ... ok
test_artifact_rejects_path_traversal (tests.test_generated_state.GeneratedStateTest.test_artifact_rejects_path_traversal) ... ok
test_config_rejects_forbidden_baseline_path (tests.test_generated_state.GeneratedStateTest.test_config_rejects_forbidden_baseline_path) ... ok
test_export_rejects_project_ancestor_as_output (tests.test_generated_state.GeneratedStateTest.test_export_rejects_project_ancestor_as_output) ... ok
test_export_verify_and_detect_tampering (tests.test_generated_state.GeneratedStateTest.test_export_verify_and_detect_tampering) ... ok
test_sync_is_explicit_and_recoverable (tests.test_generated_state.GeneratedStateTest.test_sync_is_explicit_and_recoverable) ... ok
test_bound_contract_is_exact_and_immutable (tests.test_project_commands.ProjectCommandContractTest.test_bound_contract_is_exact_and_immutable) ... ok
test_code_candidate_check_allows_generated_manifest_version_lag (tests.test_project_commands.ProjectCommandContractTest.test_code_candidate_check_allows_generated_manifest_version_lag) ... ok
test_human_interface_and_side_effects_are_fixed (tests.test_project_commands.ProjectCommandContractTest.test_human_interface_and_side_effects_are_fixed) ... ok
test_only_three_public_capabilities_are_enabled (tests.test_project_commands.ProjectCommandContractTest.test_only_three_public_capabilities_are_enabled) ... ok
test_project_check_accepts_single_control_plane (tests.test_project_commands.ProjectCommandContractTest.test_project_check_accepts_single_control_plane) ... $ /Users/sakana/code/personal/kancolle/kancolle-item-improvement-spider/.venv/bin/python3 -m compileall -q automation configs service util script
[完成] 项目 before 检查通过
$ /Users/sakana/code/personal/kancolle/kancolle-item-improvement-spider/.venv/bin/python3 -m compileall -q automation configs service util script
[完成] 项目 before 检查通过
ok
test_capabilities_match_public_contract (tests.test_flow_command.FlowCommandTest.test_capabilities_match_public_contract) ... ok
test_default_flow_is_active_navigator_not_large_menu (tests.test_flow_command.FlowCommandTest.test_default_flow_is_active_navigator_not_large_menu) ... ok
test_help_only_exposes_public_commands_and_project_tool_boundary (tests.test_flow_command.FlowCommandTest.test_help_only_exposes_public_commands_and_project_tool_boundary) ... ok
test_human_output_has_fixed_sections (tests.test_flow_command.FlowCommandTest.test_human_output_has_fixed_sections) ... ok
test_machine_status_is_single_contract_json_document (tests.test_flow_command.FlowCommandTest.test_machine_status_is_single_contract_json_document) ... ok
test_non_interactive_remote_write_requires_one_confirmation (tests.test_flow_command.FlowCommandTest.test_non_interactive_remote_write_requires_one_confirmation) ... ok
test_status_accepts_download_root_only_local_config (tests.test_flow_command.FlowCommandTest.test_status_accepts_download_root_only_local_config) ... ok
test_dependency_mismatch_is_not_reported_as_code_failure (tests.test_python_environment.PythonEnvironmentContractTest.test_dependency_mismatch_is_not_reported_as_code_failure) ... ok
test_flow_check_stops_before_quality_when_environment_is_missing (tests.test_python_environment.PythonEnvironmentContractTest.test_flow_check_stops_before_quality_when_environment_is_missing) ... ok
test_mise_python_314_and_locked_uv_environment_is_ready (tests.test_python_environment.PythonEnvironmentContractTest.test_mise_python_314_and_locked_uv_environment_is_ready) ... ok
test_missing_mise_has_single_install_action (tests.test_python_environment.PythonEnvironmentContractTest.test_missing_mise_has_single_install_action) ... ok
test_missing_project_contract_is_reported_before_execution (tests.test_python_environment.PythonEnvironmentContractTest.test_missing_project_contract_is_reported_before_execution) ... ok
test_uv_version_mismatch_is_rejected (tests.test_python_environment.PythonEnvironmentContractTest.test_uv_version_mismatch_is_rejected) ... ok
test_uv_version_parser_accepts_platform_suffix (tests.test_python_environment.PythonEnvironmentContractTest.test_uv_version_parser_accepts_platform_suffix) ... ok
test_jaconv_preserves_legacy_fullwidth_and_kana_normalization (tests.test_text_normalization.TextNormalizationTest.test_jaconv_preserves_legacy_fullwidth_and_kana_normalization) ... ok
test_quality_command_accepts_internal_release_profile (tests.test_quality_profile_boundaries.QualityProfileBoundaryTest.test_quality_command_accepts_internal_release_profile) ... ok
test_release_policy_file_is_not_part_of_default_test_discovery (tests.test_quality_profile_boundaries.QualityProfileBoundaryTest.test_release_policy_file_is_not_part_of_default_test_discovery) ... ok
test_runtime_keeps_release_checks_out_of_public_profiles (tests.test_quality_profile_boundaries.QualityProfileBoundaryTest.test_runtime_keeps_release_checks_out_of_public_profiles) ... ok
test_stable_preview_rejects_failed_release_policy (tests.test_quality_profile_boundaries.QualityProfileBoundaryTest.test_stable_preview_rejects_failed_release_policy) ... ok
test_stable_preview_runs_release_policy_profile (tests.test_quality_profile_boundaries.QualityProfileBoundaryTest.test_stable_preview_runs_release_policy_profile) ... ok
test_layer_dependencies_are_one_way (tests.test_script_convergence.FlowConvergenceTest.test_layer_dependencies_are_one_way) ... ok
test_no_old_control_semantics_or_parallel_entrypoints (tests.test_script_convergence.FlowConvergenceTest.test_no_old_control_semantics_or_parallel_entrypoints) ... ok
test_only_one_public_binding_and_thin_adapter (tests.test_script_convergence.FlowConvergenceTest.test_only_one_public_binding_and_thin_adapter) ... ok
test_update_and_recovery_are_loaded_only_when_called (tests.test_script_convergence.FlowConvergenceTest.test_update_and_recovery_are_loaded_only_when_called) ... ok
test_run_logged_does_not_pollute_json_stdout (tests.test_command_support.CommandSupportTest.test_run_logged_does_not_pollute_json_stdout) ... ok
test_run_logged_failure_reports_log_tail (tests.test_command_support.CommandSupportTest.test_run_logged_failure_reports_log_tail) ... ok
test_run_logged_prints_log_path_and_streams_output_to_stderr (tests.test_command_support.CommandSupportTest.test_run_logged_prints_log_path_and_streams_output_to_stderr) ... ok
test_source_tasks_use_isolated_subprocess_commands_and_join_results (tests.test_source_phase.SourcePhaseTest.test_source_tasks_use_isolated_subprocess_commands_and_join_results) ... ok
test_full_chain_smoke_runs_before_start2_then_parallel_source_probes (tests.test_smoke_flow_command.SmokeFlowCommandTest.test_full_chain_smoke_runs_before_start2_then_parallel_source_probes) ... ok
test_smoke_rejects_arguments (tests.test_smoke_flow_command.SmokeFlowCommandTest.test_smoke_rejects_arguments) ... ok
test_run_completes_start2_then_parallel_sources_before_data_processing (tests.test_run_flow_command.RunFlowCommandTest.test_run_completes_start2_then_parallel_sources_before_data_processing) ... ok
test_run_rejects_arguments (tests.test_run_flow_command.RunFlowCommandTest.test_run_rejects_arguments) ... ok
test_run_reuses_ready_wikiwiki_receipt_without_browser_source (tests.test_run_flow_command.RunFlowCommandTest.test_run_reuses_ready_wikiwiki_receipt_without_browser_source) ... ok
test_run_surfaces_improvement_assistant_reverse_index_in_normal_output (tests.test_run_flow_command.RunFlowCommandTest.test_run_surfaces_improvement_assistant_reverse_index_in_normal_output) ... ok
test_run_surfaces_wikiwiki_reference_diagnostics_in_normal_output (tests.test_run_flow_command.RunFlowCommandTest.test_run_surfaces_wikiwiki_reference_diagnostics_in_normal_output) ... ok
test_akashi_process_logs_kcwiki_prefetch_failures_without_stopping (tests.test_kcwiki_nonblocking.KcWikiRawNonBlockingTest.test_akashi_process_logs_kcwiki_prefetch_failures_without_stopping) ... ok
test_strict_source_validation_does_not_fail_on_unavailable_kcwiki_raw (tests.test_kcwiki_nonblocking.KcWikiRawNonBlockingTest.test_strict_source_validation_does_not_fail_on_unavailable_kcwiki_raw) ... [32m2026-07-13 21:19:00,902 [INFO] [service.source_validation.runner] [semantic aliases] validated=0/0 against Start2[0m
[32m2026-07-13 21:19:00,903 [INFO] [service.source_validation.runner] [source history] skipped for diagnostic-only comparison[0m
[32m2026-07-13 21:19:00,903 [INFO] [service.source_validation.runner] [source reliability] akashi-list=1.0000/baseline[0m
ok
test_builds_day_ship_reverse_index_and_flags_over_threshold (tests.test_improvement_assistant_reverse.ImprovementAssistantReverseIndexTest.test_builds_day_ship_reverse_index_and_flags_over_threshold) ... ok
test_writes_json_and_markdown_reports (tests.test_improvement_assistant_reverse.ImprovementAssistantReverseIndexTest.test_writes_json_and_markdown_reports) ... ok
test_config_action_materializes_local_config (tests.test_wikiwiki_flow_command.WikiWikiFlowCommandTest.test_config_action_materializes_local_config) ... ok
test_config_action_migrates_legacy_flow_local_config (tests.test_wikiwiki_flow_command.WikiWikiFlowCommandTest.test_config_action_migrates_legacy_flow_local_config) ... ok
test_config_action_reports_existing_local_config (tests.test_wikiwiki_flow_command.WikiWikiFlowCommandTest.test_config_action_reports_existing_local_config) ... ok
test_daily_flow_does_not_suggest_run_when_receipt_incomplete (tests.test_wikiwiki_flow_command.WikiWikiFlowCommandTest.test_daily_flow_does_not_suggest_run_when_receipt_incomplete) ... ok
test_daily_flow_runs_catalog_then_crawl (tests.test_wikiwiki_flow_command.WikiWikiFlowCommandTest.test_daily_flow_runs_catalog_then_crawl) ... ok
test_full_flow_refreshes_catalog_and_uses_full_limit (tests.test_wikiwiki_flow_command.WikiWikiFlowCommandTest.test_full_flow_refreshes_catalog_and_uses_full_limit) ... ok
test_full_flow_rejects_incomplete_detail_receipt (tests.test_wikiwiki_flow_command.WikiWikiFlowCommandTest.test_full_flow_rejects_incomplete_detail_receipt) ... ok
test_missing_config_is_materialized_from_template_and_stops_for_review (tests.test_wikiwiki_flow_command.WikiWikiFlowCommandTest.test_missing_config_is_materialized_from_template_and_stops_for_review) ... ok
test_missing_template_is_clear_failure_and_writes_log (tests.test_wikiwiki_flow_command.WikiWikiFlowCommandTest.test_missing_template_is_clear_failure_and_writes_log) ... ok
test_probe_flow_runs_three_item_chain_without_claiming_ready (tests.test_wikiwiki_flow_command.WikiWikiFlowCommandTest.test_probe_flow_runs_three_item_chain_without_claiming_ready) ... ok
test_probe_rejects_full_flag (tests.test_wikiwiki_flow_command.WikiWikiFlowCommandTest.test_probe_rejects_full_flag) ... ok
test_session_runs_only_session_command (tests.test_wikiwiki_flow_command.WikiWikiFlowCommandTest.test_session_runs_only_session_command) ... ok
test_source_does_not_publish_or_push (tests.test_wikiwiki_flow_command.WikiWikiFlowCommandTest.test_source_does_not_publish_or_push) ... ok
test_accepted_source_exclusion_does_not_stop_crawl (tests.test_wikiwiki_crawler.WikiWikiCrawlerTest.test_accepted_source_exclusion_does_not_stop_crawl) ... [1/1] id=337 name=烈風改二(一航戦/熟練) status=source-excluded
[source-receipt] ready=false equipmentDetails=ready output=/private/var/folders/ml/2y6lms5d0gn1m0d0wq4bb36c0000gn/T/tmpedaa3yq0/state/source-receipt.json
WikiWiki external crawl summary
- selected: 1
- dailyLimit: 1
- cycleDays: 1
- attempted: 0
- completed: 1
- saved: 0
- skipped: 1
- newPages: 0
- changedPages: 0
- unchangedPages: 0
- failed: 0
- rateLimited: 0
- remaining: 0
- nextEquipmentId: None
- sourceExcluded: 1
- pageNumberMismatch: 0
- pageNumberMissing: 0
- idMismatch: 0
- idMissing: 0
- stopReason: none
- state output: /private/var/folders/ml/2y6lms5d0gn1m0d0wq4bb36c0000gn/T/tmpedaa3yq0/state
- raw cache: /private/var/folders/ml/2y6lms5d0gn1m0d0wq4bb36c0000gn/T/tmpedaa3yq0/raw
ok
test_catalog_receipt_is_not_ready_before_detail_crawl (tests.test_wikiwiki_crawler.WikiWikiCrawlerTest.test_catalog_receipt_is_not_ready_before_detail_crawl) ... ok
test_cli_daily_limit_overrides_config_daily_limit (tests.test_wikiwiki_crawler.WikiWikiCrawlerTest.test_cli_daily_limit_overrides_config_daily_limit) ... ok
test_config_daily_limit_is_used_when_cli_omitted (tests.test_wikiwiki_crawler.WikiWikiCrawlerTest.test_config_daily_limit_is_used_when_cli_omitted) ... [1/3] id=1 name=A status=saved http=200
[2/3] id=2 name=B status=saved http=200
[source-receipt] ready=false equipmentDetails=incomplete output=/private/var/folders/ml/2y6lms5d0gn1m0d0wq4bb36c0000gn/T/tmp_q8tevfy/state/source-receipt.json
WikiWiki external crawl summary
- selected: 3
- dailyLimit: 2
- cycleDays: 2
- attempted: 2
- completed: 2
- saved: 2
- skipped: 0
- newPages: 2
- changedPages: 0
- unchangedPages: 0
- failed: 0
- rateLimited: 0
- remaining: 1
- nextEquipmentId: 3
- sourceExcluded: 0
- pageNumberMismatch: 0
- pageNumberMissing: 0
- idMismatch: 0
- idMissing: 0
- stopReason: none
- state output: /private/var/folders/ml/2y6lms5d0gn1m0d0wq4bb36c0000gn/T/tmp_q8tevfy/state
- raw cache: /private/var/folders/ml/2y6lms5d0gn1m0d0wq4bb36c0000gn/T/tmp_q8tevfy/raw
ok
test_detail_receipt_ready_requires_no_remaining_or_failed_pages (tests.test_wikiwiki_crawler.WikiWikiCrawlerTest.test_detail_receipt_ready_requires_no_remaining_or_failed_pages) ... ok
test_playwright_config_does_not_require_copied_cookie (tests.test_wikiwiki_crawler.WikiWikiCrawlerTest.test_playwright_config_does_not_require_copied_cookie) ... ok
test_request_dispatches_to_playwright_transport (tests.test_wikiwiki_crawler.WikiWikiCrawlerTest.test_request_dispatches_to_playwright_transport) ... ok
test_resume_skips_do_not_consume_daily_limit (tests.test_wikiwiki_crawler.WikiWikiCrawlerTest.test_resume_skips_do_not_consume_daily_limit) ... [1/3] id=1 name=A status=resume-skip
[2/3] id=2 name=B status=saved http=200
[source-receipt] ready=false equipmentDetails=incomplete output=/private/var/folders/ml/2y6lms5d0gn1m0d0wq4bb36c0000gn/T/tmpclirm2dy/state/source-receipt.json
WikiWiki external crawl summary
- selected: 3
- dailyLimit: 1
- cycleDays: 3
- attempted: 1
- completed: 2
- saved: 1
- skipped: 1
- newPages: 1
- changedPages: 0
- unchangedPages: 0
- failed: 0
- rateLimited: 0
- remaining: 1
- nextEquipmentId: 3
- sourceExcluded: 0
- pageNumberMismatch: 0
- pageNumberMissing: 0
- idMismatch: 0
- idMissing: 0
- stopReason: none
- state output: /private/var/folders/ml/2y6lms5d0gn1m0d0wq4bb36c0000gn/T/tmpclirm2dy/state
- raw cache: /private/var/folders/ml/2y6lms5d0gn1m0d0wq4bb36c0000gn/T/tmpclirm2dy/raw
ok
test_source_page_number_mismatch_is_diagnostic_not_identity_gate (tests.test_wikiwiki_crawler.WikiWikiCrawlerTest.test_source_page_number_mismatch_is_diagnostic_not_identity_gate) ... [1/1] id=1 name=A status=saved http=200
[source-receipt] ready=false equipmentDetails=ready output=/private/var/folders/ml/2y6lms5d0gn1m0d0wq4bb36c0000gn/T/tmpb8ll3f41/state/source-receipt.json
WikiWiki external crawl summary
- selected: 1
- dailyLimit: 1
- cycleDays: 1
- attempted: 1
- completed: 1
- saved: 1
- skipped: 0
- newPages: 1
- changedPages: 0
- unchangedPages: 0
- failed: 0
- rateLimited: 0
- remaining: 0
- nextEquipmentId: None
- sourceExcluded: 0
- pageNumberMismatch: 1
- pageNumberMissing: 0
- idMismatch: 1
- idMissing: 0
- stopReason: none
- state output: /private/var/folders/ml/2y6lms5d0gn1m0d0wq4bb36c0000gn/T/tmpb8ll3f41/state
- raw cache: /private/var/folders/ml/2y6lms5d0gn1m0d0wq4bb36c0000gn/T/tmpb8ll3f41/raw
ok
test_stale_capture_is_not_resumable (tests.test_wikiwiki_crawler.WikiWikiCrawlerTest.test_stale_capture_is_not_resumable) ... ok

----------------------------------------------------------------------
Ran 225 tests in 7.084s

OK (skipped=1)
