$ /Users/sakana/code/personal/kancolle/kancolle-item-improvement-spider/.venv/bin/python3 script/project/python_runner.py script/project/akashi_command.py full --skip-start2
[akashi] id=w019 status=saved
[akashi] id=w228 status=saved
[akashi] id=w249 status=saved
[33m2026-07-09 23:41:56,291 [WARNING] [util.http_cache.transport] [FETCH RETRY] https://aiacdn.contents-stg.site/img/weapon197_260.png attempt=1/4 delay=1.14s reason=SSLError: HTTPSConnectionPool(host='aiacdn.contents-stg.site', port=443): Max retries exceeded with url: /img/weapon197_260.png (Caused by SSLError(SSLEOFError(8, '[SSL: UNEXPECTED_EOF_WHILE_READING] EOF occurred in violation of protocol (_ssl.c:1082)')))[0m
[32m2026-07-09 23:42:09,032 [INFO] [util.http_cache.transport] [CACHE UPDATED] https://aiacdn.contents-stg.site/img/weapon197_260.png -> cache/equip/197.png (200)[0m
[akashi] id=w197 status=saved
[32m2026-07-09 23:42:32,853 [INFO] [util.http_cache.transport] [CACHE UPDATED] https://aiacdn.contents-stg.site/img/weapon020_260.png -> cache/equip/20.png (200)[0m
[akashi] id=w020 status=saved
[33m2026-07-09 23:42:37,878 [WARNING] [util.http_cache.transport] [FETCH RETRY] https://aiacdn.contents-stg.site/img/weapon181_260.png attempt=1/4 delay=1.05s reason=SSLError: HTTPSConnectionPool(host='aiacdn.contents-stg.site', port=443): Max retries exceeded with url: /img/weapon181_260.png (Caused by SSLError(SSLEOFError(8, '[SSL: UNEXPECTED_EOF_WHILE_READING] EOF occurred in violation of protocol (_ssl.c:1082)')))[0m
[32m2026-07-09 23:42:51,417 [INFO] [util.http_cache.transport] [CACHE UPDATED] https://aiacdn.contents-stg.site/img/weapon181_260.png -> cache/equip/181.png (200)[0m
[akashi] id=w181 status=saved
[32m2026-07-09 23:42:57,759 [INFO] [util.http_cache.transport] [CACHE UPDATED] https://aiacdn.contents-stg.site/img/weapon198_260.png -> cache/equip/198.png (200)[0m
[akashi] id=w198 status=saved
[32m2026-07-09 23:43:11,844 [INFO] [util.http_cache.transport] [CACHE UPDATED] https://aiacdn.contents-stg.site/img/weapon021_260.png -> cache/equip/21.png (200)[0m
[akashi] id=w021 status=saved
Traceback (most recent call last):
  File "/Users/sakana/code/personal/kancolle/kancolle-item-improvement-spider/script/project/akashi_command.py", line 185, in <module>
    raise SystemExit(main())
                     ~~~~^^
  File "/Users/sakana/code/personal/kancolle/kancolle-item-improvement-spider/script/project/akashi_command.py", line 163, in main
    vo_list, metadata = _collect_akashi(daily_limit)
                        ~~~~~~~~~~~~~~~^^^^^^^^^^^^^
  File "/Users/sakana/code/personal/kancolle/kancolle-item-improvement-spider/script/project/akashi_command.py", line 87, in _collect_akashi
    detail_processor.process_detail_page(page=detail_page)
    ~~~~~~~~~~~~~~~~~~~~~~~~~~~~~~~~~~~~^^^^^^^^^^^^^^^^^^
  File "/Users/sakana/code/personal/kancolle/kancolle-item-improvement-spider/service/akashi_list/akashi_detail_processor.py", line 95, in process_detail_page
    download_detail_equipment_image(self.item.id, page_node)
    ~~~~~~~~~~~~~~~~~~~~~~~~~~~~~~~^^^^^^^^^^^^^^^^^^^^^^^^^
  File "/Users/sakana/code/personal/kancolle/kancolle-item-improvement-spider/service/akashi_list/detail_stage_parser.py", line 83, in download_detail_equipment_image
    download_equipment_image(equipment_id, _detail_equipment_image_url(page_node))
    ~~~~~~~~~~~~~~~~~~~~~~~~^^^^^^^^^^^^^^^^^^^^^^^^^^^^^^^^^^^^^^^^^^^^^^^^^^^^^^
  File "/Users/sakana/code/personal/kancolle/kancolle-item-improvement-spider/service/akashi_list/detail_stage_parser.py", line 67, in download_equipment_image
    download_pic(url=png_url, save_path=f"cache/equip/{int(equipment_id)}.png")
    ~~~~~~~~~~~~^^^^^^^^^^^^^^^^^^^^^^^^^^^^^^^^^^^^^^^^^^^^^^^^^^^^^^^^^^^^^^^
  File "/Users/sakana/code/personal/kancolle/kancolle-item-improvement-spider/util/http_cache/client.py", line 99, in download_pic
    return download_file(
        url=url,
    ...<7 lines>...
        require_fresh=require_fresh,
    )
  File "/Users/sakana/code/personal/kancolle/kancolle-item-improvement-spider/util/http_cache/client.py", line 71, in download_file
    response = transport.request_with_cache_headers(url, old_meta, settings.FILE_REQUEST_TIMEOUT_SECONDS)
  File "/Users/sakana/code/personal/kancolle/kancolle-item-improvement-spider/util/http_cache/transport.py", line 53, in request_with_cache_headers
    response = requests.get(url, headers=request_headers, timeout=timeout)
  File "/Users/sakana/code/personal/kancolle/kancolle-item-improvement-spider/.venv/lib/python3.14/site-packages/requests/api.py", line 73, in get
    return request("get", url, params=params, **kwargs)
  File "/Users/sakana/code/personal/kancolle/kancolle-item-improvement-spider/.venv/lib/python3.14/site-packages/requests/api.py", line 59, in request
    return session.request(method=method, url=url, **kwargs)
           ~~~~~~~~~~~~~~~^^^^^^^^^^^^^^^^^^^^^^^^^^^^^^^^^^
  File "/Users/sakana/code/personal/kancolle/kancolle-item-improvement-spider/.venv/lib/python3.14/site-packages/requests/sessions.py", line 589, in request
    resp = self.send(prep, **send_kwargs)
  File "/Users/sakana/code/personal/kancolle/kancolle-item-improvement-spider/.venv/lib/python3.14/site-packages/requests/sessions.py", line 703, in send
    r = adapter.send(request, **kwargs)
  File "/Users/sakana/code/personal/kancolle/kancolle-item-improvement-spider/.venv/lib/python3.14/site-packages/requests/adapters.py", line 644, in send
    resp = conn.urlopen(
        method=request.method,
    ...<9 lines>...
        chunked=chunked,
    )
  File "/Users/sakana/code/personal/kancolle/kancolle-item-improvement-spider/.venv/lib/python3.14/site-packages/urllib3/connectionpool.py", line 788, in urlopen
    response = self._make_request(
        conn,
    ...<10 lines>...
        **response_kw,
    )
  File "/Users/sakana/code/personal/kancolle/kancolle-item-improvement-spider/.venv/lib/python3.14/site-packages/urllib3/connectionpool.py", line 464, in _make_request
    self._validate_conn(conn)
    ~~~~~~~~~~~~~~~~~~~^^^^^^
  File "/Users/sakana/code/personal/kancolle/kancolle-item-improvement-spider/.venv/lib/python3.14/site-packages/urllib3/connectionpool.py", line 1106, in _validate_conn
    conn.connect()
    ~~~~~~~~~~~~^^
  File "/Users/sakana/code/personal/kancolle/kancolle-item-improvement-spider/.venv/lib/python3.14/site-packages/urllib3/connection.py", line 796, in connect
    sock_and_verified = _ssl_wrap_socket_and_match_hostname(
        sock=sock,
    ...<14 lines>...
        assert_fingerprint=self.assert_fingerprint,
    )
  File "/Users/sakana/code/personal/kancolle/kancolle-item-improvement-spider/.venv/lib/python3.14/site-packages/urllib3/connection.py", line 975, in _ssl_wrap_socket_and_match_hostname
    ssl_sock = ssl_wrap_socket(
        sock=sock,
    ...<8 lines>...
        tls_in_tls=tls_in_tls,
    )
  File "/Users/sakana/code/personal/kancolle/kancolle-item-improvement-spider/.venv/lib/python3.14/site-packages/urllib3/util/ssl_.py", line 433, in ssl_wrap_socket
    ssl_sock = _ssl_wrap_socket_impl(sock, context, tls_in_tls, server_hostname)
  File "/Users/sakana/code/personal/kancolle/kancolle-item-improvement-spider/.venv/lib/python3.14/site-packages/urllib3/util/ssl_.py", line 477, in _ssl_wrap_socket_impl
    return ssl_context.wrap_socket(sock, server_hostname=server_hostname)
           ~~~~~~~~~~~~~~~~~~~~~~~^^^^^^^^^^^^^^^^^^^^^^^^^^^^^^^^^^^^^^^
  File "/Users/sakana/.local/share/uv/python/cpython-3.14.6-macos-aarch64-none/lib/python3.14/ssl.py", line 457, in wrap_socket
    return self.sslsocket_class._create(
           ~~~~~~~~~~~~~~~~~~~~~~~~~~~~^
        sock=sock,
        ^^^^^^^^^^
    ...<5 lines>...
        session=session
        ^^^^^^^^^^^^^^^
    )
    ^
  File "/Users/sakana/.local/share/uv/python/cpython-3.14.6-macos-aarch64-none/lib/python3.14/ssl.py", line 1088, in _create
    self.do_handshake()
    ~~~~~~~~~~~~~~~~~^^
  File "/Users/sakana/.local/share/uv/python/cpython-3.14.6-macos-aarch64-none/lib/python3.14/ssl.py", line 1384, in do_handshake
    self._sslobj.do_handshake()
    ~~~~~~~~~~~~~~~~~~~~~~~~~^^
KeyboardInterrupt
