2026-07-10 18:38:56,172 [ERROR] [util.http_cache.client] [FETCH FAILED][CACHE FALLBACK] https://example.test/data.json: offline
2026-07-10 18:38:56,329 [ERROR] [service.data_package.source_collection] [data package] equipment drop-from collection failed: KcWiki 来源存在 1 个无法自动确认的映射问题。
2026-07-10 18:38:56,417 [ERROR] [service.data_package.equipment_acquisition_raw_parse] [equipment acquisition offline] strict operator-stop gate rejected the dataset; stopReason=ship-reference-ambiguous; operatorStops=1; diagnostics=/var/folders/ml/2y6lms5d0gn1m0d0wq4bb36c0000gn/T/tmp8rfx09lk/output/operator-stops.nedb
2026-07-10 18:46:13,582 [ERROR] [util.http_cache.client] [FETCH FAILED][CACHE FALLBACK] https://example.test/data.json: offline
2026-07-10 18:46:13,931 [ERROR] [service.data_package.source_collection] [data package] equipment drop-from collection failed: KcWiki 来源存在 1 个无法自动确认的映射问题。
2026-07-10 18:46:14,054 [ERROR] [service.data_package.equipment_acquisition_raw_parse] [equipment acquisition offline] strict operator-stop gate rejected the dataset; stopReason=ship-reference-ambiguous; operatorStops=1; diagnostics=/var/folders/ml/2y6lms5d0gn1m0d0wq4bb36c0000gn/T/tmp6vtovc2q/output/operator-stops.nedb
2026-07-10 19:18:40,032 [ERROR] [util.http_cache.client] [FETCH FAILED][CACHE FALLBACK] https://example.test/data.json: offline
2026-07-10 19:18:40,216 [ERROR] [service.data_package.source_collection] [data package] equipment drop-from collection failed: KcWiki 来源存在 1 个无法自动确认的映射问题。
2026-07-10 19:18:40,328 [ERROR] [service.data_package.equipment_acquisition_raw_parse] [equipment acquisition offline] strict operator-stop gate rejected the dataset; stopReason=ship-reference-ambiguous; operatorStops=1; diagnostics=/var/folders/ml/2y6lms5d0gn1m0d0wq4bb36c0000gn/T/tmpr7341j5d/output/operator-stops.nedb
2026-07-10 21:10:28,348 [ERROR] [util.http_cache.client] [FETCH FAILED][CACHE FALLBACK] https://example.test/data.json: offline
2026-07-10 21:10:28,495 [ERROR] [service.data_package.source_collection] [data package] equipment drop-from collection failed: KcWiki 来源存在 1 个无法自动确认的映射问题。
2026-07-10 21:10:28,584 [ERROR] [service.data_package.equipment_acquisition_raw_parse] [equipment acquisition offline] strict operator-stop gate rejected the dataset; stopReason=ship-reference-ambiguous; operatorStops=1; diagnostics=/var/folders/ml/2y6lms5d0gn1m0d0wq4bb36c0000gn/T/tmpw7bazq5a/output/operator-stops.nedb
2026-07-10 21:49:42,879 [ERROR] [util.http_cache.client] [FETCH FAILED][CACHE FALLBACK] https://example.test/data.json: offline
2026-07-10 21:49:43,332 [ERROR] [service.data_package.source_collection] [data package] equipment drop-from collection failed: KcWiki 来源存在 1 个无法自动确认的映射问题。
2026-07-10 21:49:43,461 [ERROR] [service.data_package.equipment_acquisition_raw_parse] [equipment acquisition offline] strict operator-stop gate rejected the dataset; stopReason=ship-reference-ambiguous; operatorStops=1; diagnostics=/var/folders/ml/2y6lms5d0gn1m0d0wq4bb36c0000gn/T/tmpkbatc448/output/operator-stops.nedb
2026-07-10 22:08:42,906 [ERROR] [util.http_cache.client] [FETCH FAILED][CACHE FALLBACK] https://example.test/data.json: offline
2026-07-10 22:08:43,074 [ERROR] [service.data_package.source_collection] [data package] equipment drop-from collection failed: KcWiki 来源存在 1 个无法自动确认的映射问题。
2026-07-10 22:08:43,169 [ERROR] [service.data_package.equipment_acquisition_raw_parse] [equipment acquisition offline] strict operator-stop gate rejected the dataset; stopReason=ship-reference-ambiguous; operatorStops=1; diagnostics=/var/folders/ml/2y6lms5d0gn1m0d0wq4bb36c0000gn/T/tmpk9z84ann/output/operator-stops.nedb
2026-07-10 23:32:21,819 [ERROR] [util.http_cache.client] [FETCH FAILED][CACHE FALLBACK] https://example.test/data.json: offline
2026-07-10 23:32:22,126 [ERROR] [service.data_package.source_collection] [data package] equipment drop-from collection failed: KcWiki 来源存在 1 个无法自动确认的映射问题。
2026-07-10 23:32:22,334 [ERROR] [service.data_package.equipment_acquisition_raw_parse] [equipment acquisition offline] strict operator-stop gate rejected the dataset; stopReason=ship-reference-ambiguous; operatorStops=1; diagnostics=/var/folders/ml/2y6lms5d0gn1m0d0wq4bb36c0000gn/T/tmpu9ix_r4d/output/operator-stops.nedb
2026-07-10 23:58:58,621 [ERROR] [util.http_cache.client] [FETCH FAILED][CACHE FALLBACK] https://example.test/data.json: offline
2026-07-10 23:58:58,850 [ERROR] [service.data_package.source_collection] [data package] equipment drop-from collection failed: KcWiki 来源存在 1 个无法自动确认的映射问题。
2026-07-10 23:58:58,952 [ERROR] [service.data_package.equipment_acquisition_raw_parse] [equipment acquisition offline] strict operator-stop gate rejected the dataset; stopReason=ship-reference-ambiguous; operatorStops=1; diagnostics=/var/folders/ml/2y6lms5d0gn1m0d0wq4bb36c0000gn/T/tmp50ey9dgv/output/operator-stops.nedb
2026-07-11 07:44:09,203 [ERROR] [util.http_cache.client] [FETCH FAILED][CACHE FALLBACK] https://example.test/data.json: offline
2026-07-11 07:44:09,444 [ERROR] [service.data_package.source_collection] [data package] equipment drop-from collection failed: KcWiki 来源存在 1 个无法自动确认的映射问题。
2026-07-11 07:44:09,563 [ERROR] [service.data_package.equipment_acquisition_raw_parse] [equipment acquisition offline] strict operator-stop gate rejected the dataset; stopReason=ship-reference-ambiguous; operatorStops=1; diagnostics=/var/folders/ml/2y6lms5d0gn1m0d0wq4bb36c0000gn/T/tmprg7_h1lq/output/operator-stops.nedb
2026-07-11 18:21:15,429 [ERROR] [util.http_cache.client] [FETCH FAILED][CACHE FALLBACK] https://example.test/data.json: offline
2026-07-11 18:21:15,585 [ERROR] [service.data_package.source_collection] [data package] equipment drop-from collection failed: KcWiki 来源存在 1 个无法自动确认的映射问题。
2026-07-11 18:21:15,681 [ERROR] [service.data_package.equipment_acquisition_raw_parse] [equipment acquisition offline] strict operator-stop gate rejected the dataset; stopReason=ship-reference-ambiguous; operatorStops=1; diagnostics=/var/folders/ml/2y6lms5d0gn1m0d0wq4bb36c0000gn/T/tmp_iirvt_4/output/operator-stops.nedb
2026-07-11 18:53:01,920 [ERROR] [util.http_cache.client] [FETCH FAILED][CACHE FALLBACK] https://example.test/data.json: offline
2026-07-11 18:53:02,067 [ERROR] [service.data_package.source_collection] [data package] equipment drop-from collection failed: KcWiki 来源存在 1 个无法自动确认的映射问题。
2026-07-11 18:53:02,165 [ERROR] [service.data_package.equipment_acquisition_raw_parse] [equipment acquisition offline] strict operator-stop gate rejected the dataset; stopReason=ship-reference-ambiguous; operatorStops=1; diagnostics=/var/folders/ml/2y6lms5d0gn1m0d0wq4bb36c0000gn/T/tmpdxnyz5kc/output/operator-stops.nedb
2026-07-11 19:34:13,175 [ERROR] [util.http_cache.client] [FETCH FAILED][CACHE FALLBACK] https://example.test/data.json: offline
2026-07-11 19:34:13,362 [ERROR] [service.data_package.source_collection] [data package] equipment drop-from collection failed: KcWiki 来源存在 1 个无法自动确认的映射问题。
2026-07-11 19:34:13,468 [ERROR] [service.data_package.equipment_acquisition_raw_parse] [equipment acquisition offline] strict operator-stop gate rejected the dataset; stopReason=ship-reference-ambiguous; operatorStops=1; diagnostics=/var/folders/ml/2y6lms5d0gn1m0d0wq4bb36c0000gn/T/tmp0fowggir/output/operator-stops.nedb
2026-07-11 20:44:19,884 [ERROR] [util.http_cache.client] [FETCH FAILED][CACHE FALLBACK] https://example.test/data.json: offline
2026-07-11 20:44:20,201 [ERROR] [service.data_package.source_collection] [data package] equipment drop-from collection failed: KcWiki 来源存在 1 个无法自动确认的映射问题。
2026-07-11 20:44:20,424 [ERROR] [service.data_package.equipment_acquisition_raw_parse] [equipment acquisition offline] strict operator-stop gate rejected the dataset; stopReason=ship-reference-ambiguous; operatorStops=1; diagnostics=/var/folders/ml/2y6lms5d0gn1m0d0wq4bb36c0000gn/T/tmp2pqog7vz/output/operator-stops.nedb
2026-07-11 22:20:21,411 [ERROR] [util.http_cache.client] [FETCH FAILED][CACHE FALLBACK] https://example.test/data.json: offline
2026-07-11 22:20:21,564 [ERROR] [service.data_package.source_collection] [data package] equipment drop-from collection failed: KcWiki 来源存在 1 个无法自动确认的映射问题。
2026-07-11 22:20:21,658 [ERROR] [service.data_package.equipment_acquisition_raw_parse] [equipment acquisition offline] strict operator-stop gate rejected the dataset; stopReason=ship-reference-ambiguous; operatorStops=1; diagnostics=/var/folders/ml/2y6lms5d0gn1m0d0wq4bb36c0000gn/T/tmp3u5uvwvo/output/operator-stops.nedb
2026-07-12 10:01:26,448 [ERROR] [util.http_cache.client] [FETCH FAILED][CACHE FALLBACK] https://example.test/data.json: offline
2026-07-12 10:01:26,666 [ERROR] [service.data_package.source_collection] [data package] equipment drop-from collection failed: KcWiki 来源存在 1 个无法自动确认的映射问题。
2026-07-12 10:01:26,787 [ERROR] [service.data_package.equipment_acquisition_raw_parse] [equipment acquisition offline] strict operator-stop gate rejected the dataset; stopReason=ship-reference-ambiguous; operatorStops=1; diagnostics=/var/folders/ml/2y6lms5d0gn1m0d0wq4bb36c0000gn/T/tmp1bz3r2pb/output/operator-stops.nedb
2026-07-12 10:37:18,931 [ERROR] [util.http_cache.client] [FETCH FAILED][CACHE FALLBACK] https://example.test/data.json: offline
2026-07-12 10:37:19,106 [ERROR] [service.data_package.source_collection] [data package] equipment drop-from collection failed: KcWiki 来源存在 1 个无法自动确认的映射问题。
2026-07-12 10:37:19,200 [ERROR] [service.data_package.equipment_acquisition_raw_parse] [equipment acquisition offline] strict operator-stop gate rejected the dataset; stopReason=ship-reference-ambiguous; operatorStops=1; diagnostics=/var/folders/ml/2y6lms5d0gn1m0d0wq4bb36c0000gn/T/tmpwc_3g8bn/output/operator-stops.nedb
2026-07-12 11:21:58,428 [ERROR] [util.http_cache.client] [FETCH FAILED][CACHE FALLBACK] https://example.test/data.json: offline
2026-07-12 11:21:58,585 [ERROR] [service.data_package.source_collection] [data package] equipment drop-from collection failed: KcWiki 来源存在 1 个无法自动确认的映射问题。
2026-07-12 11:21:58,677 [ERROR] [service.data_package.equipment_acquisition_raw_parse] [equipment acquisition offline] strict operator-stop gate rejected the dataset; stopReason=ship-reference-ambiguous; operatorStops=1; diagnostics=/var/folders/ml/2y6lms5d0gn1m0d0wq4bb36c0000gn/T/tmpj9f5joav/output/operator-stops.nedb
2026-07-12 15:43:08,422 [ERROR] [util.http_cache.client] [FETCH FAILED][CACHE FALLBACK] https://example.test/data.json: offline
2026-07-12 15:43:08,567 [ERROR] [service.data_package.source_collection] [data package] equipment drop-from collection failed: KcWiki 来源存在 1 个无法自动确认的映射问题。
2026-07-12 15:43:08,653 [ERROR] [service.data_package.equipment_acquisition_raw_parse] [equipment acquisition offline] strict operator-stop gate rejected the dataset; stopReason=ship-reference-ambiguous; operatorStops=1; diagnostics=/var/folders/ml/2y6lms5d0gn1m0d0wq4bb36c0000gn/T/tmphyga_49j/output/operator-stops.nedb
2026-07-12 17:26:00,590 [ERROR] [util.http_cache.client] [FETCH FAILED][CACHE FALLBACK] https://example.test/data.json: offline
2026-07-12 17:26:00,763 [ERROR] [service.data_package.source_collection] [data package] equipment drop-from collection failed: KcWiki 来源存在 1 个无法自动确认的映射问题。
2026-07-12 17:26:00,864 [ERROR] [service.data_package.equipment_acquisition_raw_parse] [equipment acquisition offline] strict operator-stop gate rejected the dataset; stopReason=ship-reference-ambiguous; operatorStops=1; diagnostics=/var/folders/ml/2y6lms5d0gn1m0d0wq4bb36c0000gn/T/tmp6etpbfyn/output/operator-stops.nedb
2026-07-12 19:47:27,453 [ERROR] [util.http_cache.client] [FETCH FAILED][CACHE FALLBACK] https://example.test/data.json: offline
2026-07-12 19:47:27,695 [ERROR] [service.data_package.source_collection] [data package] equipment drop-from collection failed: KcWiki 来源存在 1 个无法自动确认的映射问题。
2026-07-12 19:47:28,018 [ERROR] [service.data_package.equipment_acquisition_raw_parse] [equipment acquisition offline] strict operator-stop gate rejected the dataset; stopReason=ship-reference-ambiguous; operatorStops=1; diagnostics=/var/folders/ml/2y6lms5d0gn1m0d0wq4bb36c0000gn/T/tmpuarnjdu6/output/operator-stops.nedb
2026-07-12 22:27:12,769 [ERROR] [util.http_cache.client] [FETCH FAILED][CACHE FALLBACK] https://example.test/data.json: offline
2026-07-12 22:27:12,931 [ERROR] [service.data_package.source_collection] [data package] equipment drop-from collection failed: KcWiki 来源存在 1 个无法自动确认的映射问题。
2026-07-12 22:27:13,023 [ERROR] [service.data_package.equipment_acquisition_raw_parse] [equipment acquisition offline] strict operator-stop gate rejected the dataset; stopReason=ship-reference-ambiguous; operatorStops=1; diagnostics=/var/folders/ml/2y6lms5d0gn1m0d0wq4bb36c0000gn/T/tmp3kxv20cx/output/operator-stops.nedb
2026-07-12 22:51:05,020 [ERROR] [util.http_cache.client] [FETCH FAILED][CACHE FALLBACK] https://example.test/data.json: offline
2026-07-12 22:51:05,363 [ERROR] [service.data_package.source_collection] [data package] equipment drop-from collection failed: KcWiki 来源存在 1 个无法自动确认的映射问题。
2026-07-12 22:51:05,532 [ERROR] [service.data_package.equipment_acquisition_raw_parse] [equipment acquisition offline] strict operator-stop gate rejected the dataset; stopReason=ship-reference-ambiguous; operatorStops=1; diagnostics=/var/folders/ml/2y6lms5d0gn1m0d0wq4bb36c0000gn/T/tmpxjb4pnko/output/operator-stops.nedb
2026-07-13 00:14:10,515 [ERROR] [util.http_cache.client] [FETCH FAILED][CACHE FALLBACK] https://example.test/data.json: offline
2026-07-13 00:14:10,683 [ERROR] [service.data_package.source_collection] [data package] equipment drop-from collection failed: KcWiki 来源存在 1 个无法自动确认的映射问题。
2026-07-13 00:14:10,775 [ERROR] [service.data_package.equipment_acquisition_raw_parse] [equipment acquisition offline] strict operator-stop gate rejected the dataset; stopReason=ship-reference-ambiguous; operatorStops=1; diagnostics=/var/folders/ml/2y6lms5d0gn1m0d0wq4bb36c0000gn/T/tmpqjol7hbg/output/operator-stops.nedb
2026-07-13 11:31:00,945 [ERROR] [util.http_cache.client] [FETCH FAILED][CACHE FALLBACK] https://example.test/data.json: offline
2026-07-13 11:31:01,108 [ERROR] [service.data_package.source_collection] [data package] equipment drop-from collection failed: KcWiki 来源存在 1 个无法自动确认的映射问题。
2026-07-13 11:31:01,200 [ERROR] [service.data_package.equipment_acquisition_raw_parse] [equipment acquisition offline] strict operator-stop gate rejected the dataset; stopReason=ship-reference-ambiguous; operatorStops=1; diagnostics=/var/folders/ml/2y6lms5d0gn1m0d0wq4bb36c0000gn/T/tmpw_mu9pb9/output/operator-stops.nedb
2026-07-13 12:53:56,497 [ERROR] [util.http_cache.client] [FETCH FAILED][CACHE FALLBACK] https://example.test/data.json: offline
2026-07-13 12:53:56,658 [ERROR] [service.data_package.source_collection] [data package] equipment drop-from collection failed: KcWiki 来源存在 1 个无法自动确认的映射问题。
2026-07-13 12:53:56,753 [ERROR] [service.data_package.equipment_acquisition_raw_parse] [equipment acquisition offline] strict operator-stop gate rejected the dataset; stopReason=ship-reference-ambiguous; operatorStops=1; diagnostics=/var/folders/ml/2y6lms5d0gn1m0d0wq4bb36c0000gn/T/tmpewx3n12o/output/operator-stops.nedb
2026-07-13 14:58:23,222 [ERROR] [util.http_cache.client] [FETCH FAILED][CACHE FALLBACK] https://example.test/data.json: offline
2026-07-13 14:58:23,388 [ERROR] [service.data_package.source_collection] [data package] equipment drop-from collection failed: KcWiki 来源存在 1 个无法自动确认的映射问题。
2026-07-13 14:58:23,479 [ERROR] [service.data_package.equipment_acquisition_raw_parse] [equipment acquisition offline] strict operator-stop gate rejected the dataset; stopReason=ship-reference-ambiguous; operatorStops=1; diagnostics=/var/folders/ml/2y6lms5d0gn1m0d0wq4bb36c0000gn/T/tmpc3vz6l81/output/operator-stops.nedb
2026-07-13 17:46:29,815 [ERROR] [util.http_cache.client] [FETCH FAILED][CACHE FALLBACK] https://example.test/data.json: offline
2026-07-13 17:46:29,970 [ERROR] [service.data_package.source_collection] [data package] equipment drop-from collection failed: KcWiki 来源存在 1 个无法自动确认的映射问题。
2026-07-13 17:46:30,057 [ERROR] [service.data_package.equipment_acquisition_raw_parse] [equipment acquisition offline] strict operator-stop gate rejected the dataset; stopReason=ship-reference-ambiguous; operatorStops=1; diagnostics=/var/folders/ml/2y6lms5d0gn1m0d0wq4bb36c0000gn/T/tmp3qk8p05x/output/operator-stops.nedb
2026-07-13 19:06:09,312 [ERROR] [util.http_cache.client] [FETCH FAILED][CACHE FALLBACK] https://example.test/data.json: offline
2026-07-13 20:20:19,390 [ERROR] [util.http_cache.client] [FETCH FAILED][CACHE FALLBACK] https://example.test/data.json: offline
2026-07-13 20:21:12,283 [ERROR] [util.http_cache.client] [FETCH FAILED][CACHE FALLBACK] https://example.test/data.json: offline
2026-07-13 20:25:27,370 [ERROR] [util.http_cache.client] [FETCH FAILED][CACHE FALLBACK] https://example.test/data.json: offline
2026-07-13 20:25:27,536 [ERROR] [service.data_package.source_collection] [data package] equipment drop-from collection failed: KcWiki 来源存在 1 个无法自动确认的映射问题。
2026-07-13 20:25:27,685 [ERROR] [service.data_package.equipment_acquisition_raw_parse] [equipment acquisition offline] strict operator-stop gate rejected the dataset; stopReason=ship-reference-ambiguous; operatorStops=1; diagnostics=/var/folders/ml/2y6lms5d0gn1m0d0wq4bb36c0000gn/T/tmpc0r4a8m6/output/operator-stops.nedb
2026-07-13 20:25:49,296 [ERROR] [util.http_cache.client] [FETCH FAILED][CACHE FALLBACK] https://example.test/data.json: offline
2026-07-13 21:17:00,246 [ERROR] [util.http_cache.client] [FETCH FAILED][CACHE FALLBACK] https://example.test/data.json: offline
2026-07-13 21:18:38,114 [ERROR] [util.http_cache.client] [FETCH FAILED][CACHE FALLBACK] https://example.test/data.json: offline
2026-07-13 21:18:38,347 [ERROR] [service.data_package.source_collection] [data package] equipment drop-from collection failed: KcWiki 来源存在 1 个无法自动确认的映射问题。
2026-07-13 21:18:38,536 [ERROR] [service.data_package.equipment_acquisition_raw_parse] [equipment acquisition offline] strict operator-stop gate rejected the dataset; stopReason=ship-reference-ambiguous; operatorStops=1; diagnostics=/var/folders/ml/2y6lms5d0gn1m0d0wq4bb36c0000gn/T/tmplajjcvsa/output/operator-stops.nedb
2026-07-13 21:18:58,072 [ERROR] [util.http_cache.client] [FETCH FAILED][CACHE FALLBACK] https://example.test/data.json: offline
2026-07-13 22:04:02,854 [ERROR] [util.http_cache.client] [FETCH FAILED][CACHE FALLBACK] https://example.test/data.json: offline
2026-07-13 22:13:28,437 [ERROR] [util.http_cache.client] [FETCH FAILED][CACHE FALLBACK] https://example.test/data.json: offline
2026-07-13 22:14:31,284 [ERROR] [util.http_cache.client] [FETCH FAILED][CACHE FALLBACK] https://example.test/data.json: offline
2026-07-13 22:14:31,483 [ERROR] [service.data_package.source_collection] [data package] equipment drop-from collection failed: KcWiki 来源存在 1 个无法自动确认的映射问题。
2026-07-13 22:14:31,656 [ERROR] [service.data_package.equipment_acquisition_raw_parse] [equipment acquisition offline] strict operator-stop gate rejected the dataset; stopReason=ship-reference-ambiguous; operatorStops=1; diagnostics=/var/folders/ml/2y6lms5d0gn1m0d0wq4bb36c0000gn/T/tmp096njem6/output/operator-stops.nedb
2026-07-13 22:14:54,211 [ERROR] [util.http_cache.client] [FETCH FAILED][CACHE FALLBACK] https://example.test/data.json: offline
2026-07-13 22:32:56,676 [ERROR] [util.http_cache.client] [FETCH FAILED][CACHE FALLBACK] https://example.test/data.json: offline
2026-07-13 22:33:16,679 [ERROR] [util.http_cache.client] [FETCH FAILED][CACHE FALLBACK] https://example.test/data.json: offline
2026-07-13 22:33:16,891 [ERROR] [service.data_package.source_collection] [data package] equipment drop-from collection failed: KcWiki 来源存在 1 个无法自动确认的映射问题。
2026-07-13 22:33:17,058 [ERROR] [service.data_package.equipment_acquisition_raw_parse] [equipment acquisition offline] strict operator-stop gate rejected the dataset; stopReason=ship-reference-ambiguous; operatorStops=1; diagnostics=/var/folders/ml/2y6lms5d0gn1m0d0wq4bb36c0000gn/T/tmpw7lwk15m/output/operator-stops.nedb
2026-07-13 22:33:38,356 [ERROR] [util.http_cache.client] [FETCH FAILED][CACHE FALLBACK] https://example.test/data.json: offline
2026-07-13 23:42:41,282 [ERROR] [util.http_cache.client] [FETCH FAILED][CACHE FALLBACK] https://example.test/data.json: offline
2026-07-13 23:43:29,180 [ERROR] [util.http_cache.client] [FETCH FAILED][CACHE FALLBACK] https://example.test/data.json: offline
2026-07-13 23:43:29,397 [ERROR] [service.data_package.source_collection] [data package] equipment drop-from collection failed: KcWiki 来源存在 1 个无法自动确认的映射问题。
2026-07-13 23:43:29,643 [ERROR] [service.data_package.equipment_acquisition_raw_parse] [equipment acquisition offline] strict operator-stop gate rejected the dataset; stopReason=ship-reference-ambiguous; operatorStops=1; diagnostics=/var/folders/ml/2y6lms5d0gn1m0d0wq4bb36c0000gn/T/tmptoaujv4j/output/operator-stops.nedb
2026-07-13 23:43:55,801 [ERROR] [util.http_cache.client] [FETCH FAILED][CACHE FALLBACK] https://example.test/data.json: offline
2026-07-14 01:29:30,513 [ERROR] [util.http_cache.client] [FETCH FAILED][CACHE FALLBACK] https://example.test/data.json: offline
2026-07-14 01:36:32,656 [ERROR] [util.http_cache.client] [FETCH FAILED][CACHE FALLBACK] https://example.test/data.json: offline
2026-07-15 12:45:47,815 [ERROR] [service.data_package.equipment_sources] [WIKIWIKI DEVELOPMENT FLAG UNRESOLVED] equipment=45:三式爆雷投射機; source=https://wikiwiki.jp/kancolle/%E4%B8%89%E5%BC%8F%E7%88%86%E9%9B%B7%E6%8A%95%E5%B0%84%E6%A9%9F; resolution=None
2026-07-15 12:45:47,815 [ERROR] [service.data_package.equipment_sources] [WIKIWIKI DEVELOPMENT FLAG UNRESOLVED] equipment=61:二式艦上偵察機; source=https://wikiwiki.jp/kancolle/%E4%BA%8C%E5%BC%8F%E8%89%A6%E4%B8%8A%E5%81%B5%E5%AF%9F%E6%A9%9F; resolution=None
2026-07-15 12:45:47,815 [ERROR] [service.data_package.equipment_sources] [WIKIWIKI DEVELOPMENT FLAG UNRESOLVED] equipment=65:15.2cm連装砲; source=https://wikiwiki.jp/kancolle/15.2cm%E9%80%A3%E8%A3%85%E7%A0%B2; resolution=None
2026-07-15 12:45:47,815 [ERROR] [service.data_package.equipment_sources] [WIKIWIKI DEVELOPMENT FLAG UNRESOLVED] equipment=97:九九式艦爆(熟練); source=https://wikiwiki.jp/kancolle/%E4%B9%9D%E4%B9%9D%E5%BC%8F%E8%89%A6%E7%88%86%28%E7%86%9F%E7%B7%B4%29; resolution=None
2026-07-15 12:45:47,815 [ERROR] [service.data_package.equipment_sources] [WIKIWIKI DEVELOPMENT FLAG UNRESOLVED] equipment=213:後期型艦首魚雷(6門); source=https://wikiwiki.jp/kancolle/%E5%BE%8C%E6%9C%9F%E5%9E%8B%E8%89%A6%E9%A6%96%E9%AD%9A%E9%9B%B7%286%E9%96%80%29; resolution=None
2026-07-15 12:45:47,816 [ERROR] [service.data_package.equipment_sources] [WIKIWIKI DEVELOPMENT FLAG UNRESOLVED] equipment=226:九五式爆雷; source=https://wikiwiki.jp/kancolle/%E4%B9%9D%E4%BA%94%E5%BC%8F%E7%88%86%E9%9B%B7; resolution=None
2026-07-15 12:45:47,816 [ERROR] [service.data_package.equipment_sources] [WIKIWIKI DEVELOPMENT FLAG UNRESOLVED] equipment=249:Fulmar; source=https://wikiwiki.jp/kancolle/Fulmar; resolution=None
2026-07-15 12:45:47,816 [ERROR] [service.data_package.equipment_sources] [WIKIWIKI DEVELOPMENT FLAG UNRESOLVED] equipment=440:21inch艦首魚雷発射管6門(初期型); source=https://wikiwiki.jp/kancolle/21inch%E8%89%A6%E9%A6%96%E9%AD%9A%E9%9B%B7%E7%99%BA%E5%B0%84%E7%AE%A16%E9%96%80%28%E5%88%9D%E6%9C%9F%E5%9E%8B%29; resolution=None
2026-07-15 12:45:47,816 [ERROR] [service.data_package.equipment_sources] [WIKIWIKI DEVELOPMENT FLAG UNRESOLVED] equipment=442:潜水艦後部魚雷発射管4門(初期型); source=https://wikiwiki.jp/kancolle/%E6%BD%9C%E6%B0%B4%E8%89%A6%E5%BE%8C%E9%83%A8%E9%AD%9A%E9%9B%B7%E7%99%BA%E5%B0%84%E7%AE%A14%E9%96%80%28%E5%88%9D%E6%9C%9F%E5%9E%8B%29; resolution=None
2026-07-15 12:45:47,816 [ERROR] [service.data_package.equipment_sources] [WIKIWIKI DEVELOPMENT FLAG UNRESOLVED] equipment=511:21inch艦首魚雷発射管4門(初期型); source=https://wikiwiki.jp/kancolle/21inch%E8%89%A6%E9%A6%96%E9%AD%9A%E9%9B%B7%E7%99%BA%E5%B0%84%E7%AE%A14%E9%96%80%28%E5%88%9D%E6%9C%9F%E5%9E%8B%29; resolution=None
2026-07-15 12:45:47,816 [ERROR] [service.data_package.equipment_sources] [EQUIPMENT DEVELOPMENT SOURCE ERROR] WikiWiki 开发标记存在 null、缺失、非布尔或重复记录。; details={'issueCount': 10, 'issues': [{'recordIndex': 45, 'equipmentId': 45, 'equipmentName': '三式爆雷投射機', 'sourceUrl': 'https://wikiwiki.jp/kancolle/%E4%B8%89%E5%BC%8F%E7%88%86%E9%9B%B7%E6%8A%95%E5%B0%84%E6%A9%9F', 'developmentAvailable': None, 'valueType': 'NoneType', 'developmentResolution': None}, {'recordIndex': 61, 'equipmentId': 61, 'equipmentName': '二式艦上偵察機', 'sourceUrl': 'https://wikiwiki.jp/kancolle/%E4%BA%8C%E5%BC%8F%E8%89%A6%E4%B8%8A%E5%81%B5%E5%AF%9F%E6%A9%9F', 'developmentAvailable': None, 'valueType': 'NoneType', 'developmentResolution': None}, {'recordIndex': 65, 'equipmentId': 65, 'equipmentName': '15.2cm連装砲', 'sourceUrl': 'https://wikiwiki.jp/kancolle/15.2cm%E9%80%A3%E8%A3%85%E7%A0%B2', 'developmentAvailable': None, 'valueType': 'NoneType', 'developmentResolution': None}, {'recordIndex': 97, 'equipmentId': 97, 'equipmentName': '九九式艦爆(熟練)', 'sourceUrl': 'https://wikiwiki.jp/kancolle/%E4%B9%9D%E4%B9%9D%E5%BC%8F%E8%89%A6%E7%88%86%28%E7%86%9F%E7%B7%B4%29', 'developmentAvailable': None, 'valueType': 'NoneType', 'developmentResolution': None}, {'recordIndex': 213, 'equipmentId': 213, 'equipmentName': '後期型艦首魚雷(6門)', 'sourceUrl': 'https://wikiwiki.jp/kancolle/%E5%BE%8C%E6%9C%9F%E5%9E%8B%E8%89%A6%E9%A6%96%E9%AD%9A%E9%9B%B7%286%E9%96%80%29', 'developmentAvailable': None, 'valueType': 'NoneType', 'developmentResolution': None}, {'recordIndex': 226, 'equipmentId': 226, 'equipmentName': '九五式爆雷', 'sourceUrl': 'https://wikiwiki.jp/kancolle/%E4%B9%9D%E4%BA%94%E5%BC%8F%E7%88%86%E9%9B%B7', 'developmentAvailable': None, 'valueType': 'NoneType', 'developmentResolution': None}, {'recordIndex': 249, 'equipmentId': 249, 'equipmentName': 'Fulmar', 'sourceUrl': 'https://wikiwiki.jp/kancolle/Fulmar', 'developmentAvailable': None, 'valueType': 'NoneType', 'developmentResolution': None}, {'recordIndex': 438, 'equipmentId': 440, 'equipmentName': '21inch艦首魚雷発射管6門(初期型)', 'sourceUrl': 'https://wikiwiki.jp/kancolle/21inch%E8%89%A6%E9%A6%96%E9%AD%9A%E9%9B%B7%E7%99%BA%E5%B0%84%E7%AE%A16%E9%96%80%28%E5%88%9D%E6%9C%9F%E5%9E%8B%29', 'developmentAvailable': None, 'valueType': 'NoneType', 'developmentResolution': None}, {'recordIndex': 440, 'equipmentId': 442, 'equipmentName': '潜水艦後部魚雷発射管4門(初期型)', 'sourceUrl': 'https://wikiwiki.jp/kancolle/%E6%BD%9C%E6%B0%B4%E8%89%A6%E5%BE%8C%E9%83%A8%E9%AD%9A%E9%9B%B7%E7%99%BA%E5%B0%84%E7%AE%A14%E9%96%80%28%E5%88%9D%E6%9C%9F%E5%9E%8B%29', 'developmentAvailable': None, 'valueType': 'NoneType', 'developmentResolution': None}, {'recordIndex': 507, 'equipmentId': 511, 'equipmentName': '21inch艦首魚雷発射管4門(初期型)', 'sourceUrl': 'https://wikiwiki.jp/kancolle/21inch%E8%89%A6%E9%A6%96%E9%AD%9A%E9%9B%B7%E7%99%BA%E5%B0%84%E7%AE%A14%E9%96%80%28%E5%88%9D%E6%9C%9F%E5%9E%8B%29', 'developmentAvailable': None, 'valueType': 'NoneType', 'developmentResolution': None}]}
2026-07-15 13:27:59,957 [ERROR] [service.data_package.equipment_sources] [WIKIWIKI DEVELOPMENT FLAG UNRESOLVED] equipment=45:三式爆雷投射機; source=https://wikiwiki.jp/kancolle/%E4%B8%89%E5%BC%8F%E7%88%86%E9%9B%B7%E6%8A%95%E5%B0%84%E6%A9%9F; resolution=None
2026-07-15 13:27:59,957 [ERROR] [service.data_package.equipment_sources] [WIKIWIKI DEVELOPMENT FLAG UNRESOLVED] equipment=61:二式艦上偵察機; source=https://wikiwiki.jp/kancolle/%E4%BA%8C%E5%BC%8F%E8%89%A6%E4%B8%8A%E5%81%B5%E5%AF%9F%E6%A9%9F; resolution=None
2026-07-15 13:27:59,957 [ERROR] [service.data_package.equipment_sources] [WIKIWIKI DEVELOPMENT FLAG UNRESOLVED] equipment=65:15.2cm連装砲; source=https://wikiwiki.jp/kancolle/15.2cm%E9%80%A3%E8%A3%85%E7%A0%B2; resolution=None
2026-07-15 13:27:59,957 [ERROR] [service.data_package.equipment_sources] [WIKIWIKI DEVELOPMENT FLAG UNRESOLVED] equipment=97:九九式艦爆(熟練); source=https://wikiwiki.jp/kancolle/%E4%B9%9D%E4%B9%9D%E5%BC%8F%E8%89%A6%E7%88%86%28%E7%86%9F%E7%B7%B4%29; resolution=None
2026-07-15 13:27:59,957 [ERROR] [service.data_package.equipment_sources] [WIKIWIKI DEVELOPMENT FLAG UNRESOLVED] equipment=213:後期型艦首魚雷(6門); source=https://wikiwiki.jp/kancolle/%E5%BE%8C%E6%9C%9F%E5%9E%8B%E8%89%A6%E9%A6%96%E9%AD%9A%E9%9B%B7%286%E9%96%80%29; resolution=None
2026-07-15 13:27:59,958 [ERROR] [service.data_package.equipment_sources] [WIKIWIKI DEVELOPMENT FLAG UNRESOLVED] equipment=226:九五式爆雷; source=https://wikiwiki.jp/kancolle/%E4%B9%9D%E4%BA%94%E5%BC%8F%E7%88%86%E9%9B%B7; resolution=None
2026-07-15 13:27:59,958 [ERROR] [service.data_package.equipment_sources] [WIKIWIKI DEVELOPMENT FLAG UNRESOLVED] equipment=249:Fulmar; source=https://wikiwiki.jp/kancolle/Fulmar; resolution=None
2026-07-15 13:27:59,958 [ERROR] [service.data_package.equipment_sources] [WIKIWIKI DEVELOPMENT FLAG UNRESOLVED] equipment=440:21inch艦首魚雷発射管6門(初期型); source=https://wikiwiki.jp/kancolle/21inch%E8%89%A6%E9%A6%96%E9%AD%9A%E9%9B%B7%E7%99%BA%E5%B0%84%E7%AE%A16%E9%96%80%28%E5%88%9D%E6%9C%9F%E5%9E%8B%29; resolution=None
2026-07-15 13:27:59,958 [ERROR] [service.data_package.equipment_sources] [WIKIWIKI DEVELOPMENT FLAG UNRESOLVED] equipment=442:潜水艦後部魚雷発射管4門(初期型); source=https://wikiwiki.jp/kancolle/%E6%BD%9C%E6%B0%B4%E8%89%A6%E5%BE%8C%E9%83%A8%E9%AD%9A%E9%9B%B7%E7%99%BA%E5%B0%84%E7%AE%A14%E9%96%80%28%E5%88%9D%E6%9C%9F%E5%9E%8B%29; resolution=None
2026-07-15 13:27:59,958 [ERROR] [service.data_package.equipment_sources] [WIKIWIKI DEVELOPMENT FLAG UNRESOLVED] equipment=511:21inch艦首魚雷発射管4門(初期型); source=https://wikiwiki.jp/kancolle/21inch%E8%89%A6%E9%A6%96%E9%AD%9A%E9%9B%B7%E7%99%BA%E5%B0%84%E7%AE%A14%E9%96%80%28%E5%88%9D%E6%9C%9F%E5%9E%8B%29; resolution=None
2026-07-15 13:27:59,958 [ERROR] [service.data_package.equipment_sources] [EQUIPMENT DEVELOPMENT SOURCE ERROR] WikiWiki 开发标记存在 null、缺失、非布尔或重复记录。; details={'issueCount': 10, 'issues': [{'recordIndex': 45, 'equipmentId': 45, 'equipmentName': '三式爆雷投射機', 'sourceUrl': 'https://wikiwiki.jp/kancolle/%E4%B8%89%E5%BC%8F%E7%88%86%E9%9B%B7%E6%8A%95%E5%B0%84%E6%A9%9F', 'developmentAvailable': None, 'valueType': 'NoneType', 'developmentResolution': None}, {'recordIndex': 61, 'equipmentId': 61, 'equipmentName': '二式艦上偵察機', 'sourceUrl': 'https://wikiwiki.jp/kancolle/%E4%BA%8C%E5%BC%8F%E8%89%A6%E4%B8%8A%E5%81%B5%E5%AF%9F%E6%A9%9F', 'developmentAvailable': None, 'valueType': 'NoneType', 'developmentResolution': None}, {'recordIndex': 65, 'equipmentId': 65, 'equipmentName': '15.2cm連装砲', 'sourceUrl': 'https://wikiwiki.jp/kancolle/15.2cm%E9%80%A3%E8%A3%85%E7%A0%B2', 'developmentAvailable': None, 'valueType': 'NoneType', 'developmentResolution': None}, {'recordIndex': 97, 'equipmentId': 97, 'equipmentName': '九九式艦爆(熟練)', 'sourceUrl': 'https://wikiwiki.jp/kancolle/%E4%B9%9D%E4%B9%9D%E5%BC%8F%E8%89%A6%E7%88%86%28%E7%86%9F%E7%B7%B4%29', 'developmentAvailable': None, 'valueType': 'NoneType', 'developmentResolution': None}, {'recordIndex': 213, 'equipmentId': 213, 'equipmentName': '後期型艦首魚雷(6門)', 'sourceUrl': 'https://wikiwiki.jp/kancolle/%E5%BE%8C%E6%9C%9F%E5%9E%8B%E8%89%A6%E9%A6%96%E9%AD%9A%E9%9B%B7%286%E9%96%80%29', 'developmentAvailable': None, 'valueType': 'NoneType', 'developmentResolution': None}, {'recordIndex': 226, 'equipmentId': 226, 'equipmentName': '九五式爆雷', 'sourceUrl': 'https://wikiwiki.jp/kancolle/%E4%B9%9D%E4%BA%94%E5%BC%8F%E7%88%86%E9%9B%B7', 'developmentAvailable': None, 'valueType': 'NoneType', 'developmentResolution': None}, {'recordIndex': 249, 'equipmentId': 249, 'equipmentName': 'Fulmar', 'sourceUrl': 'https://wikiwiki.jp/kancolle/Fulmar', 'developmentAvailable': None, 'valueType': 'NoneType', 'developmentResolution': None}, {'recordIndex': 438, 'equipmentId': 440, 'equipmentName': '21inch艦首魚雷発射管6門(初期型)', 'sourceUrl': 'https://wikiwiki.jp/kancolle/21inch%E8%89%A6%E9%A6%96%E9%AD%9A%E9%9B%B7%E7%99%BA%E5%B0%84%E7%AE%A16%E9%96%80%28%E5%88%9D%E6%9C%9F%E5%9E%8B%29', 'developmentAvailable': None, 'valueType': 'NoneType', 'developmentResolution': None}, {'recordIndex': 440, 'equipmentId': 442, 'equipmentName': '潜水艦後部魚雷発射管4門(初期型)', 'sourceUrl': 'https://wikiwiki.jp/kancolle/%E6%BD%9C%E6%B0%B4%E8%89%A6%E5%BE%8C%E9%83%A8%E9%AD%9A%E9%9B%B7%E7%99%BA%E5%B0%84%E7%AE%A14%E9%96%80%28%E5%88%9D%E6%9C%9F%E5%9E%8B%29', 'developmentAvailable': None, 'valueType': 'NoneType', 'developmentResolution': None}, {'recordIndex': 507, 'equipmentId': 511, 'equipmentName': '21inch艦首魚雷発射管4門(初期型)', 'sourceUrl': 'https://wikiwiki.jp/kancolle/21inch%E8%89%A6%E9%A6%96%E9%AD%9A%E9%9B%B7%E7%99%BA%E5%B0%84%E7%AE%A14%E9%96%80%28%E5%88%9D%E6%9C%9F%E5%9E%8B%29', 'developmentAvailable': None, 'valueType': 'NoneType', 'developmentResolution': None}]}
2026-07-15 13:55:30,881 [ERROR] [util.http_cache.client] [FETCH FAILED][CACHE FALLBACK] https://example.test/data.json: offline
2026-07-15 13:55:31,070 [ERROR] [service.data_package.source_collection] [KCWIKI DEVELOPMENT FLAG INVALID] issues=574 first={'source': 'kcwiki-equipment-development', 'kind': 'kcwiki-development-name-missing', 'message': 'KCWiki has no uniquely named equipment entry for this Start2 item', 'equipmentId': 1, 'equipmentName': '12cm単装砲', 'evidence': {'normalizedName': '12cm単装砲'}}
2026-07-15 13:55:31,075 [ERROR] [service.data_package.source_collection] [data package] equipment drop-from collection failed: KcWiki 来源存在 1 个无法自动确认的映射问题。
2026-07-15 13:55:31,240 [ERROR] [service.data_package.equipment_acquisition_raw_parse] [equipment acquisition offline] strict operator-stop gate rejected the dataset; stopReason=ship-reference-ambiguous; operatorStops=1; diagnostics=/var/folders/ml/2y6lms5d0gn1m0d0wq4bb36c0000gn/T/tmpackszpxc/output/operator-stops.nedb
2026-07-15 13:55:31,290 [ERROR] [service.data_package.equipment_acquisition_snapshot] [WIKIWIKI DEVELOPMENT FLAG UNRESOLVED IN SNAPSHOT] equipment=3:10cm連装高角砲; value=None; resolution={'method': 'test'}
2026-07-15 13:55:31,292 [ERROR] [service.data_package.equipment_sources] [EQUIPMENT DEVELOPMENT SOURCE ERROR] KCWiki 与 WikiWiki 的装备开发标记交叉验证不一致。; details={'conflictCount': 1, 'conflicts': [{'equipmentId': 1, 'equipmentName': '装備A', 'kcwiki': {'developmentAvailable': False, 'evidence': {}}, 'wikiwiki': {'developmentAvailable': True, 'sourceUrl': None, 'resolution': {}}, 'status': 'conflict'}]}
2026-07-15 13:55:31,293 [ERROR] [service.data_package.equipment_sources] [WIKIWIKI DEVELOPMENT FLAG UNRESOLVED] equipment=1:装備A; source=None; resolution={'status': 'unresolved', 'reason': 'equipment-infobox-missing'}
2026-07-15 13:55:31,293 [ERROR] [service.data_package.equipment_sources] [EQUIPMENT DEVELOPMENT SOURCE ERROR] WikiWiki 开发标记存在 null、缺失、非布尔或重复记录。; details={'issueCount': 1, 'issues': [{'recordIndex': 1, 'equipmentId': 1, 'equipmentName': '装備A', 'sourceUrl': None, 'developmentAvailable': None, 'valueType': 'NoneType', 'developmentResolution': {'status': 'unresolved', 'reason': 'equipment-infobox-missing'}}]}
2026-07-15 14:29:55,058 [ERROR] [util.http_cache.client] [FETCH FAILED][CACHE FALLBACK] https://example.test/data.json: offline
2026-07-15 14:29:55,615 [ERROR] [service.data_package.source_collection] [KCWIKI DEVELOPMENT FLAG INVALID] issues=574 first={'source': 'kcwiki-equipment-development', 'kind': 'kcwiki-development-name-missing', 'message': 'KCWiki has no uniquely named equipment entry for this Start2 item', 'equipmentId': 1, 'equipmentName': '12cm単装砲', 'evidence': {'normalizedName': '12cm単装砲'}}
2026-07-15 14:29:55,620 [ERROR] [service.data_package.source_collection] [data package] equipment drop-from collection failed: KcWiki 来源存在 1 个无法自动确认的映射问题。
2026-07-15 14:29:55,838 [ERROR] [service.data_package.equipment_acquisition_raw_parse] [equipment acquisition offline] strict operator-stop gate rejected the dataset; stopReason=ship-reference-ambiguous; operatorStops=1; diagnostics=/var/folders/ml/2y6lms5d0gn1m0d0wq4bb36c0000gn/T/tmpl67q5isv/output/operator-stops.nedb
2026-07-15 14:29:55,921 [ERROR] [service.data_package.equipment_acquisition_snapshot] [WIKIWIKI DEVELOPMENT FLAG UNRESOLVED IN SNAPSHOT] equipment=3:10cm連装高角砲; value=None; resolution={'method': 'test'}
2026-07-15 14:29:55,929 [ERROR] [service.data_package.equipment_sources] [EQUIPMENT DEVELOPMENT SOURCE ERROR] KCWiki 与 WikiWiki 的装备开发标记交叉验证不一致。; details={'conflictCount': 1, 'conflicts': [{'equipmentId': 1, 'equipmentName': '装備A', 'kcwiki': {'developmentAvailable': False, 'evidence': {}}, 'wikiwiki': {'developmentAvailable': True, 'sourceUrl': None, 'resolution': {}}, 'status': 'conflict'}]}
2026-07-15 14:29:55,933 [ERROR] [service.data_package.equipment_sources] [WIKIWIKI DEVELOPMENT FLAG UNRESOLVED] equipment=1:装備A; source=None; resolution={'status': 'unresolved', 'reason': 'equipment-infobox-missing'}
2026-07-15 14:29:55,933 [ERROR] [service.data_package.equipment_sources] [EQUIPMENT DEVELOPMENT SOURCE ERROR] WikiWiki 开发标记存在 null、缺失、非布尔或重复记录。; details={'issueCount': 1, 'issues': [{'recordIndex': 1, 'equipmentId': 1, 'equipmentName': '装備A', 'sourceUrl': None, 'developmentAvailable': None, 'valueType': 'NoneType', 'developmentResolution': {'status': 'unresolved', 'reason': 'equipment-infobox-missing'}}]}
2026-07-15 14:30:17,266 [ERROR] [util.http_cache.client] [FETCH FAILED][CACHE FALLBACK] https://example.test/data.json: offline
2026-07-15 14:47:31,417 [ERROR] [util.http_cache.client] [FETCH FAILED][CACHE FALLBACK] https://example.test/data.json: offline
2026-07-15 14:47:31,824 [ERROR] [service.data_package.source_collection] [KCWIKI DEVELOPMENT FLAG INVALID] issues=574 first={'source': 'kcwiki-equipment-development', 'kind': 'kcwiki-development-name-missing', 'message': 'KCWiki has no uniquely named equipment entry for this Start2 item', 'equipmentId': 1, 'equipmentName': '12cm単装砲', 'evidence': {'normalizedName': '12cm単装砲'}}
2026-07-15 14:47:31,829 [ERROR] [service.data_package.source_collection] [data package] equipment drop-from collection failed: KcWiki 来源存在 1 个无法自动确认的映射问题。
2026-07-15 14:47:31,987 [ERROR] [service.data_package.equipment_acquisition_raw_parse] [equipment acquisition offline] strict operator-stop gate rejected the dataset; stopReason=ship-reference-ambiguous; operatorStops=1; diagnostics=/var/folders/ml/2y6lms5d0gn1m0d0wq4bb36c0000gn/T/tmprs9ghlfw/output/operator-stops.nedb
2026-07-15 14:47:32,035 [ERROR] [service.data_package.equipment_acquisition_snapshot] [WIKIWIKI DEVELOPMENT FLAG UNRESOLVED IN SNAPSHOT] equipment=3:10cm連装高角砲; value=None; resolution={'method': 'test'}
2026-07-15 14:47:32,037 [ERROR] [service.data_package.equipment_sources] [EQUIPMENT DEVELOPMENT SOURCE ERROR] KCWiki 与 WikiWiki 的装备开发标记交叉验证不一致。; details={'conflictCount': 1, 'conflicts': [{'equipmentId': 1, 'equipmentName': '装備A', 'kcwiki': {'developmentAvailable': False, 'evidence': {}}, 'wikiwiki': {'developmentAvailable': True, 'sourceUrl': None, 'resolution': {}}, 'status': 'conflict'}]}
2026-07-15 14:47:32,039 [ERROR] [service.data_package.equipment_sources] [WIKIWIKI DEVELOPMENT FLAG UNRESOLVED] equipment=1:装備A; source=None; resolution={'status': 'unresolved', 'reason': 'equipment-infobox-missing'}
2026-07-15 14:47:32,039 [ERROR] [service.data_package.equipment_sources] [EQUIPMENT DEVELOPMENT SOURCE ERROR] WikiWiki 开发标记存在 null、缺失、非布尔或重复记录。; details={'issueCount': 1, 'issues': [{'recordIndex': 1, 'equipmentId': 1, 'equipmentName': '装備A', 'sourceUrl': None, 'developmentAvailable': None, 'valueType': 'NoneType', 'developmentResolution': {'status': 'unresolved', 'reason': 'equipment-infobox-missing'}}]}
2026-07-15 14:47:57,080 [ERROR] [util.http_cache.client] [FETCH FAILED][CACHE FALLBACK] https://example.test/data.json: offline
2026-07-15 17:01:50,219 [ERROR] [util.http_cache.client] [FETCH FAILED][CACHE FALLBACK] https://example.test/data.json: offline
2026-07-15 17:01:50,756 [ERROR] [service.data_package.source_collection] [KCWIKI DEVELOPMENT FLAG INVALID] issues=574 first={'source': 'kcwiki-equipment-development', 'kind': 'kcwiki-development-name-missing', 'message': 'KCWiki has no uniquely named equipment entry for this Start2 item', 'equipmentId': 1, 'equipmentName': '12cm単装砲', 'evidence': {'normalizedName': '12cm単装砲'}}
2026-07-15 17:01:50,761 [ERROR] [service.data_package.source_collection] [data package] equipment drop-from collection failed: KcWiki 来源存在 1 个无法自动确认的映射问题。
2026-07-15 17:01:50,960 [ERROR] [service.data_package.equipment_acquisition_raw_parse] [equipment acquisition offline] strict operator-stop gate rejected the dataset; stopReason=ship-reference-ambiguous; operatorStops=1; diagnostics=/var/folders/ml/2y6lms5d0gn1m0d0wq4bb36c0000gn/T/tmpcin0lw6h/output/operator-stops.nedb
2026-07-15 17:01:51,013 [ERROR] [service.data_package.equipment_acquisition_snapshot] [WIKIWIKI DEVELOPMENT FLAG UNRESOLVED IN SNAPSHOT] equipment=3:10cm連装高角砲; value=None; resolution={'method': 'test'}
2026-07-15 17:01:51,015 [ERROR] [service.data_package.equipment_sources] [EQUIPMENT DEVELOPMENT SOURCE ERROR] KCWiki 与 WikiWiki 的装备开发标记交叉验证不一致。; details={'conflictCount': 1, 'conflicts': [{'equipmentId': 1, 'equipmentName': '装備A', 'kcwiki': {'developmentAvailable': False, 'evidence': {}}, 'wikiwiki': {'developmentAvailable': True, 'sourceUrl': None, 'resolution': {}}, 'status': 'conflict'}]}
2026-07-15 17:01:51,018 [ERROR] [service.data_package.equipment_sources] [WIKIWIKI DEVELOPMENT FLAG UNRESOLVED] equipment=1:装備A; source=None; resolution={'status': 'unresolved', 'reason': 'equipment-infobox-missing'}
2026-07-15 17:01:51,018 [ERROR] [service.data_package.equipment_sources] [EQUIPMENT DEVELOPMENT SOURCE ERROR] WikiWiki 开发标记存在 null、缺失、非布尔或重复记录。; details={'issueCount': 1, 'issues': [{'recordIndex': 1, 'equipmentId': 1, 'equipmentName': '装備A', 'sourceUrl': None, 'developmentAvailable': None, 'valueType': 'NoneType', 'developmentResolution': {'status': 'unresolved', 'reason': 'equipment-infobox-missing'}}]}
2026-07-15 17:02:11,382 [ERROR] [util.http_cache.client] [FETCH FAILED][CACHE FALLBACK] https://example.test/data.json: offline
2026-07-15 18:21:47,270 [ERROR] [util.http_cache.client] [FETCH FAILED][CACHE FALLBACK] https://example.test/data.json: offline
2026-07-15 18:21:47,836 [ERROR] [service.data_package.source_collection] [KCWIKI DEVELOPMENT FLAG INVALID] issues=574 first={'source': 'kcwiki-equipment-development', 'kind': 'kcwiki-development-name-missing', 'message': 'KCWiki has no uniquely named equipment entry for this Start2 item', 'equipmentId': 1, 'equipmentName': '12cm単装砲', 'evidence': {'normalizedName': '12cm単装砲'}}
2026-07-15 18:21:47,842 [ERROR] [service.data_package.source_collection] [data package] equipment drop-from collection failed: KcWiki 来源存在 1 个无法自动确认的映射问题。
2026-07-15 18:21:48,067 [ERROR] [service.data_package.equipment_acquisition_raw_parse] [equipment acquisition offline] strict operator-stop gate rejected the dataset; stopReason=ship-reference-ambiguous; operatorStops=1; diagnostics=/var/folders/ml/2y6lms5d0gn1m0d0wq4bb36c0000gn/T/tmpito7ns6d/output/operator-stops.nedb
2026-07-15 18:21:48,117 [ERROR] [service.data_package.equipment_acquisition_snapshot] [WIKIWIKI DEVELOPMENT FLAG UNRESOLVED IN SNAPSHOT] equipment=3:10cm連装高角砲; value=None; resolution={'method': 'test'}
2026-07-15 18:21:48,119 [ERROR] [service.data_package.equipment_sources] [EQUIPMENT DEVELOPMENT SOURCE ERROR] KCWiki 与 WikiWiki 的装备开发标记交叉验证不一致。; details={'conflictCount': 1, 'conflicts': [{'equipmentId': 1, 'equipmentName': '装備A', 'kcwiki': {'developmentAvailable': False, 'evidence': {}}, 'wikiwiki': {'developmentAvailable': True, 'sourceUrl': None, 'resolution': {}}, 'status': 'conflict'}]}
2026-07-15 18:21:48,122 [ERROR] [service.data_package.equipment_sources] [WIKIWIKI DEVELOPMENT FLAG UNRESOLVED] equipment=1:装備A; source=None; resolution={'status': 'unresolved', 'reason': 'equipment-infobox-missing'}
2026-07-15 18:21:48,122 [ERROR] [service.data_package.equipment_sources] [EQUIPMENT DEVELOPMENT SOURCE ERROR] WikiWiki 开发标记存在 null、缺失、非布尔或重复记录。; details={'issueCount': 1, 'issues': [{'recordIndex': 1, 'equipmentId': 1, 'equipmentName': '装備A', 'sourceUrl': None, 'developmentAvailable': None, 'valueType': 'NoneType', 'developmentResolution': {'status': 'unresolved', 'reason': 'equipment-infobox-missing'}}]}
2026-07-15 18:22:09,866 [ERROR] [util.http_cache.client] [FETCH FAILED][CACHE FALLBACK] https://example.test/data.json: offline
2026-07-15 20:08:39,342 [ERROR] [util.http_cache.client] [FETCH FAILED][CACHE FALLBACK] https://example.test/data.json: offline
2026-07-15 20:08:41,074 [ERROR] [util.http_cache.client] [FETCH FAILED][CACHE FALLBACK] https://example.test/data.json: offline
2026-07-15 20:08:41,503 [ERROR] [service.data_package.source_collection] [KCWIKI DEVELOPMENT FLAG INVALID] issues=574 first={'source': 'kcwiki-equipment-development', 'kind': 'kcwiki-development-name-missing', 'message': 'KCWiki has no uniquely named equipment entry for this Start2 item', 'equipmentId': 1, 'equipmentName': '12cm単装砲', 'evidence': {'normalizedName': '12cm単装砲'}}
2026-07-15 20:08:41,508 [ERROR] [service.data_package.source_collection] [data package] equipment drop-from collection failed: KcWiki 来源存在 1 个无法自动确认的映射问题。
2026-07-15 20:08:41,681 [ERROR] [service.data_package.equipment_acquisition_raw_parse] [equipment acquisition offline] strict operator-stop gate rejected the dataset; stopReason=ship-reference-ambiguous; operatorStops=1; diagnostics=/var/folders/ml/2y6lms5d0gn1m0d0wq4bb36c0000gn/T/tmpgle8_ays/output/operator-stops.nedb
2026-07-15 20:08:41,742 [ERROR] [service.data_package.equipment_acquisition_snapshot] [WIKIWIKI DEVELOPMENT FLAG UNRESOLVED IN SNAPSHOT] equipment=3:10cm連装高角砲; value=None; resolution={'method': 'test'}
2026-07-15 20:08:41,745 [ERROR] [service.data_package.equipment_sources] [EQUIPMENT DEVELOPMENT SOURCE ERROR] KCWiki 与 WikiWiki 的装备开发标记交叉验证不一致。; details={'conflictCount': 1, 'conflicts': [{'equipmentId': 1, 'equipmentName': '装備A', 'kcwiki': {'developmentAvailable': False, 'evidence': {}}, 'wikiwiki': {'developmentAvailable': True, 'sourceUrl': None, 'resolution': {}}, 'status': 'conflict'}]}
2026-07-15 20:08:41,747 [ERROR] [service.data_package.equipment_sources] [WIKIWIKI DEVELOPMENT FLAG UNRESOLVED] equipment=1:装備A; source=None; resolution={'status': 'unresolved', 'reason': 'equipment-infobox-missing'}
2026-07-15 20:08:41,747 [ERROR] [service.data_package.equipment_sources] [EQUIPMENT DEVELOPMENT SOURCE ERROR] WikiWiki 开发标记存在 null、缺失、非布尔或重复记录。; details={'issueCount': 1, 'issues': [{'recordIndex': 1, 'equipmentId': 1, 'equipmentName': '装備A', 'sourceUrl': None, 'developmentAvailable': None, 'valueType': 'NoneType', 'developmentResolution': {'status': 'unresolved', 'reason': 'equipment-infobox-missing'}}]}
2026-07-15 20:09:03,440 [ERROR] [util.http_cache.client] [FETCH FAILED][CACHE FALLBACK] https://example.test/data.json: offline
